(steps,state)
0:(0,16)
1:(1,15)
2:(1,17)
3:(1,37)
4:(1,55)
5:(2,0)
6:(2,1)
7:(2,12)
8:(2,15)
9:(2,17)
10:(2,18)
11:(2,26)
12:(2,28)
13:(2,33)
14:(2,34)
15:(2,37)
16:(2,39)
17:(2,46)
18:(2,54)
19:(2,55)
20:(3,0)
21:(3,1)
22:(3,2)
23:(3,3)
24:(3,4)
25:(3,7)
26:(3,12)
27:(3,14)
28:(3,15)
29:(3,17)
30:(3,18)
31:(3,21)
32:(3,23)
33:(3,24)
34:(3,25)
35:(3,26)
36:(3,28)
37:(3,29)
38:(3,30)
39:(3,32)
40:(3,33)
41:(3,34)
42:(3,37)
43:(3,39)
44:(3,44)
45:(3,46)
46:(3,49)
47:(3,50)
48:(3,51)
49:(3,54)
50:(3,55)
51:(3,57)
52:(3,58)
53:(4,0)
54:(4,1)
55:(4,2)
56:(4,3)
57:(4,4)
58:(4,5)
59:(4,6)
60:(4,7)
61:(4,8)
62:(4,9)
63:(4,11)
64:(4,12)
65:(4,13)
66:(4,14)
67:(4,15)
68:(4,17)
69:(4,18)
70:(4,20)
71:(4,21)
72:(4,22)
73:(4,23)
74:(4,24)
75:(4,25)
76:(4,26)
77:(4,27)
78:(4,28)
79:(4,29)
80:(4,30)
81:(4,32)
82:(4,33)
83:(4,34)
84:(4,35)
85:(4,36)
86:(4,37)
87:(4,38)
88:(4,39)
89:(4,41)
90:(4,42)
91:(4,44)
92:(4,45)
93:(4,46)
94:(4,47)
95:(4,48)
96:(4,49)
97:(4,50)
98:(4,51)
99:(4,52)
100:(4,53)
101:(4,54)
102:(4,55)
103:(4,57)
104:(4,58)
105:(5,0)
106:(5,1)
107:(5,2)
108:(5,3)
109:(5,4)
110:(5,5)
111:(5,6)
112:(5,7)
113:(5,8)
114:(5,9)
115:(5,10)
116:(5,11)
117:(5,12)
118:(5,13)
119:(5,14)
120:(5,15)
121:(5,17)
122:(5,18)
123:(5,19)
124:(5,20)
125:(5,21)
126:(5,22)
127:(5,23)
128:(5,24)
129:(5,25)
130:(5,26)
131:(5,27)
132:(5,28)
133:(5,29)
134:(5,30)
135:(5,31)
136:(5,32)
137:(5,33)
138:(5,34)
139:(5,35)
140:(5,36)
141:(5,37)
142:(5,38)
143:(5,39)
144:(5,40)
145:(5,41)
146:(5,42)
147:(5,43)
148:(5,44)
149:(5,45)
150:(5,46)
151:(5,47)
152:(5,48)
153:(5,49)
154:(5,50)
155:(5,51)
156:(5,52)
157:(5,53)
158:(5,54)
159:(5,55)
160:(5,56)
161:(5,57)
162:(5,58)
163:(5,59)
164:(5,60)
165:(5,61)
166:(6,0)
167:(6,1)
168:(6,2)
169:(6,3)
170:(6,4)
171:(6,5)
172:(6,6)
173:(6,7)
174:(6,8)
175:(6,9)
176:(6,10)
177:(6,11)
178:(6,12)
179:(6,13)
180:(6,14)
181:(6,15)
182:(6,17)
183:(6,18)
184:(6,19)
185:(6,20)
186:(6,21)
187:(6,22)
188:(6,23)
189:(6,24)
190:(6,25)
191:(6,26)
192:(6,27)
193:(6,28)
194:(6,29)
195:(6,30)
196:(6,31)
197:(6,32)
198:(6,33)
199:(6,34)
200:(6,35)
201:(6,36)
202:(6,37)
203:(6,38)
204:(6,39)
205:(6,40)
206:(6,41)
207:(6,42)
208:(6,43)
209:(6,44)
210:(6,45)
211:(6,46)
212:(6,47)
213:(6,48)
214:(6,49)
215:(6,50)
216:(6,51)
217:(6,52)
218:(6,53)
219:(6,54)
220:(6,55)
221:(6,56)
222:(6,57)
223:(6,58)
224:(6,59)
225:(6,60)
226:(6,61)
227:(7,0)
228:(7,1)
229:(7,2)
230:(7,3)
231:(7,4)
232:(7,5)
233:(7,6)
234:(7,7)
235:(7,8)
236:(7,9)
237:(7,10)
238:(7,11)
239:(7,12)
240:(7,13)
241:(7,14)
242:(7,15)
243:(7,17)
244:(7,18)
245:(7,19)
246:(7,20)
247:(7,21)
248:(7,22)
249:(7,23)
250:(7,24)
251:(7,25)
252:(7,26)
253:(7,27)
254:(7,28)
255:(7,29)
256:(7,30)
257:(7,31)
258:(7,32)
259:(7,33)
260:(7,34)
261:(7,35)
262:(7,36)
263:(7,37)
264:(7,38)
265:(7,39)
266:(7,40)
267:(7,41)
268:(7,42)
269:(7,43)
270:(7,44)
271:(7,45)
272:(7,46)
273:(7,47)
274:(7,48)
275:(7,49)
276:(7,50)
277:(7,51)
278:(7,52)
279:(7,53)
280:(7,54)
281:(7,55)
282:(7,56)
283:(7,57)
284:(7,58)
285:(7,59)
286:(7,60)
287:(7,61)
288:(8,0)
289:(8,1)
290:(8,2)
291:(8,3)
292:(8,4)
293:(8,5)
294:(8,6)
295:(8,7)
296:(8,8)
297:(8,9)
298:(8,10)
299:(8,11)
300:(8,12)
301:(8,13)
302:(8,14)
303:(8,15)
304:(8,17)
305:(8,18)
306:(8,19)
307:(8,20)
308:(8,21)
309:(8,22)
310:(8,23)
311:(8,24)
312:(8,25)
313:(8,26)
314:(8,27)
315:(8,28)
316:(8,29)
317:(8,30)
318:(8,31)
319:(8,32)
320:(8,33)
321:(8,34)
322:(8,35)
323:(8,36)
324:(8,37)
325:(8,38)
326:(8,39)
327:(8,40)
328:(8,41)
329:(8,42)
330:(8,43)
331:(8,44)
332:(8,45)
333:(8,46)
334:(8,47)
335:(8,48)
336:(8,49)
337:(8,50)
338:(8,51)
339:(8,52)
340:(8,53)
341:(8,54)
342:(8,55)
343:(8,56)
344:(8,57)
345:(8,58)
346:(8,59)
347:(8,60)
348:(8,61)
349:(9,0)
350:(9,1)
351:(9,2)
352:(9,3)
353:(9,4)
354:(9,5)
355:(9,6)
356:(9,7)
357:(9,8)
358:(9,9)
359:(9,10)
360:(9,11)
361:(9,12)
362:(9,13)
363:(9,14)
364:(9,15)
365:(9,17)
366:(9,18)
367:(9,19)
368:(9,20)
369:(9,21)
370:(9,22)
371:(9,23)
372:(9,24)
373:(9,25)
374:(9,26)
375:(9,27)
376:(9,28)
377:(9,29)
378:(9,30)
379:(9,31)
380:(9,32)
381:(9,33)
382:(9,34)
383:(9,35)
384:(9,36)
385:(9,37)
386:(9,38)
387:(9,39)
388:(9,40)
389:(9,41)
390:(9,42)
391:(9,43)
392:(9,44)
393:(9,45)
394:(9,46)
395:(9,47)
396:(9,48)
397:(9,49)
398:(9,50)
399:(9,51)
400:(9,52)
401:(9,53)
402:(9,54)
403:(9,55)
404:(9,56)
405:(9,57)
406:(9,58)
407:(9,59)
408:(9,60)
409:(9,61)
410:(10,0)
411:(10,1)
412:(10,2)
413:(10,3)
414:(10,4)
415:(10,5)
416:(10,6)
417:(10,7)
418:(10,8)
419:(10,9)
420:(10,10)
421:(10,11)
422:(10,12)
423:(10,13)
424:(10,14)
425:(10,15)
426:(10,17)
427:(10,18)
428:(10,19)
429:(10,20)
430:(10,21)
431:(10,22)
432:(10,23)
433:(10,24)
434:(10,25)
435:(10,26)
436:(10,27)
437:(10,28)
438:(10,29)
439:(10,30)
440:(10,31)
441:(10,32)
442:(10,33)
443:(10,34)
444:(10,35)
445:(10,36)
446:(10,37)
447:(10,38)
448:(10,39)
449:(10,40)
450:(10,41)
451:(10,42)
452:(10,43)
453:(10,44)
454:(10,45)
455:(10,46)
456:(10,47)
457:(10,48)
458:(10,49)
459:(10,50)
460:(10,51)
461:(10,52)
462:(10,53)
463:(10,54)
464:(10,55)
465:(10,56)
466:(10,57)
467:(10,58)
468:(10,59)
469:(10,60)
470:(10,61)
471:(11,0)
472:(11,1)
473:(11,2)
474:(11,3)
475:(11,4)
476:(11,5)
477:(11,6)
478:(11,7)
479:(11,8)
480:(11,9)
481:(11,10)
482:(11,11)
483:(11,12)
484:(11,13)
485:(11,14)
486:(11,15)
487:(11,17)
488:(11,18)
489:(11,19)
490:(11,20)
491:(11,21)
492:(11,22)
493:(11,23)
494:(11,24)
495:(11,25)
496:(11,26)
497:(11,27)
498:(11,28)
499:(11,29)
500:(11,30)
501:(11,31)
502:(11,32)
503:(11,33)
504:(11,34)
505:(11,35)
506:(11,36)
507:(11,37)
508:(11,38)
509:(11,39)
510:(11,40)
511:(11,41)
512:(11,42)
513:(11,43)
514:(11,44)
515:(11,45)
516:(11,46)
517:(11,47)
518:(11,48)
519:(11,49)
520:(11,50)
521:(11,51)
522:(11,52)
523:(11,53)
524:(11,54)
525:(11,55)
526:(11,56)
527:(11,57)
528:(11,58)
529:(11,59)
530:(11,60)
531:(11,61)
532:(12,0)
533:(12,1)
534:(12,2)
535:(12,3)
536:(12,4)
537:(12,5)
538:(12,6)
539:(12,7)
540:(12,8)
541:(12,9)
542:(12,10)
543:(12,11)
544:(12,12)
545:(12,13)
546:(12,14)
547:(12,15)
548:(12,17)
549:(12,18)
550:(12,19)
551:(12,20)
552:(12,21)
553:(12,22)
554:(12,23)
555:(12,24)
556:(12,25)
557:(12,26)
558:(12,27)
559:(12,28)
560:(12,29)
561:(12,30)
562:(12,31)
563:(12,32)
564:(12,33)
565:(12,34)
566:(12,35)
567:(12,36)
568:(12,37)
569:(12,38)
570:(12,39)
571:(12,40)
572:(12,41)
573:(12,42)
574:(12,43)
575:(12,44)
576:(12,45)
577:(12,46)
578:(12,47)
579:(12,48)
580:(12,49)
581:(12,50)
582:(12,51)
583:(12,52)
584:(12,53)
585:(12,54)
586:(12,55)
587:(12,56)
588:(12,57)
589:(12,58)
590:(12,59)
591:(12,60)
592:(12,61)
593:(13,0)
594:(13,1)
595:(13,2)
596:(13,3)
597:(13,4)
598:(13,5)
599:(13,6)
600:(13,7)
601:(13,8)
602:(13,9)
603:(13,10)
604:(13,11)
605:(13,12)
606:(13,13)
607:(13,14)
608:(13,15)
609:(13,17)
610:(13,18)
611:(13,19)
612:(13,20)
613:(13,21)
614:(13,22)
615:(13,23)
616:(13,24)
617:(13,25)
618:(13,26)
619:(13,27)
620:(13,28)
621:(13,29)
622:(13,30)
623:(13,31)
624:(13,32)
625:(13,33)
626:(13,34)
627:(13,35)
628:(13,36)
629:(13,37)
630:(13,38)
631:(13,39)
632:(13,40)
633:(13,41)
634:(13,42)
635:(13,43)
636:(13,44)
637:(13,45)
638:(13,46)
639:(13,47)
640:(13,48)
641:(13,49)
642:(13,50)
643:(13,51)
644:(13,52)
645:(13,53)
646:(13,54)
647:(13,55)
648:(13,56)
649:(13,57)
650:(13,58)
651:(13,59)
652:(13,60)
653:(13,61)
654:(14,0)
655:(14,1)
656:(14,2)
657:(14,3)
658:(14,4)
659:(14,5)
660:(14,6)
661:(14,7)
662:(14,8)
663:(14,9)
664:(14,10)
665:(14,11)
666:(14,12)
667:(14,13)
668:(14,14)
669:(14,15)
670:(14,17)
671:(14,18)
672:(14,19)
673:(14,20)
674:(14,21)
675:(14,22)
676:(14,23)
677:(14,24)
678:(14,25)
679:(14,26)
680:(14,27)
681:(14,28)
682:(14,29)
683:(14,30)
684:(14,31)
685:(14,32)
686:(14,33)
687:(14,34)
688:(14,35)
689:(14,36)
690:(14,37)
691:(14,38)
692:(14,39)
693:(14,40)
694:(14,41)
695:(14,42)
696:(14,43)
697:(14,44)
698:(14,45)
699:(14,46)
700:(14,47)
701:(14,48)
702:(14,49)
703:(14,50)
704:(14,51)
705:(14,52)
706:(14,53)
707:(14,54)
708:(14,55)
709:(14,56)
710:(14,57)
711:(14,58)
712:(14,59)
713:(14,60)
714:(14,61)
715:(15,0)
716:(15,1)
717:(15,2)
718:(15,3)
719:(15,4)
720:(15,5)
721:(15,6)
722:(15,7)
723:(15,8)
724:(15,9)
725:(15,10)
726:(15,11)
727:(15,12)
728:(15,13)
729:(15,14)
730:(15,15)
731:(15,17)
732:(15,18)
733:(15,19)
734:(15,20)
735:(15,21)
736:(15,22)
737:(15,23)
738:(15,24)
739:(15,25)
740:(15,26)
741:(15,27)
742:(15,28)
743:(15,29)
744:(15,30)
745:(15,31)
746:(15,32)
747:(15,33)
748:(15,34)
749:(15,35)
750:(15,36)
751:(15,37)
752:(15,38)
753:(15,39)
754:(15,40)
755:(15,41)
756:(15,42)
757:(15,43)
758:(15,44)
759:(15,45)
760:(15,46)
761:(15,47)
762:(15,48)
763:(15,49)
764:(15,50)
765:(15,51)
766:(15,52)
767:(15,53)
768:(15,54)
769:(15,55)
770:(15,56)
771:(15,57)
772:(15,58)
773:(15,59)
774:(15,60)
775:(15,61)
776:(16,0)
777:(16,1)
778:(16,2)
779:(16,3)
780:(16,4)
781:(16,5)
782:(16,6)
783:(16,7)
784:(16,8)
785:(16,9)
786:(16,10)
787:(16,11)
788:(16,12)
789:(16,13)
790:(16,14)
791:(16,15)
792:(16,17)
793:(16,18)
794:(16,19)
795:(16,20)
796:(16,21)
797:(16,22)
798:(16,23)
799:(16,24)
800:(16,25)
801:(16,26)
802:(16,27)
803:(16,28)
804:(16,29)
805:(16,30)
806:(16,31)
807:(16,32)
808:(16,33)
809:(16,34)
810:(16,35)
811:(16,36)
812:(16,37)
813:(16,38)
814:(16,39)
815:(16,40)
816:(16,41)
817:(16,42)
818:(16,43)
819:(16,44)
820:(16,45)
821:(16,46)
822:(16,47)
823:(16,48)
824:(16,49)
825:(16,50)
826:(16,51)
827:(16,52)
828:(16,53)
829:(16,54)
830:(16,55)
831:(16,56)
832:(16,57)
833:(16,58)
834:(16,59)
835:(16,60)
836:(16,61)
837:(17,0)
838:(17,1)
839:(17,2)
840:(17,3)
841:(17,4)
842:(17,5)
843:(17,6)
844:(17,7)
845:(17,8)
846:(17,9)
847:(17,10)
848:(17,11)
849:(17,12)
850:(17,13)
851:(17,14)
852:(17,15)
853:(17,17)
854:(17,18)
855:(17,19)
856:(17,20)
857:(17,21)
858:(17,22)
859:(17,23)
860:(17,24)
861:(17,25)
862:(17,26)
863:(17,27)
864:(17,28)
865:(17,29)
866:(17,30)
867:(17,31)
868:(17,32)
869:(17,33)
870:(17,34)
871:(17,35)
872:(17,36)
873:(17,37)
874:(17,38)
875:(17,39)
876:(17,40)
877:(17,41)
878:(17,42)
879:(17,43)
880:(17,44)
881:(17,45)
882:(17,46)
883:(17,47)
884:(17,48)
885:(17,49)
886:(17,50)
887:(17,51)
888:(17,52)
889:(17,53)
890:(17,54)
891:(17,55)
892:(17,56)
893:(17,57)
894:(17,58)
895:(17,59)
896:(17,60)
897:(17,61)
898:(18,0)
899:(18,1)
900:(18,2)
901:(18,3)
902:(18,4)
903:(18,5)
904:(18,6)
905:(18,7)
906:(18,8)
907:(18,9)
908:(18,10)
909:(18,11)
910:(18,12)
911:(18,13)
912:(18,14)
913:(18,15)
914:(18,17)
915:(18,18)
916:(18,19)
917:(18,20)
918:(18,21)
919:(18,22)
920:(18,23)
921:(18,24)
922:(18,25)
923:(18,26)
924:(18,27)
925:(18,28)
926:(18,29)
927:(18,30)
928:(18,31)
929:(18,32)
930:(18,33)
931:(18,34)
932:(18,35)
933:(18,36)
934:(18,37)
935:(18,38)
936:(18,39)
937:(18,40)
938:(18,41)
939:(18,42)
940:(18,43)
941:(18,44)
942:(18,45)
943:(18,46)
944:(18,47)
945:(18,48)
946:(18,49)
947:(18,50)
948:(18,51)
949:(18,52)
950:(18,53)
951:(18,54)
952:(18,55)
953:(18,56)
954:(18,57)
955:(18,58)
956:(18,59)
957:(18,60)
958:(18,61)
959:(19,0)
960:(19,1)
961:(19,2)
962:(19,3)
963:(19,4)
964:(19,5)
965:(19,6)
966:(19,7)
967:(19,8)
968:(19,9)
969:(19,10)
970:(19,11)
971:(19,12)
972:(19,13)
973:(19,14)
974:(19,15)
975:(19,17)
976:(19,18)
977:(19,19)
978:(19,20)
979:(19,21)
980:(19,22)
981:(19,23)
982:(19,24)
983:(19,25)
984:(19,26)
985:(19,27)
986:(19,28)
987:(19,29)
988:(19,30)
989:(19,31)
990:(19,32)
991:(19,33)
992:(19,34)
993:(19,35)
994:(19,36)
995:(19,37)
996:(19,38)
997:(19,39)
998:(19,40)
999:(19,41)
1000:(19,42)
1001:(19,43)
1002:(19,44)
1003:(19,45)
1004:(19,46)
1005:(19,47)
1006:(19,48)
1007:(19,49)
1008:(19,50)
1009:(19,51)
1010:(19,52)
1011:(19,53)
1012:(19,54)
1013:(19,55)
1014:(19,56)
1015:(19,57)
1016:(19,58)
1017:(19,59)
1018:(19,60)
1019:(19,61)
1020:(20,0)
1021:(20,1)
1022:(20,2)
1023:(20,3)
1024:(20,4)
1025:(20,5)
1026:(20,6)
1027:(20,7)
1028:(20,8)
1029:(20,9)
1030:(20,10)
1031:(20,11)
1032:(20,12)
1033:(20,13)
1034:(20,14)
1035:(20,15)
1036:(20,17)
1037:(20,18)
1038:(20,19)
1039:(20,20)
1040:(20,21)
1041:(20,22)
1042:(20,23)
1043:(20,24)
1044:(20,25)
1045:(20,26)
1046:(20,27)
1047:(20,28)
1048:(20,29)
1049:(20,30)
1050:(20,31)
1051:(20,32)
1052:(20,33)
1053:(20,34)
1054:(20,35)
1055:(20,36)
1056:(20,37)
1057:(20,38)
1058:(20,39)
1059:(20,40)
1060:(20,41)
1061:(20,42)
1062:(20,43)
1063:(20,44)
1064:(20,45)
1065:(20,46)
1066:(20,47)
1067:(20,48)
1068:(20,49)
1069:(20,50)
1070:(20,51)
1071:(20,52)
1072:(20,53)
1073:(20,54)
1074:(20,55)
1075:(20,56)
1076:(20,57)
1077:(20,58)
1078:(20,59)
1079:(20,60)
1080:(20,61)
