(x,y,output,steps)
0:(0,0,1,0)
1:(0,0,1,2)
2:(0,0,1,3)
3:(0,0,1,4)
4:(0,0,1,5)
5:(0,0,1,6)
6:(0,0,1,7)
7:(0,0,1,8)
8:(0,0,1,9)
9:(0,0,1,10)
10:(0,0,1,11)
11:(0,0,1,12)
12:(0,0,3,1)
13:(0,0,3,2)
14:(0,0,3,3)
15:(0,0,3,4)
16:(0,0,3,5)
17:(0,0,3,6)
18:(0,0,3,7)
19:(0,0,3,8)
20:(0,0,3,9)
21:(0,0,3,10)
22:(0,0,3,11)
23:(0,0,3,12)
24:(0,2,3,8)
25:(0,2,3,9)
26:(0,2,3,10)
27:(0,2,3,11)
28:(0,2,3,12)
29:(0,2,7,7)
30:(0,2,7,8)
31:(0,2,7,9)
32:(0,2,7,10)
33:(0,2,7,11)
34:(0,2,7,12)
35:(0,3,3,8)
36:(0,3,3,9)
37:(0,3,3,10)
38:(0,3,3,11)
39:(0,3,3,12)
40:(0,3,4,7)
41:(0,3,4,8)
42:(0,3,4,9)
43:(0,3,4,10)
44:(0,3,4,11)
45:(0,3,4,12)
46:(0,4,2,7)
47:(0,4,2,8)
48:(0,4,2,9)
49:(0,4,2,10)
50:(0,4,2,11)
51:(0,4,2,12)
52:(0,4,3,8)
53:(0,4,3,9)
54:(0,4,3,10)
55:(0,4,3,11)
56:(0,4,3,12)
57:(1,0,1,1)
58:(1,0,1,2)
59:(1,0,1,3)
60:(1,0,1,4)
61:(1,0,1,5)
62:(1,0,1,6)
63:(1,0,1,7)
64:(1,0,1,8)
65:(1,0,1,9)
66:(1,0,1,10)
67:(1,0,1,11)
68:(1,0,1,12)
69:(1,0,3,2)
70:(1,0,3,3)
71:(1,0,3,4)
72:(1,0,3,5)
73:(1,0,3,6)
74:(1,0,3,7)
75:(1,0,3,8)
76:(1,0,3,9)
77:(1,0,3,10)
78:(1,0,3,11)
79:(1,0,3,12)
80:(1,2,3,7)
81:(1,2,3,8)
82:(1,2,3,9)
83:(1,2,3,10)
84:(1,2,3,11)
85:(1,2,3,12)
86:(1,2,4,6)
87:(1,2,4,7)
88:(1,2,4,8)
89:(1,2,4,9)
90:(1,2,4,10)
91:(1,2,4,11)
92:(1,2,4,12)
93:(1,3,2,6)
94:(1,3,2,7)
95:(1,3,2,8)
96:(1,3,2,9)
97:(1,3,2,10)
98:(1,3,2,11)
99:(1,3,2,12)
100:(1,4,3,7)
101:(1,4,3,8)
102:(1,4,3,9)
103:(1,4,3,10)
104:(1,4,3,11)
105:(1,4,3,12)
106:(1,4,7,6)
107:(1,4,7,7)
108:(1,4,7,8)
109:(1,4,7,9)
110:(1,4,7,10)
111:(1,4,7,11)
112:(1,4,7,12)
113:(2,0,1,2)
114:(2,0,1,3)
115:(2,0,1,4)
116:(2,0,1,5)
117:(2,0,1,6)
118:(2,0,1,7)
119:(2,0,1,8)
120:(2,0,1,9)
121:(2,0,1,10)
122:(2,0,1,11)
123:(2,0,1,12)
124:(2,0,3,3)
125:(2,0,3,4)
126:(2,0,3,5)
127:(2,0,3,6)
128:(2,0,3,7)
129:(2,0,3,8)
130:(2,0,3,9)
131:(2,0,3,10)
132:(2,0,3,11)
133:(2,0,3,12)
134:(2,2,2,5)
135:(2,2,2,6)
136:(2,2,2,7)
137:(2,2,2,8)
138:(2,2,2,9)
139:(2,2,2,10)
140:(2,2,2,11)
141:(2,2,2,12)
142:(2,2,3,6)
143:(2,2,3,7)
144:(2,2,3,8)
145:(2,2,3,9)
146:(2,2,3,10)
147:(2,2,3,11)
148:(2,2,3,12)
149:(2,3,1,5)
150:(2,3,1,6)
151:(2,3,1,7)
152:(2,3,1,8)
153:(2,3,1,9)
154:(2,3,1,10)
155:(2,3,1,11)
156:(2,3,1,12)
157:(2,4,3,7)
158:(2,4,3,8)
159:(2,4,3,9)
160:(2,4,3,10)
161:(2,4,3,11)
162:(2,4,3,12)
163:(2,4,4,6)
164:(2,4,4,7)
165:(2,4,4,8)
166:(2,4,4,9)
167:(2,4,4,10)
168:(2,4,4,11)
169:(2,4,4,12)
170:(3,0,3,4)
171:(3,0,3,5)
172:(3,0,3,6)
173:(3,0,3,7)
174:(3,0,3,8)
175:(3,0,3,9)
176:(3,0,3,10)
177:(3,0,3,11)
178:(3,0,3,12)
179:(3,0,4,3)
180:(3,0,4,4)
181:(3,0,4,5)
182:(3,0,4,6)
183:(3,0,4,7)
184:(3,0,4,8)
185:(3,0,4,9)
186:(3,0,4,10)
187:(3,0,4,11)
188:(3,0,4,12)
189:(3,1,1,3)
190:(3,1,1,4)
191:(3,1,1,5)
192:(3,1,1,6)
193:(3,1,1,7)
194:(3,1,1,8)
195:(3,1,1,9)
196:(3,1,1,10)
197:(3,1,1,11)
198:(3,1,1,12)
199:(3,1,3,4)
200:(3,1,3,5)
201:(3,1,3,6)
202:(3,1,3,7)
203:(3,1,3,8)
204:(3,1,3,9)
205:(3,1,3,10)
206:(3,1,3,11)
207:(3,1,3,12)
208:(3,2,1,4)
209:(3,2,1,5)
210:(3,2,1,6)
211:(3,2,1,7)
212:(3,2,1,8)
213:(3,2,1,9)
214:(3,2,1,10)
215:(3,2,1,11)
216:(3,2,1,12)
217:(3,3,3,6)
218:(3,3,3,7)
219:(3,3,3,8)
220:(3,3,3,9)
221:(3,3,3,10)
222:(3,3,3,11)
223:(3,3,3,12)
224:(3,3,4,5)
225:(3,3,4,6)
226:(3,3,4,7)
227:(3,3,4,8)
228:(3,3,4,9)
229:(3,3,4,10)
230:(3,3,4,11)
231:(3,3,4,12)
232:(3,4,2,6)
233:(3,4,2,7)
234:(3,4,2,8)
235:(3,4,2,9)
236:(3,4,2,10)
237:(3,4,2,11)
238:(3,4,2,12)
239:(3,4,3,7)
240:(3,4,3,8)
241:(3,4,3,9)
242:(3,4,3,10)
243:(3,4,3,11)
244:(3,4,3,12)
245:(4,1,3,5)
246:(4,1,3,6)
247:(4,1,3,7)
248:(4,1,3,8)
249:(4,1,3,9)
250:(4,1,3,10)
251:(4,1,3,11)
252:(4,1,3,12)
253:(4,1,4,4)
254:(4,1,4,5)
255:(4,1,4,6)
256:(4,1,4,7)
257:(4,1,4,8)
258:(4,1,4,9)
259:(4,1,4,10)
260:(4,1,4,11)
261:(4,1,4,12)
262:(4,2,2,4)
263:(4,2,2,5)
264:(4,2,2,6)
265:(4,2,2,7)
266:(4,2,2,8)
267:(4,2,2,9)
268:(4,2,2,10)
269:(4,2,2,11)
270:(4,2,2,12)
271:(4,2,3,5)
272:(4,2,3,6)
273:(4,2,3,7)
274:(4,2,3,8)
275:(4,2,3,9)
276:(4,2,3,10)
277:(4,2,3,11)
278:(4,2,3,12)
