(x,y,output,steps)
0:(0,0,1,0)
1:(0,0,1,2)
2:(0,0,1,3)
3:(0,0,1,4)
4:(0,0,1,5)
5:(0,0,1,6)
6:(0,0,1,7)
7:(0,0,1,8)
8:(0,0,1,9)
9:(0,0,1,10)
10:(0,0,1,11)
11:(0,0,1,12)
12:(0,0,1,13)
13:(0,0,1,14)
14:(0,0,1,15)
15:(0,0,3,1)
16:(0,0,3,2)
17:(0,0,3,3)
18:(0,0,3,4)
19:(0,0,3,5)
20:(0,0,3,6)
21:(0,0,3,7)
22:(0,0,3,8)
23:(0,0,3,9)
24:(0,0,3,10)
25:(0,0,3,11)
26:(0,0,3,12)
27:(0,0,3,13)
28:(0,0,3,14)
29:(0,0,3,15)
30:(0,1,1,1)
31:(0,1,1,2)
32:(0,1,1,3)
33:(0,1,1,4)
34:(0,1,1,5)
35:(0,1,1,6)
36:(0,1,1,7)
37:(0,1,1,8)
38:(0,1,1,9)
39:(0,1,1,10)
40:(0,1,1,11)
41:(0,1,1,12)
42:(0,1,1,13)
43:(0,1,1,14)
44:(0,1,1,15)
45:(0,1,3,2)
46:(0,1,3,3)
47:(0,1,3,4)
48:(0,1,3,5)
49:(0,1,3,6)
50:(0,1,3,7)
51:(0,1,3,8)
52:(0,1,3,9)
53:(0,1,3,10)
54:(0,1,3,11)
55:(0,1,3,12)
56:(0,1,3,13)
57:(0,1,3,14)
58:(0,1,3,15)
59:(0,2,1,2)
60:(0,2,1,3)
61:(0,2,1,4)
62:(0,2,1,5)
63:(0,2,1,6)
64:(0,2,1,7)
65:(0,2,1,8)
66:(0,2,1,9)
67:(0,2,1,10)
68:(0,2,1,11)
69:(0,2,1,12)
70:(0,2,1,13)
71:(0,2,1,14)
72:(0,2,1,15)
73:(0,2,3,3)
74:(0,2,3,4)
75:(0,2,3,5)
76:(0,2,3,6)
77:(0,2,3,7)
78:(0,2,3,8)
79:(0,2,3,9)
80:(0,2,3,10)
81:(0,2,3,11)
82:(0,2,3,12)
83:(0,2,3,13)
84:(0,2,3,14)
85:(0,2,3,15)
86:(0,3,3,4)
87:(0,3,3,5)
88:(0,3,3,6)
89:(0,3,3,7)
90:(0,3,3,8)
91:(0,3,3,9)
92:(0,3,3,10)
93:(0,3,3,11)
94:(0,3,3,12)
95:(0,3,3,13)
96:(0,3,3,14)
97:(0,3,3,15)
98:(0,3,7,3)
99:(0,3,7,4)
100:(0,3,7,5)
101:(0,3,7,6)
102:(0,3,7,7)
103:(0,3,7,8)
104:(0,3,7,9)
105:(0,3,7,10)
106:(0,3,7,11)
107:(0,3,7,12)
108:(0,3,7,13)
109:(0,3,7,14)
110:(0,3,7,15)
111:(0,4,3,5)
112:(0,4,3,6)
113:(0,4,3,7)
114:(0,4,3,8)
115:(0,4,3,9)
116:(0,4,3,10)
117:(0,4,3,11)
118:(0,4,3,12)
119:(0,4,3,13)
120:(0,4,3,14)
121:(0,4,3,15)
122:(0,4,4,4)
123:(0,4,4,5)
124:(0,4,4,6)
125:(0,4,4,7)
126:(0,4,4,8)
127:(0,4,4,9)
128:(0,4,4,10)
129:(0,4,4,11)
130:(0,4,4,12)
131:(0,4,4,13)
132:(0,4,4,14)
133:(0,4,4,15)
134:(0,5,2,5)
135:(0,5,2,6)
136:(0,5,2,7)
137:(0,5,2,8)
138:(0,5,2,9)
139:(0,5,2,10)
140:(0,5,2,11)
141:(0,5,2,12)
142:(0,5,2,13)
143:(0,5,2,14)
144:(0,5,2,15)
145:(0,5,3,6)
146:(0,5,3,7)
147:(0,5,3,8)
148:(0,5,3,9)
149:(0,5,3,10)
150:(0,5,3,11)
151:(0,5,3,12)
152:(0,5,3,13)
153:(0,5,3,14)
154:(0,5,3,15)
155:(1,0,1,1)
156:(1,0,1,2)
157:(1,0,1,3)
158:(1,0,1,4)
159:(1,0,1,5)
160:(1,0,1,6)
161:(1,0,1,7)
162:(1,0,1,8)
163:(1,0,1,9)
164:(1,0,1,10)
165:(1,0,1,11)
166:(1,0,1,12)
167:(1,0,1,13)
168:(1,0,1,14)
169:(1,0,1,15)
170:(1,0,3,2)
171:(1,0,3,3)
172:(1,0,3,4)
173:(1,0,3,5)
174:(1,0,3,6)
175:(1,0,3,7)
176:(1,0,3,8)
177:(1,0,3,9)
178:(1,0,3,10)
179:(1,0,3,11)
180:(1,0,3,12)
181:(1,0,3,13)
182:(1,0,3,14)
183:(1,0,3,15)
184:(1,1,2,2)
185:(1,1,2,3)
186:(1,1,2,4)
187:(1,1,2,5)
188:(1,1,2,6)
189:(1,1,2,7)
190:(1,1,2,8)
191:(1,1,2,9)
192:(1,1,2,10)
193:(1,1,2,11)
194:(1,1,2,12)
195:(1,1,2,13)
196:(1,1,2,14)
197:(1,1,2,15)
198:(1,1,3,3)
199:(1,1,3,4)
200:(1,1,3,5)
201:(1,1,3,6)
202:(1,1,3,7)
203:(1,1,3,8)
204:(1,1,3,9)
205:(1,1,3,10)
206:(1,1,3,11)
207:(1,1,3,12)
208:(1,1,3,13)
209:(1,1,3,14)
210:(1,1,3,15)
211:(1,2,4,2)
212:(1,2,4,3)
213:(1,2,4,4)
214:(1,2,4,5)
215:(1,2,4,6)
216:(1,2,4,7)
217:(1,2,4,8)
218:(1,2,4,9)
219:(1,2,4,10)
220:(1,2,4,11)
221:(1,2,4,12)
222:(1,2,4,13)
223:(1,2,4,14)
224:(1,2,4,15)
225:(1,3,1,3)
226:(1,3,1,4)
227:(1,3,1,5)
228:(1,3,1,6)
229:(1,3,1,7)
230:(1,3,1,8)
231:(1,3,1,9)
232:(1,3,1,10)
233:(1,3,1,11)
234:(1,3,1,12)
235:(1,3,1,13)
236:(1,3,1,14)
237:(1,3,1,15)
238:(1,3,3,4)
239:(1,3,3,5)
240:(1,3,3,6)
241:(1,3,3,7)
242:(1,3,3,8)
243:(1,3,3,9)
244:(1,3,3,10)
245:(1,3,3,11)
246:(1,3,3,12)
247:(1,3,3,13)
248:(1,3,3,14)
249:(1,3,3,15)
250:(1,5,3,6)
251:(1,5,3,7)
252:(1,5,3,8)
253:(1,5,3,9)
254:(1,5,3,10)
255:(1,5,3,11)
256:(1,5,3,12)
257:(1,5,3,13)
258:(1,5,3,14)
259:(1,5,3,15)
260:(1,5,7,5)
261:(1,5,7,6)
262:(1,5,7,7)
263:(1,5,7,8)
264:(1,5,7,9)
265:(1,5,7,10)
266:(1,5,7,11)
267:(1,5,7,12)
268:(1,5,7,13)
269:(1,5,7,14)
270:(1,5,7,15)
271:(2,0,3,3)
272:(2,0,3,4)
273:(2,0,3,5)
274:(2,0,3,6)
275:(2,0,3,7)
276:(2,0,3,8)
277:(2,0,3,9)
278:(2,0,3,10)
279:(2,0,3,11)
280:(2,0,3,12)
281:(2,0,3,13)
282:(2,0,3,14)
283:(2,0,3,15)
284:(2,0,4,2)
285:(2,0,4,3)
286:(2,0,4,4)
287:(2,0,4,5)
288:(2,0,4,6)
289:(2,0,4,7)
290:(2,0,4,8)
291:(2,0,4,9)
292:(2,0,4,10)
293:(2,0,4,11)
294:(2,0,4,12)
295:(2,0,4,13)
296:(2,0,4,14)
297:(2,0,4,15)
298:(2,2,3,4)
299:(2,2,3,5)
300:(2,2,3,6)
301:(2,2,3,7)
302:(2,2,3,8)
303:(2,2,3,9)
304:(2,2,3,10)
305:(2,2,3,11)
306:(2,2,3,12)
307:(2,2,3,13)
308:(2,2,3,14)
309:(2,2,3,15)
310:(2,2,7,3)
311:(2,2,7,4)
312:(2,2,7,5)
313:(2,2,7,6)
314:(2,2,7,7)
315:(2,2,7,8)
316:(2,2,7,9)
317:(2,2,7,10)
318:(2,2,7,11)
319:(2,2,7,12)
320:(2,2,7,13)
321:(2,2,7,14)
322:(2,2,7,15)
323:(2,3,1,3)
324:(2,3,1,4)
325:(2,3,1,5)
326:(2,3,1,6)
327:(2,3,1,7)
328:(2,3,1,8)
329:(2,3,1,9)
330:(2,3,1,10)
331:(2,3,1,11)
332:(2,3,1,12)
333:(2,3,1,13)
334:(2,3,1,14)
335:(2,3,1,15)
336:(2,4,1,4)
337:(2,4,1,5)
338:(2,4,1,6)
339:(2,4,1,7)
340:(2,4,1,8)
341:(2,4,1,9)
342:(2,4,1,10)
343:(2,4,1,11)
344:(2,4,1,12)
345:(2,4,1,13)
346:(2,4,1,14)
347:(2,4,1,15)
348:(2,4,3,5)
349:(2,4,3,6)
350:(2,4,3,7)
351:(2,4,3,8)
352:(2,4,3,9)
353:(2,4,3,10)
354:(2,4,3,11)
355:(2,4,3,12)
356:(2,4,3,13)
357:(2,4,3,14)
358:(2,4,3,15)
359:(2,5,3,6)
360:(2,5,3,7)
361:(2,5,3,8)
362:(2,5,3,9)
363:(2,5,3,10)
364:(2,5,3,11)
365:(2,5,3,12)
366:(2,5,3,13)
367:(2,5,3,14)
368:(2,5,3,15)
369:(2,5,4,5)
370:(2,5,4,6)
371:(2,5,4,7)
372:(2,5,4,8)
373:(2,5,4,9)
374:(2,5,4,10)
375:(2,5,4,11)
376:(2,5,4,12)
377:(2,5,4,13)
378:(2,5,4,14)
379:(2,5,4,15)
380:(3,0,1,3)
381:(3,0,1,4)
382:(3,0,1,5)
383:(3,0,1,6)
384:(3,0,1,7)
385:(3,0,1,8)
386:(3,0,1,9)
387:(3,0,1,10)
388:(3,0,1,11)
389:(3,0,1,12)
390:(3,0,1,13)
391:(3,0,1,14)
392:(3,0,1,15)
393:(3,0,3,4)
394:(3,0,3,5)
395:(3,0,3,6)
396:(3,0,3,7)
397:(3,0,3,8)
398:(3,0,3,9)
399:(3,0,3,10)
400:(3,0,3,11)
401:(3,0,3,12)
402:(3,0,3,13)
403:(3,0,3,14)
404:(3,0,3,15)
405:(3,2,2,4)
406:(3,2,2,5)
407:(3,2,2,6)
408:(3,2,2,7)
409:(3,2,2,8)
410:(3,2,2,9)
411:(3,2,2,10)
412:(3,2,2,11)
413:(3,2,2,12)
414:(3,2,2,13)
415:(3,2,2,14)
416:(3,2,2,15)
417:(3,2,3,5)
418:(3,2,3,6)
419:(3,2,3,7)
420:(3,2,3,8)
421:(3,2,3,9)
422:(3,2,3,10)
423:(3,2,3,11)
424:(3,2,3,12)
425:(3,2,3,13)
426:(3,2,3,14)
427:(3,2,3,15)
428:(3,3,1,4)
429:(3,3,1,5)
430:(3,3,1,6)
431:(3,3,1,7)
432:(3,3,1,8)
433:(3,3,1,9)
434:(3,3,1,10)
435:(3,3,1,11)
436:(3,3,1,12)
437:(3,3,1,13)
438:(3,3,1,14)
439:(3,3,1,15)
440:(3,4,1,5)
441:(3,4,1,6)
442:(3,4,1,7)
443:(3,4,1,8)
444:(3,4,1,9)
445:(3,4,1,10)
446:(3,4,1,11)
447:(3,4,1,12)
448:(3,4,1,13)
449:(3,4,1,14)
450:(3,4,1,15)
451:(3,5,2,5)
452:(3,5,2,6)
453:(3,5,2,7)
454:(3,5,2,8)
455:(3,5,2,9)
456:(3,5,2,10)
457:(3,5,2,11)
458:(3,5,2,12)
459:(3,5,2,13)
460:(3,5,2,14)
461:(3,5,2,15)
462:(3,5,3,6)
463:(3,5,3,7)
464:(3,5,3,8)
465:(3,5,3,9)
466:(3,5,3,10)
467:(3,5,3,11)
468:(3,5,3,12)
469:(3,5,3,13)
470:(3,5,3,14)
471:(3,5,3,15)
472:(4,0,1,4)
473:(4,0,1,5)
474:(4,0,1,6)
475:(4,0,1,7)
476:(4,0,1,8)
477:(4,0,1,9)
478:(4,0,1,10)
479:(4,0,1,11)
480:(4,0,1,12)
481:(4,0,1,13)
482:(4,0,1,14)
483:(4,0,1,15)
484:(4,0,3,5)
485:(4,0,3,6)
486:(4,0,3,7)
487:(4,0,3,8)
488:(4,0,3,9)
489:(4,0,3,10)
490:(4,0,3,11)
491:(4,0,3,12)
492:(4,0,3,13)
493:(4,0,3,14)
494:(4,0,3,15)
495:(4,1,2,5)
496:(4,1,2,6)
497:(4,1,2,7)
498:(4,1,2,8)
499:(4,1,2,9)
500:(4,1,2,10)
501:(4,1,2,11)
502:(4,1,2,12)
503:(4,1,2,13)
504:(4,1,2,14)
505:(4,1,2,15)
506:(4,1,3,6)
507:(4,1,3,7)
508:(4,1,3,8)
509:(4,1,3,9)
510:(4,1,3,10)
511:(4,1,3,11)
512:(4,1,3,12)
513:(4,1,3,13)
514:(4,1,3,14)
515:(4,1,3,15)
516:(4,2,4,5)
517:(4,2,4,6)
518:(4,2,4,7)
519:(4,2,4,8)
520:(4,2,4,9)
521:(4,2,4,10)
522:(4,2,4,11)
523:(4,2,4,12)
524:(4,2,4,13)
525:(4,2,4,14)
526:(4,2,4,15)
527:(4,3,1,5)
528:(4,3,1,6)
529:(4,3,1,7)
530:(4,3,1,8)
531:(4,3,1,9)
532:(4,3,1,10)
533:(4,3,1,11)
534:(4,3,1,12)
535:(4,3,1,13)
536:(4,3,1,14)
537:(4,3,1,15)
538:(4,4,2,6)
539:(4,4,2,7)
540:(4,4,2,8)
541:(4,4,2,9)
542:(4,4,2,10)
543:(4,4,2,11)
544:(4,4,2,12)
545:(4,4,2,13)
546:(4,4,2,14)
547:(4,4,2,15)
548:(4,4,3,7)
549:(4,4,3,8)
550:(4,4,3,9)
551:(4,4,3,10)
552:(4,4,3,11)
553:(4,4,3,12)
554:(4,4,3,13)
555:(4,4,3,14)
556:(4,4,3,15)
557:(5,0,2,5)
558:(5,0,2,6)
559:(5,0,2,7)
560:(5,0,2,8)
561:(5,0,2,9)
562:(5,0,2,10)
563:(5,0,2,11)
564:(5,0,2,12)
565:(5,0,2,13)
566:(5,0,2,14)
567:(5,0,2,15)
568:(5,0,3,6)
569:(5,0,3,7)
570:(5,0,3,8)
571:(5,0,3,9)
572:(5,0,3,10)
573:(5,0,3,11)
574:(5,0,3,12)
575:(5,0,3,13)
576:(5,0,3,14)
577:(5,0,3,15)
578:(5,1,4,5)
579:(5,1,4,6)
580:(5,1,4,7)
581:(5,1,4,8)
582:(5,1,4,9)
583:(5,1,4,10)
584:(5,1,4,11)
585:(5,1,4,12)
586:(5,1,4,13)
587:(5,1,4,14)
588:(5,1,4,15)
589:(5,2,1,6)
590:(5,2,1,7)
591:(5,2,1,8)
592:(5,2,1,9)
593:(5,2,1,10)
594:(5,2,1,11)
595:(5,2,1,12)
596:(5,2,1,13)
597:(5,2,1,14)
598:(5,2,1,15)
599:(5,3,2,6)
600:(5,3,2,7)
601:(5,3,2,8)
602:(5,3,2,9)
603:(5,3,2,10)
604:(5,3,2,11)
605:(5,3,2,12)
606:(5,3,2,13)
607:(5,3,2,14)
608:(5,3,2,15)
609:(5,4,3,7)
610:(5,4,3,8)
611:(5,4,3,9)
612:(5,4,3,10)
613:(5,4,3,11)
614:(5,4,3,12)
615:(5,4,3,13)
616:(5,4,3,14)
617:(5,4,3,15)
618:(5,4,7,6)
619:(5,4,7,7)
620:(5,4,7,8)
621:(5,4,7,9)
622:(5,4,7,10)
623:(5,4,7,11)
624:(5,4,7,12)
625:(5,4,7,13)
626:(5,4,7,14)
627:(5,4,7,15)
628:(6,0,3,7)
629:(6,0,3,8)
630:(6,0,3,9)
631:(6,0,3,10)
632:(6,0,3,11)
633:(6,0,3,12)
634:(6,0,3,13)
635:(6,0,3,14)
636:(6,0,3,15)
637:(6,0,4,6)
638:(6,0,4,7)
639:(6,0,4,8)
640:(6,0,4,9)
641:(6,0,4,10)
642:(6,0,4,11)
643:(6,0,4,12)
644:(6,0,4,13)
645:(6,0,4,14)
646:(6,0,4,15)
647:(6,1,1,6)
648:(6,1,1,7)
649:(6,1,1,8)
650:(6,1,1,9)
651:(6,1,1,10)
652:(6,1,1,11)
653:(6,1,1,12)
654:(6,1,1,13)
655:(6,1,1,14)
656:(6,1,1,15)
657:(6,2,2,7)
658:(6,2,2,8)
659:(6,2,2,9)
660:(6,2,2,10)
661:(6,2,2,11)
662:(6,2,2,12)
663:(6,2,2,13)
664:(6,2,2,14)
665:(6,2,2,15)
666:(6,2,3,8)
667:(6,2,3,9)
668:(6,2,3,10)
669:(6,2,3,11)
670:(6,2,3,12)
671:(6,2,3,13)
672:(6,2,3,14)
673:(6,2,3,15)
674:(6,3,7,7)
675:(6,3,7,8)
676:(6,3,7,9)
677:(6,3,7,10)
678:(6,3,7,11)
679:(6,3,7,12)
680:(6,3,7,13)
681:(6,3,7,14)
682:(6,3,7,15)
683:(6,4,4,7)
684:(6,4,4,8)
685:(6,4,4,9)
686:(6,4,4,10)
687:(6,4,4,11)
688:(6,4,4,12)
689:(6,4,4,13)
690:(6,4,4,14)
691:(6,4,4,15)
692:(6,5,2,7)
693:(6,5,2,8)
694:(6,5,2,9)
695:(6,5,2,10)
696:(6,5,2,11)
697:(6,5,2,12)
698:(6,5,2,13)
699:(6,5,2,14)
700:(6,5,2,15)
701:(6,5,3,8)
702:(6,5,3,9)
703:(6,5,3,10)
704:(6,5,3,11)
705:(6,5,3,12)
706:(6,5,3,13)
707:(6,5,3,14)
708:(6,5,3,15)
709:(7,0,3,8)
710:(7,0,3,9)
711:(7,0,3,10)
712:(7,0,3,11)
713:(7,0,3,12)
714:(7,0,3,13)
715:(7,0,3,14)
716:(7,0,3,15)
717:(7,0,7,7)
718:(7,0,7,8)
719:(7,0,7,9)
720:(7,0,7,10)
721:(7,0,7,11)
722:(7,0,7,12)
723:(7,0,7,13)
724:(7,0,7,14)
725:(7,0,7,15)
726:(7,1,2,7)
727:(7,1,2,8)
728:(7,1,2,9)
729:(7,1,2,10)
730:(7,1,2,11)
731:(7,1,2,12)
732:(7,1,2,13)
733:(7,1,2,14)
734:(7,1,2,15)
735:(7,1,3,8)
736:(7,1,3,9)
737:(7,1,3,10)
738:(7,1,3,11)
739:(7,1,3,12)
740:(7,1,3,13)
741:(7,1,3,14)
742:(7,1,3,15)
743:(7,3,1,8)
744:(7,3,1,9)
745:(7,3,1,10)
746:(7,3,1,11)
747:(7,3,1,12)
748:(7,3,1,13)
749:(7,3,1,14)
750:(7,3,1,15)
751:(7,3,3,9)
752:(7,3,3,10)
753:(7,3,3,11)
754:(7,3,3,12)
755:(7,3,3,13)
756:(7,3,3,14)
757:(7,3,3,15)
758:(7,4,1,8)
759:(7,4,1,9)
760:(7,4,1,10)
761:(7,4,1,11)
762:(7,4,1,12)
763:(7,4,1,13)
764:(7,4,1,14)
765:(7,4,1,15)
766:(7,4,3,9)
767:(7,4,3,10)
768:(7,4,3,11)
769:(7,4,3,12)
770:(7,4,3,13)
771:(7,4,3,14)
772:(7,4,3,15)
773:(7,5,3,9)
774:(7,5,3,10)
775:(7,5,3,11)
776:(7,5,3,12)
777:(7,5,3,13)
778:(7,5,3,14)
779:(7,5,3,15)
780:(7,5,4,8)
781:(7,5,4,9)
782:(7,5,4,10)
783:(7,5,4,11)
784:(7,5,4,12)
785:(7,5,4,13)
786:(7,5,4,14)
787:(7,5,4,15)
