(steps,state)
0:(0,19)
1:(1,34)
2:(1,66)
3:(1,70)
4:(1,73)
5:(1,97)
6:(2,0)
7:(2,4)
8:(2,34)
9:(2,44)
10:(2,66)
11:(2,70)
12:(2,73)
13:(2,97)
14:(2,121)
15:(2,148)
16:(3,0)
17:(3,4)
18:(3,21)
19:(3,32)
20:(3,34)
21:(3,44)
22:(3,55)
23:(3,66)
24:(3,70)
25:(3,73)
26:(3,85)
27:(3,86)
28:(3,97)
29:(3,116)
30:(3,120)
31:(3,121)
32:(3,134)
33:(3,137)
34:(3,139)
35:(3,147)
36:(3,148)
37:(4,0)
38:(4,4)
39:(4,16)
40:(4,21)
41:(4,31)
42:(4,32)
43:(4,34)
44:(4,36)
45:(4,40)
46:(4,44)
47:(4,47)
48:(4,48)
49:(4,55)
50:(4,56)
51:(4,58)
52:(4,66)
53:(4,70)
54:(4,72)
55:(4,73)
56:(4,80)
57:(4,85)
58:(4,86)
59:(4,97)
60:(4,98)
61:(4,116)
62:(4,117)
63:(4,120)
64:(4,121)
65:(4,127)
66:(4,131)
67:(4,134)
68:(4,136)
69:(4,137)
70:(4,139)
71:(4,141)
72:(4,147)
73:(4,148)
74:(5,0)
75:(5,1)
76:(5,2)
77:(5,4)
78:(5,16)
79:(5,21)
80:(5,24)
81:(5,31)
82:(5,32)
83:(5,34)
84:(5,36)
85:(5,39)
86:(5,40)
87:(5,44)
88:(5,47)
89:(5,48)
90:(5,51)
91:(5,55)
92:(5,56)
93:(5,58)
94:(5,61)
95:(5,66)
96:(5,69)
97:(5,70)
98:(5,72)
99:(5,73)
100:(5,75)
101:(5,80)
102:(5,85)
103:(5,86)
104:(5,91)
105:(5,97)
106:(5,98)
107:(5,103)
108:(5,114)
109:(5,116)
110:(5,117)
111:(5,119)
112:(5,120)
113:(5,121)
114:(5,123)
115:(5,124)
116:(5,125)
117:(5,127)
118:(5,131)
119:(5,134)
120:(5,136)
121:(5,137)
122:(5,139)
123:(5,141)
124:(5,146)
125:(5,147)
126:(5,148)
127:(5,152)
128:(6,0)
129:(6,1)
130:(6,2)
131:(6,4)
132:(6,5)
133:(6,6)
134:(6,7)
135:(6,15)
136:(6,16)
137:(6,17)
138:(6,18)
139:(6,21)
140:(6,22)
141:(6,24)
142:(6,25)
143:(6,27)
144:(6,31)
145:(6,32)
146:(6,34)
147:(6,35)
148:(6,36)
149:(6,37)
150:(6,39)
151:(6,40)
152:(6,44)
153:(6,46)
154:(6,47)
155:(6,48)
156:(6,49)
157:(6,51)
158:(6,55)
159:(6,56)
160:(6,58)
161:(6,61)
162:(6,66)
163:(6,67)
164:(6,69)
165:(6,70)
166:(6,72)
167:(6,73)
168:(6,74)
169:(6,75)
170:(6,76)
171:(6,77)
172:(6,79)
173:(6,80)
174:(6,82)
175:(6,83)
176:(6,85)
177:(6,86)
178:(6,89)
179:(6,91)
180:(6,97)
181:(6,98)
182:(6,102)
183:(6,103)
184:(6,105)
185:(6,106)
186:(6,107)
187:(6,114)
188:(6,116)
189:(6,117)
190:(6,119)
191:(6,120)
192:(6,121)
193:(6,122)
194:(6,123)
195:(6,124)
196:(6,125)
197:(6,126)
198:(6,127)
199:(6,129)
200:(6,131)
201:(6,133)
202:(6,134)
203:(6,136)
204:(6,137)
205:(6,139)
206:(6,140)
207:(6,141)
208:(6,145)
209:(6,146)
210:(6,147)
211:(6,148)
212:(6,152)
213:(6,154)
214:(6,155)
215:(7,0)
216:(7,1)
217:(7,2)
218:(7,3)
219:(7,4)
220:(7,5)
221:(7,6)
222:(7,7)
223:(7,8)
224:(7,9)
225:(7,11)
226:(7,13)
227:(7,15)
228:(7,16)
229:(7,17)
230:(7,18)
231:(7,21)
232:(7,22)
233:(7,23)
234:(7,24)
235:(7,25)
236:(7,27)
237:(7,28)
238:(7,31)
239:(7,32)
240:(7,34)
241:(7,35)
242:(7,36)
243:(7,37)
244:(7,39)
245:(7,40)
246:(7,41)
247:(7,44)
248:(7,45)
249:(7,46)
250:(7,47)
251:(7,48)
252:(7,49)
253:(7,50)
254:(7,51)
255:(7,55)
256:(7,56)
257:(7,58)
258:(7,59)
259:(7,61)
260:(7,62)
261:(7,64)
262:(7,65)
263:(7,66)
264:(7,67)
265:(7,69)
266:(7,70)
267:(7,71)
268:(7,72)
269:(7,73)
270:(7,74)
271:(7,75)
272:(7,76)
273:(7,77)
274:(7,79)
275:(7,80)
276:(7,82)
277:(7,83)
278:(7,84)
279:(7,85)
280:(7,86)
281:(7,87)
282:(7,88)
283:(7,89)
284:(7,91)
285:(7,92)
286:(7,93)
287:(7,95)
288:(7,96)
289:(7,97)
290:(7,98)
291:(7,99)
292:(7,100)
293:(7,102)
294:(7,103)
295:(7,105)
296:(7,106)
297:(7,107)
298:(7,108)
299:(7,110)
300:(7,112)
301:(7,114)
302:(7,116)
303:(7,117)
304:(7,119)
305:(7,120)
306:(7,121)
307:(7,122)
308:(7,123)
309:(7,124)
310:(7,125)
311:(7,126)
312:(7,127)
313:(7,129)
314:(7,131)
315:(7,133)
316:(7,134)
317:(7,136)
318:(7,137)
319:(7,138)
320:(7,139)
321:(7,140)
322:(7,141)
323:(7,145)
324:(7,146)
325:(7,147)
326:(7,148)
327:(7,149)
328:(7,151)
329:(7,152)
330:(7,154)
331:(7,155)
332:(8,0)
333:(8,1)
334:(8,2)
335:(8,3)
336:(8,4)
337:(8,5)
338:(8,6)
339:(8,7)
340:(8,8)
341:(8,9)
342:(8,11)
343:(8,12)
344:(8,13)
345:(8,14)
346:(8,15)
347:(8,16)
348:(8,17)
349:(8,18)
350:(8,21)
351:(8,22)
352:(8,23)
353:(8,24)
354:(8,25)
355:(8,26)
356:(8,27)
357:(8,28)
358:(8,31)
359:(8,32)
360:(8,34)
361:(8,35)
362:(8,36)
363:(8,37)
364:(8,38)
365:(8,39)
366:(8,40)
367:(8,41)
368:(8,44)
369:(8,45)
370:(8,46)
371:(8,47)
372:(8,48)
373:(8,49)
374:(8,50)
375:(8,51)
376:(8,55)
377:(8,56)
378:(8,57)
379:(8,58)
380:(8,59)
381:(8,61)
382:(8,62)
383:(8,64)
384:(8,65)
385:(8,66)
386:(8,67)
387:(8,68)
388:(8,69)
389:(8,70)
390:(8,71)
391:(8,72)
392:(8,73)
393:(8,74)
394:(8,75)
395:(8,76)
396:(8,77)
397:(8,79)
398:(8,80)
399:(8,82)
400:(8,83)
401:(8,84)
402:(8,85)
403:(8,86)
404:(8,87)
405:(8,88)
406:(8,89)
407:(8,90)
408:(8,91)
409:(8,92)
410:(8,93)
411:(8,95)
412:(8,96)
413:(8,97)
414:(8,98)
415:(8,99)
416:(8,100)
417:(8,102)
418:(8,103)
419:(8,105)
420:(8,106)
421:(8,107)
422:(8,108)
423:(8,109)
424:(8,110)
425:(8,112)
426:(8,113)
427:(8,114)
428:(8,116)
429:(8,117)
430:(8,118)
431:(8,119)
432:(8,120)
433:(8,121)
434:(8,122)
435:(8,123)
436:(8,124)
437:(8,125)
438:(8,126)
439:(8,127)
440:(8,129)
441:(8,130)
442:(8,131)
443:(8,132)
444:(8,133)
445:(8,134)
446:(8,136)
447:(8,137)
448:(8,138)
449:(8,139)
450:(8,140)
451:(8,141)
452:(8,145)
453:(8,146)
454:(8,147)
455:(8,148)
456:(8,149)
457:(8,151)
458:(8,152)
459:(8,154)
460:(8,155)
461:(9,0)
462:(9,1)
463:(9,2)
464:(9,3)
465:(9,4)
466:(9,5)
467:(9,6)
468:(9,7)
469:(9,8)
470:(9,9)
471:(9,11)
472:(9,12)
473:(9,13)
474:(9,14)
475:(9,15)
476:(9,16)
477:(9,17)
478:(9,18)
479:(9,21)
480:(9,22)
481:(9,23)
482:(9,24)
483:(9,25)
484:(9,26)
485:(9,27)
486:(9,28)
487:(9,29)
488:(9,31)
489:(9,32)
490:(9,34)
491:(9,35)
492:(9,36)
493:(9,37)
494:(9,38)
495:(9,39)
496:(9,40)
497:(9,41)
498:(9,44)
499:(9,45)
500:(9,46)
501:(9,47)
502:(9,48)
503:(9,49)
504:(9,50)
505:(9,51)
506:(9,54)
507:(9,55)
508:(9,56)
509:(9,57)
510:(9,58)
511:(9,59)
512:(9,61)
513:(9,62)
514:(9,63)
515:(9,64)
516:(9,65)
517:(9,66)
518:(9,67)
519:(9,68)
520:(9,69)
521:(9,70)
522:(9,71)
523:(9,72)
524:(9,73)
525:(9,74)
526:(9,75)
527:(9,76)
528:(9,77)
529:(9,79)
530:(9,80)
531:(9,81)
532:(9,82)
533:(9,83)
534:(9,84)
535:(9,85)
536:(9,86)
537:(9,87)
538:(9,88)
539:(9,89)
540:(9,90)
541:(9,91)
542:(9,92)
543:(9,93)
544:(9,95)
545:(9,96)
546:(9,97)
547:(9,98)
548:(9,99)
549:(9,100)
550:(9,102)
551:(9,103)
552:(9,104)
553:(9,105)
554:(9,106)
555:(9,107)
556:(9,108)
557:(9,109)
558:(9,110)
559:(9,112)
560:(9,113)
561:(9,114)
562:(9,116)
563:(9,117)
564:(9,118)
565:(9,119)
566:(9,120)
567:(9,121)
568:(9,122)
569:(9,123)
570:(9,124)
571:(9,125)
572:(9,126)
573:(9,127)
574:(9,129)
575:(9,130)
576:(9,131)
577:(9,132)
578:(9,133)
579:(9,134)
580:(9,136)
581:(9,137)
582:(9,138)
583:(9,139)
584:(9,140)
585:(9,141)
586:(9,144)
587:(9,145)
588:(9,146)
589:(9,147)
590:(9,148)
591:(9,149)
592:(9,150)
593:(9,151)
594:(9,152)
595:(9,154)
596:(9,155)
597:(10,0)
598:(10,1)
599:(10,2)
600:(10,3)
601:(10,4)
602:(10,5)
603:(10,6)
604:(10,7)
605:(10,8)
606:(10,9)
607:(10,11)
608:(10,12)
609:(10,13)
610:(10,14)
611:(10,15)
612:(10,16)
613:(10,17)
614:(10,18)
615:(10,21)
616:(10,22)
617:(10,23)
618:(10,24)
619:(10,25)
620:(10,26)
621:(10,27)
622:(10,28)
623:(10,29)
624:(10,31)
625:(10,32)
626:(10,34)
627:(10,35)
628:(10,36)
629:(10,37)
630:(10,38)
631:(10,39)
632:(10,40)
633:(10,41)
634:(10,44)
635:(10,45)
636:(10,46)
637:(10,47)
638:(10,48)
639:(10,49)
640:(10,50)
641:(10,51)
642:(10,52)
643:(10,54)
644:(10,55)
645:(10,56)
646:(10,57)
647:(10,58)
648:(10,59)
649:(10,60)
650:(10,61)
651:(10,62)
652:(10,63)
653:(10,64)
654:(10,65)
655:(10,66)
656:(10,67)
657:(10,68)
658:(10,69)
659:(10,70)
660:(10,71)
661:(10,72)
662:(10,73)
663:(10,74)
664:(10,75)
665:(10,76)
666:(10,77)
667:(10,79)
668:(10,80)
669:(10,81)
670:(10,82)
671:(10,83)
672:(10,84)
673:(10,85)
674:(10,86)
675:(10,87)
676:(10,88)
677:(10,89)
678:(10,90)
679:(10,91)
680:(10,92)
681:(10,93)
682:(10,95)
683:(10,96)
684:(10,97)
685:(10,98)
686:(10,99)
687:(10,100)
688:(10,101)
689:(10,102)
690:(10,103)
691:(10,104)
692:(10,105)
693:(10,106)
694:(10,107)
695:(10,108)
696:(10,109)
697:(10,110)
698:(10,111)
699:(10,112)
700:(10,113)
701:(10,114)
702:(10,115)
703:(10,116)
704:(10,117)
705:(10,118)
706:(10,119)
707:(10,120)
708:(10,121)
709:(10,122)
710:(10,123)
711:(10,124)
712:(10,125)
713:(10,126)
714:(10,127)
715:(10,129)
716:(10,130)
717:(10,131)
718:(10,132)
719:(10,133)
720:(10,134)
721:(10,136)
722:(10,137)
723:(10,138)
724:(10,139)
725:(10,140)
726:(10,141)
727:(10,144)
728:(10,145)
729:(10,146)
730:(10,147)
731:(10,148)
732:(10,149)
733:(10,150)
734:(10,151)
735:(10,152)
736:(10,154)
737:(10,155)
738:(11,0)
739:(11,1)
740:(11,2)
741:(11,3)
742:(11,4)
743:(11,5)
744:(11,6)
745:(11,7)
746:(11,8)
747:(11,9)
748:(11,10)
749:(11,11)
750:(11,12)
751:(11,13)
752:(11,14)
753:(11,15)
754:(11,16)
755:(11,17)
756:(11,18)
757:(11,21)
758:(11,22)
759:(11,23)
760:(11,24)
761:(11,25)
762:(11,26)
763:(11,27)
764:(11,28)
765:(11,29)
766:(11,31)
767:(11,32)
768:(11,33)
769:(11,34)
770:(11,35)
771:(11,36)
772:(11,37)
773:(11,38)
774:(11,39)
775:(11,40)
776:(11,41)
777:(11,44)
778:(11,45)
779:(11,46)
780:(11,47)
781:(11,48)
782:(11,49)
783:(11,50)
784:(11,51)
785:(11,52)
786:(11,53)
787:(11,54)
788:(11,55)
789:(11,56)
790:(11,57)
791:(11,58)
792:(11,59)
793:(11,60)
794:(11,61)
795:(11,62)
796:(11,63)
797:(11,64)
798:(11,65)
799:(11,66)
800:(11,67)
801:(11,68)
802:(11,69)
803:(11,70)
804:(11,71)
805:(11,72)
806:(11,73)
807:(11,74)
808:(11,75)
809:(11,76)
810:(11,77)
811:(11,79)
812:(11,80)
813:(11,81)
814:(11,82)
815:(11,83)
816:(11,84)
817:(11,85)
818:(11,86)
819:(11,87)
820:(11,88)
821:(11,89)
822:(11,90)
823:(11,91)
824:(11,92)
825:(11,93)
826:(11,94)
827:(11,95)
828:(11,96)
829:(11,97)
830:(11,98)
831:(11,99)
832:(11,100)
833:(11,101)
834:(11,102)
835:(11,103)
836:(11,104)
837:(11,105)
838:(11,106)
839:(11,107)
840:(11,108)
841:(11,109)
842:(11,110)
843:(11,111)
844:(11,112)
845:(11,113)
846:(11,114)
847:(11,115)
848:(11,116)
849:(11,117)
850:(11,118)
851:(11,119)
852:(11,120)
853:(11,121)
854:(11,122)
855:(11,123)
856:(11,124)
857:(11,125)
858:(11,126)
859:(11,127)
860:(11,128)
861:(11,129)
862:(11,130)
863:(11,131)
864:(11,132)
865:(11,133)
866:(11,134)
867:(11,136)
868:(11,137)
869:(11,138)
870:(11,139)
871:(11,140)
872:(11,141)
873:(11,142)
874:(11,144)
875:(11,145)
876:(11,146)
877:(11,147)
878:(11,148)
879:(11,149)
880:(11,150)
881:(11,151)
882:(11,152)
883:(11,153)
884:(11,154)
885:(11,155)
886:(12,0)
887:(12,1)
888:(12,2)
889:(12,3)
890:(12,4)
891:(12,5)
892:(12,6)
893:(12,7)
894:(12,8)
895:(12,9)
896:(12,10)
897:(12,11)
898:(12,12)
899:(12,13)
900:(12,14)
901:(12,15)
902:(12,16)
903:(12,17)
904:(12,18)
905:(12,20)
906:(12,21)
907:(12,22)
908:(12,23)
909:(12,24)
910:(12,25)
911:(12,26)
912:(12,27)
913:(12,28)
914:(12,29)
915:(12,30)
916:(12,31)
917:(12,32)
918:(12,33)
919:(12,34)
920:(12,35)
921:(12,36)
922:(12,37)
923:(12,38)
924:(12,39)
925:(12,40)
926:(12,41)
927:(12,44)
928:(12,45)
929:(12,46)
930:(12,47)
931:(12,48)
932:(12,49)
933:(12,50)
934:(12,51)
935:(12,52)
936:(12,53)
937:(12,54)
938:(12,55)
939:(12,56)
940:(12,57)
941:(12,58)
942:(12,59)
943:(12,60)
944:(12,61)
945:(12,62)
946:(12,63)
947:(12,64)
948:(12,65)
949:(12,66)
950:(12,67)
951:(12,68)
952:(12,69)
953:(12,70)
954:(12,71)
955:(12,72)
956:(12,73)
957:(12,74)
958:(12,75)
959:(12,76)
960:(12,77)
961:(12,78)
962:(12,79)
963:(12,80)
964:(12,81)
965:(12,82)
966:(12,83)
967:(12,84)
968:(12,85)
969:(12,86)
970:(12,87)
971:(12,88)
972:(12,89)
973:(12,90)
974:(12,91)
975:(12,92)
976:(12,93)
977:(12,94)
978:(12,95)
979:(12,96)
980:(12,97)
981:(12,98)
982:(12,99)
983:(12,100)
984:(12,101)
985:(12,102)
986:(12,103)
987:(12,104)
988:(12,105)
989:(12,106)
990:(12,107)
991:(12,108)
992:(12,109)
993:(12,110)
994:(12,111)
995:(12,112)
996:(12,113)
997:(12,114)
998:(12,115)
999:(12,116)
1000:(12,117)
1001:(12,118)
1002:(12,119)
1003:(12,120)
1004:(12,121)
1005:(12,122)
1006:(12,123)
1007:(12,124)
1008:(12,125)
1009:(12,126)
1010:(12,127)
1011:(12,128)
1012:(12,129)
1013:(12,130)
1014:(12,131)
1015:(12,132)
1016:(12,133)
1017:(12,134)
1018:(12,136)
1019:(12,137)
1020:(12,138)
1021:(12,139)
1022:(12,140)
1023:(12,141)
1024:(12,142)
1025:(12,143)
1026:(12,144)
1027:(12,145)
1028:(12,146)
1029:(12,147)
1030:(12,148)
1031:(12,149)
1032:(12,150)
1033:(12,151)
1034:(12,152)
1035:(12,153)
1036:(12,154)
1037:(12,155)
1038:(13,0)
1039:(13,1)
1040:(13,2)
1041:(13,3)
1042:(13,4)
1043:(13,5)
1044:(13,6)
1045:(13,7)
1046:(13,8)
1047:(13,9)
1048:(13,10)
1049:(13,11)
1050:(13,12)
1051:(13,13)
1052:(13,14)
1053:(13,15)
1054:(13,16)
1055:(13,17)
1056:(13,18)
1057:(13,20)
1058:(13,21)
1059:(13,22)
1060:(13,23)
1061:(13,24)
1062:(13,25)
1063:(13,26)
1064:(13,27)
1065:(13,28)
1066:(13,29)
1067:(13,30)
1068:(13,31)
1069:(13,32)
1070:(13,33)
1071:(13,34)
1072:(13,35)
1073:(13,36)
1074:(13,37)
1075:(13,38)
1076:(13,39)
1077:(13,40)
1078:(13,41)
1079:(13,42)
1080:(13,43)
1081:(13,44)
1082:(13,45)
1083:(13,46)
1084:(13,47)
1085:(13,48)
1086:(13,49)
1087:(13,50)
1088:(13,51)
1089:(13,52)
1090:(13,53)
1091:(13,54)
1092:(13,55)
1093:(13,56)
1094:(13,57)
1095:(13,58)
1096:(13,59)
1097:(13,60)
1098:(13,61)
1099:(13,62)
1100:(13,63)
1101:(13,64)
1102:(13,65)
1103:(13,66)
1104:(13,67)
1105:(13,68)
1106:(13,69)
1107:(13,70)
1108:(13,71)
1109:(13,72)
1110:(13,73)
1111:(13,74)
1112:(13,75)
1113:(13,76)
1114:(13,77)
1115:(13,78)
1116:(13,79)
1117:(13,80)
1118:(13,81)
1119:(13,82)
1120:(13,83)
1121:(13,84)
1122:(13,85)
1123:(13,86)
1124:(13,87)
1125:(13,88)
1126:(13,89)
1127:(13,90)
1128:(13,91)
1129:(13,92)
1130:(13,93)
1131:(13,94)
1132:(13,95)
1133:(13,96)
1134:(13,97)
1135:(13,98)
1136:(13,99)
1137:(13,100)
1138:(13,101)
1139:(13,102)
1140:(13,103)
1141:(13,104)
1142:(13,105)
1143:(13,106)
1144:(13,107)
1145:(13,108)
1146:(13,109)
1147:(13,110)
1148:(13,111)
1149:(13,112)
1150:(13,113)
1151:(13,114)
1152:(13,115)
1153:(13,116)
1154:(13,117)
1155:(13,118)
1156:(13,119)
1157:(13,120)
1158:(13,121)
1159:(13,122)
1160:(13,123)
1161:(13,124)
1162:(13,125)
1163:(13,126)
1164:(13,127)
1165:(13,128)
1166:(13,129)
1167:(13,130)
1168:(13,131)
1169:(13,132)
1170:(13,133)
1171:(13,134)
1172:(13,135)
1173:(13,136)
1174:(13,137)
1175:(13,138)
1176:(13,139)
1177:(13,140)
1178:(13,141)
1179:(13,142)
1180:(13,143)
1181:(13,144)
1182:(13,145)
1183:(13,146)
1184:(13,147)
1185:(13,148)
1186:(13,149)
1187:(13,150)
1188:(13,151)
1189:(13,152)
1190:(13,153)
1191:(13,154)
1192:(13,155)
1193:(14,0)
1194:(14,1)
1195:(14,2)
1196:(14,3)
1197:(14,4)
1198:(14,5)
1199:(14,6)
1200:(14,7)
1201:(14,8)
1202:(14,9)
1203:(14,10)
1204:(14,11)
1205:(14,12)
1206:(14,13)
1207:(14,14)
1208:(14,15)
1209:(14,16)
1210:(14,17)
1211:(14,18)
1212:(14,20)
1213:(14,21)
1214:(14,22)
1215:(14,23)
1216:(14,24)
1217:(14,25)
1218:(14,26)
1219:(14,27)
1220:(14,28)
1221:(14,29)
1222:(14,30)
1223:(14,31)
1224:(14,32)
1225:(14,33)
1226:(14,34)
1227:(14,35)
1228:(14,36)
1229:(14,37)
1230:(14,38)
1231:(14,39)
1232:(14,40)
1233:(14,41)
1234:(14,42)
1235:(14,43)
1236:(14,44)
1237:(14,45)
1238:(14,46)
1239:(14,47)
1240:(14,48)
1241:(14,49)
1242:(14,50)
1243:(14,51)
1244:(14,52)
1245:(14,53)
1246:(14,54)
1247:(14,55)
1248:(14,56)
1249:(14,57)
1250:(14,58)
1251:(14,59)
1252:(14,60)
1253:(14,61)
1254:(14,62)
1255:(14,63)
1256:(14,64)
1257:(14,65)
1258:(14,66)
1259:(14,67)
1260:(14,68)
1261:(14,69)
1262:(14,70)
1263:(14,71)
1264:(14,72)
1265:(14,73)
1266:(14,74)
1267:(14,75)
1268:(14,76)
1269:(14,77)
1270:(14,78)
1271:(14,79)
1272:(14,80)
1273:(14,81)
1274:(14,82)
1275:(14,83)
1276:(14,84)
1277:(14,85)
1278:(14,86)
1279:(14,87)
1280:(14,88)
1281:(14,89)
1282:(14,90)
1283:(14,91)
1284:(14,92)
1285:(14,93)
1286:(14,94)
1287:(14,95)
1288:(14,96)
1289:(14,97)
1290:(14,98)
1291:(14,99)
1292:(14,100)
1293:(14,101)
1294:(14,102)
1295:(14,103)
1296:(14,104)
1297:(14,105)
1298:(14,106)
1299:(14,107)
1300:(14,108)
1301:(14,109)
1302:(14,110)
1303:(14,111)
1304:(14,112)
1305:(14,113)
1306:(14,114)
1307:(14,115)
1308:(14,116)
1309:(14,117)
1310:(14,118)
1311:(14,119)
1312:(14,120)
1313:(14,121)
1314:(14,122)
1315:(14,123)
1316:(14,124)
1317:(14,125)
1318:(14,126)
1319:(14,127)
1320:(14,128)
1321:(14,129)
1322:(14,130)
1323:(14,131)
1324:(14,132)
1325:(14,133)
1326:(14,134)
1327:(14,135)
1328:(14,136)
1329:(14,137)
1330:(14,138)
1331:(14,139)
1332:(14,140)
1333:(14,141)
1334:(14,142)
1335:(14,143)
1336:(14,144)
1337:(14,145)
1338:(14,146)
1339:(14,147)
1340:(14,148)
1341:(14,149)
1342:(14,150)
1343:(14,151)
1344:(14,152)
1345:(14,153)
1346:(14,154)
1347:(14,155)
1348:(15,0)
1349:(15,1)
1350:(15,2)
1351:(15,3)
1352:(15,4)
1353:(15,5)
1354:(15,6)
1355:(15,7)
1356:(15,8)
1357:(15,9)
1358:(15,10)
1359:(15,11)
1360:(15,12)
1361:(15,13)
1362:(15,14)
1363:(15,15)
1364:(15,16)
1365:(15,17)
1366:(15,18)
1367:(15,20)
1368:(15,21)
1369:(15,22)
1370:(15,23)
1371:(15,24)
1372:(15,25)
1373:(15,26)
1374:(15,27)
1375:(15,28)
1376:(15,29)
1377:(15,30)
1378:(15,31)
1379:(15,32)
1380:(15,33)
1381:(15,34)
1382:(15,35)
1383:(15,36)
1384:(15,37)
1385:(15,38)
1386:(15,39)
1387:(15,40)
1388:(15,41)
1389:(15,42)
1390:(15,43)
1391:(15,44)
1392:(15,45)
1393:(15,46)
1394:(15,47)
1395:(15,48)
1396:(15,49)
1397:(15,50)
1398:(15,51)
1399:(15,52)
1400:(15,53)
1401:(15,54)
1402:(15,55)
1403:(15,56)
1404:(15,57)
1405:(15,58)
1406:(15,59)
1407:(15,60)
1408:(15,61)
1409:(15,62)
1410:(15,63)
1411:(15,64)
1412:(15,65)
1413:(15,66)
1414:(15,67)
1415:(15,68)
1416:(15,69)
1417:(15,70)
1418:(15,71)
1419:(15,72)
1420:(15,73)
1421:(15,74)
1422:(15,75)
1423:(15,76)
1424:(15,77)
1425:(15,78)
1426:(15,79)
1427:(15,80)
1428:(15,81)
1429:(15,82)
1430:(15,83)
1431:(15,84)
1432:(15,85)
1433:(15,86)
1434:(15,87)
1435:(15,88)
1436:(15,89)
1437:(15,90)
1438:(15,91)
1439:(15,92)
1440:(15,93)
1441:(15,94)
1442:(15,95)
1443:(15,96)
1444:(15,97)
1445:(15,98)
1446:(15,99)
1447:(15,100)
1448:(15,101)
1449:(15,102)
1450:(15,103)
1451:(15,104)
1452:(15,105)
1453:(15,106)
1454:(15,107)
1455:(15,108)
1456:(15,109)
1457:(15,110)
1458:(15,111)
1459:(15,112)
1460:(15,113)
1461:(15,114)
1462:(15,115)
1463:(15,116)
1464:(15,117)
1465:(15,118)
1466:(15,119)
1467:(15,120)
1468:(15,121)
1469:(15,122)
1470:(15,123)
1471:(15,124)
1472:(15,125)
1473:(15,126)
1474:(15,127)
1475:(15,128)
1476:(15,129)
1477:(15,130)
1478:(15,131)
1479:(15,132)
1480:(15,133)
1481:(15,134)
1482:(15,135)
1483:(15,136)
1484:(15,137)
1485:(15,138)
1486:(15,139)
1487:(15,140)
1488:(15,141)
1489:(15,142)
1490:(15,143)
1491:(15,144)
1492:(15,145)
1493:(15,146)
1494:(15,147)
1495:(15,148)
1496:(15,149)
1497:(15,150)
1498:(15,151)
1499:(15,152)
1500:(15,153)
1501:(15,154)
1502:(15,155)
1503:(16,0)
1504:(16,1)
1505:(16,2)
1506:(16,3)
1507:(16,4)
1508:(16,5)
1509:(16,6)
1510:(16,7)
1511:(16,8)
1512:(16,9)
1513:(16,10)
1514:(16,11)
1515:(16,12)
1516:(16,13)
1517:(16,14)
1518:(16,15)
1519:(16,16)
1520:(16,17)
1521:(16,18)
1522:(16,20)
1523:(16,21)
1524:(16,22)
1525:(16,23)
1526:(16,24)
1527:(16,25)
1528:(16,26)
1529:(16,27)
1530:(16,28)
1531:(16,29)
1532:(16,30)
1533:(16,31)
1534:(16,32)
1535:(16,33)
1536:(16,34)
1537:(16,35)
1538:(16,36)
1539:(16,37)
1540:(16,38)
1541:(16,39)
1542:(16,40)
1543:(16,41)
1544:(16,42)
1545:(16,43)
1546:(16,44)
1547:(16,45)
1548:(16,46)
1549:(16,47)
1550:(16,48)
1551:(16,49)
1552:(16,50)
1553:(16,51)
1554:(16,52)
1555:(16,53)
1556:(16,54)
1557:(16,55)
1558:(16,56)
1559:(16,57)
1560:(16,58)
1561:(16,59)
1562:(16,60)
1563:(16,61)
1564:(16,62)
1565:(16,63)
1566:(16,64)
1567:(16,65)
1568:(16,66)
1569:(16,67)
1570:(16,68)
1571:(16,69)
1572:(16,70)
1573:(16,71)
1574:(16,72)
1575:(16,73)
1576:(16,74)
1577:(16,75)
1578:(16,76)
1579:(16,77)
1580:(16,78)
1581:(16,79)
1582:(16,80)
1583:(16,81)
1584:(16,82)
1585:(16,83)
1586:(16,84)
1587:(16,85)
1588:(16,86)
1589:(16,87)
1590:(16,88)
1591:(16,89)
1592:(16,90)
1593:(16,91)
1594:(16,92)
1595:(16,93)
1596:(16,94)
1597:(16,95)
1598:(16,96)
1599:(16,97)
1600:(16,98)
1601:(16,99)
1602:(16,100)
1603:(16,101)
1604:(16,102)
1605:(16,103)
1606:(16,104)
1607:(16,105)
1608:(16,106)
1609:(16,107)
1610:(16,108)
1611:(16,109)
1612:(16,110)
1613:(16,111)
1614:(16,112)
1615:(16,113)
1616:(16,114)
1617:(16,115)
1618:(16,116)
1619:(16,117)
1620:(16,118)
1621:(16,119)
1622:(16,120)
1623:(16,121)
1624:(16,122)
1625:(16,123)
1626:(16,124)
1627:(16,125)
1628:(16,126)
1629:(16,127)
1630:(16,128)
1631:(16,129)
1632:(16,130)
1633:(16,131)
1634:(16,132)
1635:(16,133)
1636:(16,134)
1637:(16,135)
1638:(16,136)
1639:(16,137)
1640:(16,138)
1641:(16,139)
1642:(16,140)
1643:(16,141)
1644:(16,142)
1645:(16,143)
1646:(16,144)
1647:(16,145)
1648:(16,146)
1649:(16,147)
1650:(16,148)
1651:(16,149)
1652:(16,150)
1653:(16,151)
1654:(16,152)
1655:(16,153)
1656:(16,154)
1657:(16,155)
1658:(17,0)
1659:(17,1)
1660:(17,2)
1661:(17,3)
1662:(17,4)
1663:(17,5)
1664:(17,6)
1665:(17,7)
1666:(17,8)
1667:(17,9)
1668:(17,10)
1669:(17,11)
1670:(17,12)
1671:(17,13)
1672:(17,14)
1673:(17,15)
1674:(17,16)
1675:(17,17)
1676:(17,18)
1677:(17,20)
1678:(17,21)
1679:(17,22)
1680:(17,23)
1681:(17,24)
1682:(17,25)
1683:(17,26)
1684:(17,27)
1685:(17,28)
1686:(17,29)
1687:(17,30)
1688:(17,31)
1689:(17,32)
1690:(17,33)
1691:(17,34)
1692:(17,35)
1693:(17,36)
1694:(17,37)
1695:(17,38)
1696:(17,39)
1697:(17,40)
1698:(17,41)
1699:(17,42)
1700:(17,43)
1701:(17,44)
1702:(17,45)
1703:(17,46)
1704:(17,47)
1705:(17,48)
1706:(17,49)
1707:(17,50)
1708:(17,51)
1709:(17,52)
1710:(17,53)
1711:(17,54)
1712:(17,55)
1713:(17,56)
1714:(17,57)
1715:(17,58)
1716:(17,59)
1717:(17,60)
1718:(17,61)
1719:(17,62)
1720:(17,63)
1721:(17,64)
1722:(17,65)
1723:(17,66)
1724:(17,67)
1725:(17,68)
1726:(17,69)
1727:(17,70)
1728:(17,71)
1729:(17,72)
1730:(17,73)
1731:(17,74)
1732:(17,75)
1733:(17,76)
1734:(17,77)
1735:(17,78)
1736:(17,79)
1737:(17,80)
1738:(17,81)
1739:(17,82)
1740:(17,83)
1741:(17,84)
1742:(17,85)
1743:(17,86)
1744:(17,87)
1745:(17,88)
1746:(17,89)
1747:(17,90)
1748:(17,91)
1749:(17,92)
1750:(17,93)
1751:(17,94)
1752:(17,95)
1753:(17,96)
1754:(17,97)
1755:(17,98)
1756:(17,99)
1757:(17,100)
1758:(17,101)
1759:(17,102)
1760:(17,103)
1761:(17,104)
1762:(17,105)
1763:(17,106)
1764:(17,107)
1765:(17,108)
1766:(17,109)
1767:(17,110)
1768:(17,111)
1769:(17,112)
1770:(17,113)
1771:(17,114)
1772:(17,115)
1773:(17,116)
1774:(17,117)
1775:(17,118)
1776:(17,119)
1777:(17,120)
1778:(17,121)
1779:(17,122)
1780:(17,123)
1781:(17,124)
1782:(17,125)
1783:(17,126)
1784:(17,127)
1785:(17,128)
1786:(17,129)
1787:(17,130)
1788:(17,131)
1789:(17,132)
1790:(17,133)
1791:(17,134)
1792:(17,135)
1793:(17,136)
1794:(17,137)
1795:(17,138)
1796:(17,139)
1797:(17,140)
1798:(17,141)
1799:(17,142)
1800:(17,143)
1801:(17,144)
1802:(17,145)
1803:(17,146)
1804:(17,147)
1805:(17,148)
1806:(17,149)
1807:(17,150)
1808:(17,151)
1809:(17,152)
1810:(17,153)
1811:(17,154)
1812:(17,155)
1813:(18,0)
1814:(18,1)
1815:(18,2)
1816:(18,3)
1817:(18,4)
1818:(18,5)
1819:(18,6)
1820:(18,7)
1821:(18,8)
1822:(18,9)
1823:(18,10)
1824:(18,11)
1825:(18,12)
1826:(18,13)
1827:(18,14)
1828:(18,15)
1829:(18,16)
1830:(18,17)
1831:(18,18)
1832:(18,20)
1833:(18,21)
1834:(18,22)
1835:(18,23)
1836:(18,24)
1837:(18,25)
1838:(18,26)
1839:(18,27)
1840:(18,28)
1841:(18,29)
1842:(18,30)
1843:(18,31)
1844:(18,32)
1845:(18,33)
1846:(18,34)
1847:(18,35)
1848:(18,36)
1849:(18,37)
1850:(18,38)
1851:(18,39)
1852:(18,40)
1853:(18,41)
1854:(18,42)
1855:(18,43)
1856:(18,44)
1857:(18,45)
1858:(18,46)
1859:(18,47)
1860:(18,48)
1861:(18,49)
1862:(18,50)
1863:(18,51)
1864:(18,52)
1865:(18,53)
1866:(18,54)
1867:(18,55)
1868:(18,56)
1869:(18,57)
1870:(18,58)
1871:(18,59)
1872:(18,60)
1873:(18,61)
1874:(18,62)
1875:(18,63)
1876:(18,64)
1877:(18,65)
1878:(18,66)
1879:(18,67)
1880:(18,68)
1881:(18,69)
1882:(18,70)
1883:(18,71)
1884:(18,72)
1885:(18,73)
1886:(18,74)
1887:(18,75)
1888:(18,76)
1889:(18,77)
1890:(18,78)
1891:(18,79)
1892:(18,80)
1893:(18,81)
1894:(18,82)
1895:(18,83)
1896:(18,84)
1897:(18,85)
1898:(18,86)
1899:(18,87)
1900:(18,88)
1901:(18,89)
1902:(18,90)
1903:(18,91)
1904:(18,92)
1905:(18,93)
1906:(18,94)
1907:(18,95)
1908:(18,96)
1909:(18,97)
1910:(18,98)
1911:(18,99)
1912:(18,100)
1913:(18,101)
1914:(18,102)
1915:(18,103)
1916:(18,104)
1917:(18,105)
1918:(18,106)
1919:(18,107)
1920:(18,108)
1921:(18,109)
1922:(18,110)
1923:(18,111)
1924:(18,112)
1925:(18,113)
1926:(18,114)
1927:(18,115)
1928:(18,116)
1929:(18,117)
1930:(18,118)
1931:(18,119)
1932:(18,120)
1933:(18,121)
1934:(18,122)
1935:(18,123)
1936:(18,124)
1937:(18,125)
1938:(18,126)
1939:(18,127)
1940:(18,128)
1941:(18,129)
1942:(18,130)
1943:(18,131)
1944:(18,132)
1945:(18,133)
1946:(18,134)
1947:(18,135)
1948:(18,136)
1949:(18,137)
1950:(18,138)
1951:(18,139)
1952:(18,140)
1953:(18,141)
1954:(18,142)
1955:(18,143)
1956:(18,144)
1957:(18,145)
1958:(18,146)
1959:(18,147)
1960:(18,148)
1961:(18,149)
1962:(18,150)
1963:(18,151)
1964:(18,152)
1965:(18,153)
1966:(18,154)
1967:(18,155)
1968:(19,0)
1969:(19,1)
1970:(19,2)
1971:(19,3)
1972:(19,4)
1973:(19,5)
1974:(19,6)
1975:(19,7)
1976:(19,8)
1977:(19,9)
1978:(19,10)
1979:(19,11)
1980:(19,12)
1981:(19,13)
1982:(19,14)
1983:(19,15)
1984:(19,16)
1985:(19,17)
1986:(19,18)
1987:(19,20)
1988:(19,21)
1989:(19,22)
1990:(19,23)
1991:(19,24)
1992:(19,25)
1993:(19,26)
1994:(19,27)
1995:(19,28)
1996:(19,29)
1997:(19,30)
1998:(19,31)
1999:(19,32)
2000:(19,33)
2001:(19,34)
2002:(19,35)
2003:(19,36)
2004:(19,37)
2005:(19,38)
2006:(19,39)
2007:(19,40)
2008:(19,41)
2009:(19,42)
2010:(19,43)
2011:(19,44)
2012:(19,45)
2013:(19,46)
2014:(19,47)
2015:(19,48)
2016:(19,49)
2017:(19,50)
2018:(19,51)
2019:(19,52)
2020:(19,53)
2021:(19,54)
2022:(19,55)
2023:(19,56)
2024:(19,57)
2025:(19,58)
2026:(19,59)
2027:(19,60)
2028:(19,61)
2029:(19,62)
2030:(19,63)
2031:(19,64)
2032:(19,65)
2033:(19,66)
2034:(19,67)
2035:(19,68)
2036:(19,69)
2037:(19,70)
2038:(19,71)
2039:(19,72)
2040:(19,73)
2041:(19,74)
2042:(19,75)
2043:(19,76)
2044:(19,77)
2045:(19,78)
2046:(19,79)
2047:(19,80)
2048:(19,81)
2049:(19,82)
2050:(19,83)
2051:(19,84)
2052:(19,85)
2053:(19,86)
2054:(19,87)
2055:(19,88)
2056:(19,89)
2057:(19,90)
2058:(19,91)
2059:(19,92)
2060:(19,93)
2061:(19,94)
2062:(19,95)
2063:(19,96)
2064:(19,97)
2065:(19,98)
2066:(19,99)
2067:(19,100)
2068:(19,101)
2069:(19,102)
2070:(19,103)
2071:(19,104)
2072:(19,105)
2073:(19,106)
2074:(19,107)
2075:(19,108)
2076:(19,109)
2077:(19,110)
2078:(19,111)
2079:(19,112)
2080:(19,113)
2081:(19,114)
2082:(19,115)
2083:(19,116)
2084:(19,117)
2085:(19,118)
2086:(19,119)
2087:(19,120)
2088:(19,121)
2089:(19,122)
2090:(19,123)
2091:(19,124)
2092:(19,125)
2093:(19,126)
2094:(19,127)
2095:(19,128)
2096:(19,129)
2097:(19,130)
2098:(19,131)
2099:(19,132)
2100:(19,133)
2101:(19,134)
2102:(19,135)
2103:(19,136)
2104:(19,137)
2105:(19,138)
2106:(19,139)
2107:(19,140)
2108:(19,141)
2109:(19,142)
2110:(19,143)
2111:(19,144)
2112:(19,145)
2113:(19,146)
2114:(19,147)
2115:(19,148)
2116:(19,149)
2117:(19,150)
2118:(19,151)
2119:(19,152)
2120:(19,153)
2121:(19,154)
2122:(19,155)
2123:(20,0)
2124:(20,1)
2125:(20,2)
2126:(20,3)
2127:(20,4)
2128:(20,5)
2129:(20,6)
2130:(20,7)
2131:(20,8)
2132:(20,9)
2133:(20,10)
2134:(20,11)
2135:(20,12)
2136:(20,13)
2137:(20,14)
2138:(20,15)
2139:(20,16)
2140:(20,17)
2141:(20,18)
2142:(20,20)
2143:(20,21)
2144:(20,22)
2145:(20,23)
2146:(20,24)
2147:(20,25)
2148:(20,26)
2149:(20,27)
2150:(20,28)
2151:(20,29)
2152:(20,30)
2153:(20,31)
2154:(20,32)
2155:(20,33)
2156:(20,34)
2157:(20,35)
2158:(20,36)
2159:(20,37)
2160:(20,38)
2161:(20,39)
2162:(20,40)
2163:(20,41)
2164:(20,42)
2165:(20,43)
2166:(20,44)
2167:(20,45)
2168:(20,46)
2169:(20,47)
2170:(20,48)
2171:(20,49)
2172:(20,50)
2173:(20,51)
2174:(20,52)
2175:(20,53)
2176:(20,54)
2177:(20,55)
2178:(20,56)
2179:(20,57)
2180:(20,58)
2181:(20,59)
2182:(20,60)
2183:(20,61)
2184:(20,62)
2185:(20,63)
2186:(20,64)
2187:(20,65)
2188:(20,66)
2189:(20,67)
2190:(20,68)
2191:(20,69)
2192:(20,70)
2193:(20,71)
2194:(20,72)
2195:(20,73)
2196:(20,74)
2197:(20,75)
2198:(20,76)
2199:(20,77)
2200:(20,78)
2201:(20,79)
2202:(20,80)
2203:(20,81)
2204:(20,82)
2205:(20,83)
2206:(20,84)
2207:(20,85)
2208:(20,86)
2209:(20,87)
2210:(20,88)
2211:(20,89)
2212:(20,90)
2213:(20,91)
2214:(20,92)
2215:(20,93)
2216:(20,94)
2217:(20,95)
2218:(20,96)
2219:(20,97)
2220:(20,98)
2221:(20,99)
2222:(20,100)
2223:(20,101)
2224:(20,102)
2225:(20,103)
2226:(20,104)
2227:(20,105)
2228:(20,106)
2229:(20,107)
2230:(20,108)
2231:(20,109)
2232:(20,110)
2233:(20,111)
2234:(20,112)
2235:(20,113)
2236:(20,114)
2237:(20,115)
2238:(20,116)
2239:(20,117)
2240:(20,118)
2241:(20,119)
2242:(20,120)
2243:(20,121)
2244:(20,122)
2245:(20,123)
2246:(20,124)
2247:(20,125)
2248:(20,126)
2249:(20,127)
2250:(20,128)
2251:(20,129)
2252:(20,130)
2253:(20,131)
2254:(20,132)
2255:(20,133)
2256:(20,134)
2257:(20,135)
2258:(20,136)
2259:(20,137)
2260:(20,138)
2261:(20,139)
2262:(20,140)
2263:(20,141)
2264:(20,142)
2265:(20,143)
2266:(20,144)
2267:(20,145)
2268:(20,146)
2269:(20,147)
2270:(20,148)
2271:(20,149)
2272:(20,150)
2273:(20,151)
2274:(20,152)
2275:(20,153)
2276:(20,154)
2277:(20,155)
2278:(21,0)
2279:(21,1)
2280:(21,2)
2281:(21,3)
2282:(21,4)
2283:(21,5)
2284:(21,6)
2285:(21,7)
2286:(21,8)
2287:(21,9)
2288:(21,10)
2289:(21,11)
2290:(21,12)
2291:(21,13)
2292:(21,14)
2293:(21,15)
2294:(21,16)
2295:(21,17)
2296:(21,18)
2297:(21,20)
2298:(21,21)
2299:(21,22)
2300:(21,23)
2301:(21,24)
2302:(21,25)
2303:(21,26)
2304:(21,27)
2305:(21,28)
2306:(21,29)
2307:(21,30)
2308:(21,31)
2309:(21,32)
2310:(21,33)
2311:(21,34)
2312:(21,35)
2313:(21,36)
2314:(21,37)
2315:(21,38)
2316:(21,39)
2317:(21,40)
2318:(21,41)
2319:(21,42)
2320:(21,43)
2321:(21,44)
2322:(21,45)
2323:(21,46)
2324:(21,47)
2325:(21,48)
2326:(21,49)
2327:(21,50)
2328:(21,51)
2329:(21,52)
2330:(21,53)
2331:(21,54)
2332:(21,55)
2333:(21,56)
2334:(21,57)
2335:(21,58)
2336:(21,59)
2337:(21,60)
2338:(21,61)
2339:(21,62)
2340:(21,63)
2341:(21,64)
2342:(21,65)
2343:(21,66)
2344:(21,67)
2345:(21,68)
2346:(21,69)
2347:(21,70)
2348:(21,71)
2349:(21,72)
2350:(21,73)
2351:(21,74)
2352:(21,75)
2353:(21,76)
2354:(21,77)
2355:(21,78)
2356:(21,79)
2357:(21,80)
2358:(21,81)
2359:(21,82)
2360:(21,83)
2361:(21,84)
2362:(21,85)
2363:(21,86)
2364:(21,87)
2365:(21,88)
2366:(21,89)
2367:(21,90)
2368:(21,91)
2369:(21,92)
2370:(21,93)
2371:(21,94)
2372:(21,95)
2373:(21,96)
2374:(21,97)
2375:(21,98)
2376:(21,99)
2377:(21,100)
2378:(21,101)
2379:(21,102)
2380:(21,103)
2381:(21,104)
2382:(21,105)
2383:(21,106)
2384:(21,107)
2385:(21,108)
2386:(21,109)
2387:(21,110)
2388:(21,111)
2389:(21,112)
2390:(21,113)
2391:(21,114)
2392:(21,115)
2393:(21,116)
2394:(21,117)
2395:(21,118)
2396:(21,119)
2397:(21,120)
2398:(21,121)
2399:(21,122)
2400:(21,123)
2401:(21,124)
2402:(21,125)
2403:(21,126)
2404:(21,127)
2405:(21,128)
2406:(21,129)
2407:(21,130)
2408:(21,131)
2409:(21,132)
2410:(21,133)
2411:(21,134)
2412:(21,135)
2413:(21,136)
2414:(21,137)
2415:(21,138)
2416:(21,139)
2417:(21,140)
2418:(21,141)
2419:(21,142)
2420:(21,143)
2421:(21,144)
2422:(21,145)
2423:(21,146)
2424:(21,147)
2425:(21,148)
2426:(21,149)
2427:(21,150)
2428:(21,151)
2429:(21,152)
2430:(21,153)
2431:(21,154)
2432:(21,155)
2433:(22,0)
2434:(22,1)
2435:(22,2)
2436:(22,3)
2437:(22,4)
2438:(22,5)
2439:(22,6)
2440:(22,7)
2441:(22,8)
2442:(22,9)
2443:(22,10)
2444:(22,11)
2445:(22,12)
2446:(22,13)
2447:(22,14)
2448:(22,15)
2449:(22,16)
2450:(22,17)
2451:(22,18)
2452:(22,20)
2453:(22,21)
2454:(22,22)
2455:(22,23)
2456:(22,24)
2457:(22,25)
2458:(22,26)
2459:(22,27)
2460:(22,28)
2461:(22,29)
2462:(22,30)
2463:(22,31)
2464:(22,32)
2465:(22,33)
2466:(22,34)
2467:(22,35)
2468:(22,36)
2469:(22,37)
2470:(22,38)
2471:(22,39)
2472:(22,40)
2473:(22,41)
2474:(22,42)
2475:(22,43)
2476:(22,44)
2477:(22,45)
2478:(22,46)
2479:(22,47)
2480:(22,48)
2481:(22,49)
2482:(22,50)
2483:(22,51)
2484:(22,52)
2485:(22,53)
2486:(22,54)
2487:(22,55)
2488:(22,56)
2489:(22,57)
2490:(22,58)
2491:(22,59)
2492:(22,60)
2493:(22,61)
2494:(22,62)
2495:(22,63)
2496:(22,64)
2497:(22,65)
2498:(22,66)
2499:(22,67)
2500:(22,68)
2501:(22,69)
2502:(22,70)
2503:(22,71)
2504:(22,72)
2505:(22,73)
2506:(22,74)
2507:(22,75)
2508:(22,76)
2509:(22,77)
2510:(22,78)
2511:(22,79)
2512:(22,80)
2513:(22,81)
2514:(22,82)
2515:(22,83)
2516:(22,84)
2517:(22,85)
2518:(22,86)
2519:(22,87)
2520:(22,88)
2521:(22,89)
2522:(22,90)
2523:(22,91)
2524:(22,92)
2525:(22,93)
2526:(22,94)
2527:(22,95)
2528:(22,96)
2529:(22,97)
2530:(22,98)
2531:(22,99)
2532:(22,100)
2533:(22,101)
2534:(22,102)
2535:(22,103)
2536:(22,104)
2537:(22,105)
2538:(22,106)
2539:(22,107)
2540:(22,108)
2541:(22,109)
2542:(22,110)
2543:(22,111)
2544:(22,112)
2545:(22,113)
2546:(22,114)
2547:(22,115)
2548:(22,116)
2549:(22,117)
2550:(22,118)
2551:(22,119)
2552:(22,120)
2553:(22,121)
2554:(22,122)
2555:(22,123)
2556:(22,124)
2557:(22,125)
2558:(22,126)
2559:(22,127)
2560:(22,128)
2561:(22,129)
2562:(22,130)
2563:(22,131)
2564:(22,132)
2565:(22,133)
2566:(22,134)
2567:(22,135)
2568:(22,136)
2569:(22,137)
2570:(22,138)
2571:(22,139)
2572:(22,140)
2573:(22,141)
2574:(22,142)
2575:(22,143)
2576:(22,144)
2577:(22,145)
2578:(22,146)
2579:(22,147)
2580:(22,148)
2581:(22,149)
2582:(22,150)
2583:(22,151)
2584:(22,152)
2585:(22,153)
2586:(22,154)
2587:(22,155)
2588:(23,0)
2589:(23,1)
2590:(23,2)
2591:(23,3)
2592:(23,4)
2593:(23,5)
2594:(23,6)
2595:(23,7)
2596:(23,8)
2597:(23,9)
2598:(23,10)
2599:(23,11)
2600:(23,12)
2601:(23,13)
2602:(23,14)
2603:(23,15)
2604:(23,16)
2605:(23,17)
2606:(23,18)
2607:(23,20)
2608:(23,21)
2609:(23,22)
2610:(23,23)
2611:(23,24)
2612:(23,25)
2613:(23,26)
2614:(23,27)
2615:(23,28)
2616:(23,29)
2617:(23,30)
2618:(23,31)
2619:(23,32)
2620:(23,33)
2621:(23,34)
2622:(23,35)
2623:(23,36)
2624:(23,37)
2625:(23,38)
2626:(23,39)
2627:(23,40)
2628:(23,41)
2629:(23,42)
2630:(23,43)
2631:(23,44)
2632:(23,45)
2633:(23,46)
2634:(23,47)
2635:(23,48)
2636:(23,49)
2637:(23,50)
2638:(23,51)
2639:(23,52)
2640:(23,53)
2641:(23,54)
2642:(23,55)
2643:(23,56)
2644:(23,57)
2645:(23,58)
2646:(23,59)
2647:(23,60)
2648:(23,61)
2649:(23,62)
2650:(23,63)
2651:(23,64)
2652:(23,65)
2653:(23,66)
2654:(23,67)
2655:(23,68)
2656:(23,69)
2657:(23,70)
2658:(23,71)
2659:(23,72)
2660:(23,73)
2661:(23,74)
2662:(23,75)
2663:(23,76)
2664:(23,77)
2665:(23,78)
2666:(23,79)
2667:(23,80)
2668:(23,81)
2669:(23,82)
2670:(23,83)
2671:(23,84)
2672:(23,85)
2673:(23,86)
2674:(23,87)
2675:(23,88)
2676:(23,89)
2677:(23,90)
2678:(23,91)
2679:(23,92)
2680:(23,93)
2681:(23,94)
2682:(23,95)
2683:(23,96)
2684:(23,97)
2685:(23,98)
2686:(23,99)
2687:(23,100)
2688:(23,101)
2689:(23,102)
2690:(23,103)
2691:(23,104)
2692:(23,105)
2693:(23,106)
2694:(23,107)
2695:(23,108)
2696:(23,109)
2697:(23,110)
2698:(23,111)
2699:(23,112)
2700:(23,113)
2701:(23,114)
2702:(23,115)
2703:(23,116)
2704:(23,117)
2705:(23,118)
2706:(23,119)
2707:(23,120)
2708:(23,121)
2709:(23,122)
2710:(23,123)
2711:(23,124)
2712:(23,125)
2713:(23,126)
2714:(23,127)
2715:(23,128)
2716:(23,129)
2717:(23,130)
2718:(23,131)
2719:(23,132)
2720:(23,133)
2721:(23,134)
2722:(23,135)
2723:(23,136)
2724:(23,137)
2725:(23,138)
2726:(23,139)
2727:(23,140)
2728:(23,141)
2729:(23,142)
2730:(23,143)
2731:(23,144)
2732:(23,145)
2733:(23,146)
2734:(23,147)
2735:(23,148)
2736:(23,149)
2737:(23,150)
2738:(23,151)
2739:(23,152)
2740:(23,153)
2741:(23,154)
2742:(23,155)
2743:(24,0)
2744:(24,1)
2745:(24,2)
2746:(24,3)
2747:(24,4)
2748:(24,5)
2749:(24,6)
2750:(24,7)
2751:(24,8)
2752:(24,9)
2753:(24,10)
2754:(24,11)
2755:(24,12)
2756:(24,13)
2757:(24,14)
2758:(24,15)
2759:(24,16)
2760:(24,17)
2761:(24,18)
2762:(24,20)
2763:(24,21)
2764:(24,22)
2765:(24,23)
2766:(24,24)
2767:(24,25)
2768:(24,26)
2769:(24,27)
2770:(24,28)
2771:(24,29)
2772:(24,30)
2773:(24,31)
2774:(24,32)
2775:(24,33)
2776:(24,34)
2777:(24,35)
2778:(24,36)
2779:(24,37)
2780:(24,38)
2781:(24,39)
2782:(24,40)
2783:(24,41)
2784:(24,42)
2785:(24,43)
2786:(24,44)
2787:(24,45)
2788:(24,46)
2789:(24,47)
2790:(24,48)
2791:(24,49)
2792:(24,50)
2793:(24,51)
2794:(24,52)
2795:(24,53)
2796:(24,54)
2797:(24,55)
2798:(24,56)
2799:(24,57)
2800:(24,58)
2801:(24,59)
2802:(24,60)
2803:(24,61)
2804:(24,62)
2805:(24,63)
2806:(24,64)
2807:(24,65)
2808:(24,66)
2809:(24,67)
2810:(24,68)
2811:(24,69)
2812:(24,70)
2813:(24,71)
2814:(24,72)
2815:(24,73)
2816:(24,74)
2817:(24,75)
2818:(24,76)
2819:(24,77)
2820:(24,78)
2821:(24,79)
2822:(24,80)
2823:(24,81)
2824:(24,82)
2825:(24,83)
2826:(24,84)
2827:(24,85)
2828:(24,86)
2829:(24,87)
2830:(24,88)
2831:(24,89)
2832:(24,90)
2833:(24,91)
2834:(24,92)
2835:(24,93)
2836:(24,94)
2837:(24,95)
2838:(24,96)
2839:(24,97)
2840:(24,98)
2841:(24,99)
2842:(24,100)
2843:(24,101)
2844:(24,102)
2845:(24,103)
2846:(24,104)
2847:(24,105)
2848:(24,106)
2849:(24,107)
2850:(24,108)
2851:(24,109)
2852:(24,110)
2853:(24,111)
2854:(24,112)
2855:(24,113)
2856:(24,114)
2857:(24,115)
2858:(24,116)
2859:(24,117)
2860:(24,118)
2861:(24,119)
2862:(24,120)
2863:(24,121)
2864:(24,122)
2865:(24,123)
2866:(24,124)
2867:(24,125)
2868:(24,126)
2869:(24,127)
2870:(24,128)
2871:(24,129)
2872:(24,130)
2873:(24,131)
2874:(24,132)
2875:(24,133)
2876:(24,134)
2877:(24,135)
2878:(24,136)
2879:(24,137)
2880:(24,138)
2881:(24,139)
2882:(24,140)
2883:(24,141)
2884:(24,142)
2885:(24,143)
2886:(24,144)
2887:(24,145)
2888:(24,146)
2889:(24,147)
2890:(24,148)
2891:(24,149)
2892:(24,150)
2893:(24,151)
2894:(24,152)
2895:(24,153)
2896:(24,154)
2897:(24,155)
2898:(25,0)
2899:(25,1)
2900:(25,2)
2901:(25,3)
2902:(25,4)
2903:(25,5)
2904:(25,6)
2905:(25,7)
2906:(25,8)
2907:(25,9)
2908:(25,10)
2909:(25,11)
2910:(25,12)
2911:(25,13)
2912:(25,14)
2913:(25,15)
2914:(25,16)
2915:(25,17)
2916:(25,18)
2917:(25,20)
2918:(25,21)
2919:(25,22)
2920:(25,23)
2921:(25,24)
2922:(25,25)
2923:(25,26)
2924:(25,27)
2925:(25,28)
2926:(25,29)
2927:(25,30)
2928:(25,31)
2929:(25,32)
2930:(25,33)
2931:(25,34)
2932:(25,35)
2933:(25,36)
2934:(25,37)
2935:(25,38)
2936:(25,39)
2937:(25,40)
2938:(25,41)
2939:(25,42)
2940:(25,43)
2941:(25,44)
2942:(25,45)
2943:(25,46)
2944:(25,47)
2945:(25,48)
2946:(25,49)
2947:(25,50)
2948:(25,51)
2949:(25,52)
2950:(25,53)
2951:(25,54)
2952:(25,55)
2953:(25,56)
2954:(25,57)
2955:(25,58)
2956:(25,59)
2957:(25,60)
2958:(25,61)
2959:(25,62)
2960:(25,63)
2961:(25,64)
2962:(25,65)
2963:(25,66)
2964:(25,67)
2965:(25,68)
2966:(25,69)
2967:(25,70)
2968:(25,71)
2969:(25,72)
2970:(25,73)
2971:(25,74)
2972:(25,75)
2973:(25,76)
2974:(25,77)
2975:(25,78)
2976:(25,79)
2977:(25,80)
2978:(25,81)
2979:(25,82)
2980:(25,83)
2981:(25,84)
2982:(25,85)
2983:(25,86)
2984:(25,87)
2985:(25,88)
2986:(25,89)
2987:(25,90)
2988:(25,91)
2989:(25,92)
2990:(25,93)
2991:(25,94)
2992:(25,95)
2993:(25,96)
2994:(25,97)
2995:(25,98)
2996:(25,99)
2997:(25,100)
2998:(25,101)
2999:(25,102)
3000:(25,103)
3001:(25,104)
3002:(25,105)
3003:(25,106)
3004:(25,107)
3005:(25,108)
3006:(25,109)
3007:(25,110)
3008:(25,111)
3009:(25,112)
3010:(25,113)
3011:(25,114)
3012:(25,115)
3013:(25,116)
3014:(25,117)
3015:(25,118)
3016:(25,119)
3017:(25,120)
3018:(25,121)
3019:(25,122)
3020:(25,123)
3021:(25,124)
3022:(25,125)
3023:(25,126)
3024:(25,127)
3025:(25,128)
3026:(25,129)
3027:(25,130)
3028:(25,131)
3029:(25,132)
3030:(25,133)
3031:(25,134)
3032:(25,135)
3033:(25,136)
3034:(25,137)
3035:(25,138)
3036:(25,139)
3037:(25,140)
3038:(25,141)
3039:(25,142)
3040:(25,143)
3041:(25,144)
3042:(25,145)
3043:(25,146)
3044:(25,147)
3045:(25,148)
3046:(25,149)
3047:(25,150)
3048:(25,151)
3049:(25,152)
3050:(25,153)
3051:(25,154)
3052:(25,155)
3053:(26,0)
3054:(26,1)
3055:(26,2)
3056:(26,3)
3057:(26,4)
3058:(26,5)
3059:(26,6)
3060:(26,7)
3061:(26,8)
3062:(26,9)
3063:(26,10)
3064:(26,11)
3065:(26,12)
3066:(26,13)
3067:(26,14)
3068:(26,15)
3069:(26,16)
3070:(26,17)
3071:(26,18)
3072:(26,20)
3073:(26,21)
3074:(26,22)
3075:(26,23)
3076:(26,24)
3077:(26,25)
3078:(26,26)
3079:(26,27)
3080:(26,28)
3081:(26,29)
3082:(26,30)
3083:(26,31)
3084:(26,32)
3085:(26,33)
3086:(26,34)
3087:(26,35)
3088:(26,36)
3089:(26,37)
3090:(26,38)
3091:(26,39)
3092:(26,40)
3093:(26,41)
3094:(26,42)
3095:(26,43)
3096:(26,44)
3097:(26,45)
3098:(26,46)
3099:(26,47)
3100:(26,48)
3101:(26,49)
3102:(26,50)
3103:(26,51)
3104:(26,52)
3105:(26,53)
3106:(26,54)
3107:(26,55)
3108:(26,56)
3109:(26,57)
3110:(26,58)
3111:(26,59)
3112:(26,60)
3113:(26,61)
3114:(26,62)
3115:(26,63)
3116:(26,64)
3117:(26,65)
3118:(26,66)
3119:(26,67)
3120:(26,68)
3121:(26,69)
3122:(26,70)
3123:(26,71)
3124:(26,72)
3125:(26,73)
3126:(26,74)
3127:(26,75)
3128:(26,76)
3129:(26,77)
3130:(26,78)
3131:(26,79)
3132:(26,80)
3133:(26,81)
3134:(26,82)
3135:(26,83)
3136:(26,84)
3137:(26,85)
3138:(26,86)
3139:(26,87)
3140:(26,88)
3141:(26,89)
3142:(26,90)
3143:(26,91)
3144:(26,92)
3145:(26,93)
3146:(26,94)
3147:(26,95)
3148:(26,96)
3149:(26,97)
3150:(26,98)
3151:(26,99)
3152:(26,100)
3153:(26,101)
3154:(26,102)
3155:(26,103)
3156:(26,104)
3157:(26,105)
3158:(26,106)
3159:(26,107)
3160:(26,108)
3161:(26,109)
3162:(26,110)
3163:(26,111)
3164:(26,112)
3165:(26,113)
3166:(26,114)
3167:(26,115)
3168:(26,116)
3169:(26,117)
3170:(26,118)
3171:(26,119)
3172:(26,120)
3173:(26,121)
3174:(26,122)
3175:(26,123)
3176:(26,124)
3177:(26,125)
3178:(26,126)
3179:(26,127)
3180:(26,128)
3181:(26,129)
3182:(26,130)
3183:(26,131)
3184:(26,132)
3185:(26,133)
3186:(26,134)
3187:(26,135)
3188:(26,136)
3189:(26,137)
3190:(26,138)
3191:(26,139)
3192:(26,140)
3193:(26,141)
3194:(26,142)
3195:(26,143)
3196:(26,144)
3197:(26,145)
3198:(26,146)
3199:(26,147)
3200:(26,148)
3201:(26,149)
3202:(26,150)
3203:(26,151)
3204:(26,152)
3205:(26,153)
3206:(26,154)
3207:(26,155)
3208:(27,0)
3209:(27,1)
3210:(27,2)
3211:(27,3)
3212:(27,4)
3213:(27,5)
3214:(27,6)
3215:(27,7)
3216:(27,8)
3217:(27,9)
3218:(27,10)
3219:(27,11)
3220:(27,12)
3221:(27,13)
3222:(27,14)
3223:(27,15)
3224:(27,16)
3225:(27,17)
3226:(27,18)
3227:(27,20)
3228:(27,21)
3229:(27,22)
3230:(27,23)
3231:(27,24)
3232:(27,25)
3233:(27,26)
3234:(27,27)
3235:(27,28)
3236:(27,29)
3237:(27,30)
3238:(27,31)
3239:(27,32)
3240:(27,33)
3241:(27,34)
3242:(27,35)
3243:(27,36)
3244:(27,37)
3245:(27,38)
3246:(27,39)
3247:(27,40)
3248:(27,41)
3249:(27,42)
3250:(27,43)
3251:(27,44)
3252:(27,45)
3253:(27,46)
3254:(27,47)
3255:(27,48)
3256:(27,49)
3257:(27,50)
3258:(27,51)
3259:(27,52)
3260:(27,53)
3261:(27,54)
3262:(27,55)
3263:(27,56)
3264:(27,57)
3265:(27,58)
3266:(27,59)
3267:(27,60)
3268:(27,61)
3269:(27,62)
3270:(27,63)
3271:(27,64)
3272:(27,65)
3273:(27,66)
3274:(27,67)
3275:(27,68)
3276:(27,69)
3277:(27,70)
3278:(27,71)
3279:(27,72)
3280:(27,73)
3281:(27,74)
3282:(27,75)
3283:(27,76)
3284:(27,77)
3285:(27,78)
3286:(27,79)
3287:(27,80)
3288:(27,81)
3289:(27,82)
3290:(27,83)
3291:(27,84)
3292:(27,85)
3293:(27,86)
3294:(27,87)
3295:(27,88)
3296:(27,89)
3297:(27,90)
3298:(27,91)
3299:(27,92)
3300:(27,93)
3301:(27,94)
3302:(27,95)
3303:(27,96)
3304:(27,97)
3305:(27,98)
3306:(27,99)
3307:(27,100)
3308:(27,101)
3309:(27,102)
3310:(27,103)
3311:(27,104)
3312:(27,105)
3313:(27,106)
3314:(27,107)
3315:(27,108)
3316:(27,109)
3317:(27,110)
3318:(27,111)
3319:(27,112)
3320:(27,113)
3321:(27,114)
3322:(27,115)
3323:(27,116)
3324:(27,117)
3325:(27,118)
3326:(27,119)
3327:(27,120)
3328:(27,121)
3329:(27,122)
3330:(27,123)
3331:(27,124)
3332:(27,125)
3333:(27,126)
3334:(27,127)
3335:(27,128)
3336:(27,129)
3337:(27,130)
3338:(27,131)
3339:(27,132)
3340:(27,133)
3341:(27,134)
3342:(27,135)
3343:(27,136)
3344:(27,137)
3345:(27,138)
3346:(27,139)
3347:(27,140)
3348:(27,141)
3349:(27,142)
3350:(27,143)
3351:(27,144)
3352:(27,145)
3353:(27,146)
3354:(27,147)
3355:(27,148)
3356:(27,149)
3357:(27,150)
3358:(27,151)
3359:(27,152)
3360:(27,153)
3361:(27,154)
3362:(27,155)
3363:(28,0)
3364:(28,1)
3365:(28,2)
3366:(28,3)
3367:(28,4)
3368:(28,5)
3369:(28,6)
3370:(28,7)
3371:(28,8)
3372:(28,9)
3373:(28,10)
3374:(28,11)
3375:(28,12)
3376:(28,13)
3377:(28,14)
3378:(28,15)
3379:(28,16)
3380:(28,17)
3381:(28,18)
3382:(28,20)
3383:(28,21)
3384:(28,22)
3385:(28,23)
3386:(28,24)
3387:(28,25)
3388:(28,26)
3389:(28,27)
3390:(28,28)
3391:(28,29)
3392:(28,30)
3393:(28,31)
3394:(28,32)
3395:(28,33)
3396:(28,34)
3397:(28,35)
3398:(28,36)
3399:(28,37)
3400:(28,38)
3401:(28,39)
3402:(28,40)
3403:(28,41)
3404:(28,42)
3405:(28,43)
3406:(28,44)
3407:(28,45)
3408:(28,46)
3409:(28,47)
3410:(28,48)
3411:(28,49)
3412:(28,50)
3413:(28,51)
3414:(28,52)
3415:(28,53)
3416:(28,54)
3417:(28,55)
3418:(28,56)
3419:(28,57)
3420:(28,58)
3421:(28,59)
3422:(28,60)
3423:(28,61)
3424:(28,62)
3425:(28,63)
3426:(28,64)
3427:(28,65)
3428:(28,66)
3429:(28,67)
3430:(28,68)
3431:(28,69)
3432:(28,70)
3433:(28,71)
3434:(28,72)
3435:(28,73)
3436:(28,74)
3437:(28,75)
3438:(28,76)
3439:(28,77)
3440:(28,78)
3441:(28,79)
3442:(28,80)
3443:(28,81)
3444:(28,82)
3445:(28,83)
3446:(28,84)
3447:(28,85)
3448:(28,86)
3449:(28,87)
3450:(28,88)
3451:(28,89)
3452:(28,90)
3453:(28,91)
3454:(28,92)
3455:(28,93)
3456:(28,94)
3457:(28,95)
3458:(28,96)
3459:(28,97)
3460:(28,98)
3461:(28,99)
3462:(28,100)
3463:(28,101)
3464:(28,102)
3465:(28,103)
3466:(28,104)
3467:(28,105)
3468:(28,106)
3469:(28,107)
3470:(28,108)
3471:(28,109)
3472:(28,110)
3473:(28,111)
3474:(28,112)
3475:(28,113)
3476:(28,114)
3477:(28,115)
3478:(28,116)
3479:(28,117)
3480:(28,118)
3481:(28,119)
3482:(28,120)
3483:(28,121)
3484:(28,122)
3485:(28,123)
3486:(28,124)
3487:(28,125)
3488:(28,126)
3489:(28,127)
3490:(28,128)
3491:(28,129)
3492:(28,130)
3493:(28,131)
3494:(28,132)
3495:(28,133)
3496:(28,134)
3497:(28,135)
3498:(28,136)
3499:(28,137)
3500:(28,138)
3501:(28,139)
3502:(28,140)
3503:(28,141)
3504:(28,142)
3505:(28,143)
3506:(28,144)
3507:(28,145)
3508:(28,146)
3509:(28,147)
3510:(28,148)
3511:(28,149)
3512:(28,150)
3513:(28,151)
3514:(28,152)
3515:(28,153)
3516:(28,154)
3517:(28,155)
3518:(29,0)
3519:(29,1)
3520:(29,2)
3521:(29,3)
3522:(29,4)
3523:(29,5)
3524:(29,6)
3525:(29,7)
3526:(29,8)
3527:(29,9)
3528:(29,10)
3529:(29,11)
3530:(29,12)
3531:(29,13)
3532:(29,14)
3533:(29,15)
3534:(29,16)
3535:(29,17)
3536:(29,18)
3537:(29,20)
3538:(29,21)
3539:(29,22)
3540:(29,23)
3541:(29,24)
3542:(29,25)
3543:(29,26)
3544:(29,27)
3545:(29,28)
3546:(29,29)
3547:(29,30)
3548:(29,31)
3549:(29,32)
3550:(29,33)
3551:(29,34)
3552:(29,35)
3553:(29,36)
3554:(29,37)
3555:(29,38)
3556:(29,39)
3557:(29,40)
3558:(29,41)
3559:(29,42)
3560:(29,43)
3561:(29,44)
3562:(29,45)
3563:(29,46)
3564:(29,47)
3565:(29,48)
3566:(29,49)
3567:(29,50)
3568:(29,51)
3569:(29,52)
3570:(29,53)
3571:(29,54)
3572:(29,55)
3573:(29,56)
3574:(29,57)
3575:(29,58)
3576:(29,59)
3577:(29,60)
3578:(29,61)
3579:(29,62)
3580:(29,63)
3581:(29,64)
3582:(29,65)
3583:(29,66)
3584:(29,67)
3585:(29,68)
3586:(29,69)
3587:(29,70)
3588:(29,71)
3589:(29,72)
3590:(29,73)
3591:(29,74)
3592:(29,75)
3593:(29,76)
3594:(29,77)
3595:(29,78)
3596:(29,79)
3597:(29,80)
3598:(29,81)
3599:(29,82)
3600:(29,83)
3601:(29,84)
3602:(29,85)
3603:(29,86)
3604:(29,87)
3605:(29,88)
3606:(29,89)
3607:(29,90)
3608:(29,91)
3609:(29,92)
3610:(29,93)
3611:(29,94)
3612:(29,95)
3613:(29,96)
3614:(29,97)
3615:(29,98)
3616:(29,99)
3617:(29,100)
3618:(29,101)
3619:(29,102)
3620:(29,103)
3621:(29,104)
3622:(29,105)
3623:(29,106)
3624:(29,107)
3625:(29,108)
3626:(29,109)
3627:(29,110)
3628:(29,111)
3629:(29,112)
3630:(29,113)
3631:(29,114)
3632:(29,115)
3633:(29,116)
3634:(29,117)
3635:(29,118)
3636:(29,119)
3637:(29,120)
3638:(29,121)
3639:(29,122)
3640:(29,123)
3641:(29,124)
3642:(29,125)
3643:(29,126)
3644:(29,127)
3645:(29,128)
3646:(29,129)
3647:(29,130)
3648:(29,131)
3649:(29,132)
3650:(29,133)
3651:(29,134)
3652:(29,135)
3653:(29,136)
3654:(29,137)
3655:(29,138)
3656:(29,139)
3657:(29,140)
3658:(29,141)
3659:(29,142)
3660:(29,143)
3661:(29,144)
3662:(29,145)
3663:(29,146)
3664:(29,147)
3665:(29,148)
3666:(29,149)
3667:(29,150)
3668:(29,151)
3669:(29,152)
3670:(29,153)
3671:(29,154)
3672:(29,155)
3673:(30,0)
3674:(30,1)
3675:(30,2)
3676:(30,3)
3677:(30,4)
3678:(30,5)
3679:(30,6)
3680:(30,7)
3681:(30,8)
3682:(30,9)
3683:(30,10)
3684:(30,11)
3685:(30,12)
3686:(30,13)
3687:(30,14)
3688:(30,15)
3689:(30,16)
3690:(30,17)
3691:(30,18)
3692:(30,20)
3693:(30,21)
3694:(30,22)
3695:(30,23)
3696:(30,24)
3697:(30,25)
3698:(30,26)
3699:(30,27)
3700:(30,28)
3701:(30,29)
3702:(30,30)
3703:(30,31)
3704:(30,32)
3705:(30,33)
3706:(30,34)
3707:(30,35)
3708:(30,36)
3709:(30,37)
3710:(30,38)
3711:(30,39)
3712:(30,40)
3713:(30,41)
3714:(30,42)
3715:(30,43)
3716:(30,44)
3717:(30,45)
3718:(30,46)
3719:(30,47)
3720:(30,48)
3721:(30,49)
3722:(30,50)
3723:(30,51)
3724:(30,52)
3725:(30,53)
3726:(30,54)
3727:(30,55)
3728:(30,56)
3729:(30,57)
3730:(30,58)
3731:(30,59)
3732:(30,60)
3733:(30,61)
3734:(30,62)
3735:(30,63)
3736:(30,64)
3737:(30,65)
3738:(30,66)
3739:(30,67)
3740:(30,68)
3741:(30,69)
3742:(30,70)
3743:(30,71)
3744:(30,72)
3745:(30,73)
3746:(30,74)
3747:(30,75)
3748:(30,76)
3749:(30,77)
3750:(30,78)
3751:(30,79)
3752:(30,80)
3753:(30,81)
3754:(30,82)
3755:(30,83)
3756:(30,84)
3757:(30,85)
3758:(30,86)
3759:(30,87)
3760:(30,88)
3761:(30,89)
3762:(30,90)
3763:(30,91)
3764:(30,92)
3765:(30,93)
3766:(30,94)
3767:(30,95)
3768:(30,96)
3769:(30,97)
3770:(30,98)
3771:(30,99)
3772:(30,100)
3773:(30,101)
3774:(30,102)
3775:(30,103)
3776:(30,104)
3777:(30,105)
3778:(30,106)
3779:(30,107)
3780:(30,108)
3781:(30,109)
3782:(30,110)
3783:(30,111)
3784:(30,112)
3785:(30,113)
3786:(30,114)
3787:(30,115)
3788:(30,116)
3789:(30,117)
3790:(30,118)
3791:(30,119)
3792:(30,120)
3793:(30,121)
3794:(30,122)
3795:(30,123)
3796:(30,124)
3797:(30,125)
3798:(30,126)
3799:(30,127)
3800:(30,128)
3801:(30,129)
3802:(30,130)
3803:(30,131)
3804:(30,132)
3805:(30,133)
3806:(30,134)
3807:(30,135)
3808:(30,136)
3809:(30,137)
3810:(30,138)
3811:(30,139)
3812:(30,140)
3813:(30,141)
3814:(30,142)
3815:(30,143)
3816:(30,144)
3817:(30,145)
3818:(30,146)
3819:(30,147)
3820:(30,148)
3821:(30,149)
3822:(30,150)
3823:(30,151)
3824:(30,152)
3825:(30,153)
3826:(30,154)
3827:(30,155)
3828:(31,0)
3829:(31,1)
3830:(31,2)
3831:(31,3)
3832:(31,4)
3833:(31,5)
3834:(31,6)
3835:(31,7)
3836:(31,8)
3837:(31,9)
3838:(31,10)
3839:(31,11)
3840:(31,12)
3841:(31,13)
3842:(31,14)
3843:(31,15)
3844:(31,16)
3845:(31,17)
3846:(31,18)
3847:(31,20)
3848:(31,21)
3849:(31,22)
3850:(31,23)
3851:(31,24)
3852:(31,25)
3853:(31,26)
3854:(31,27)
3855:(31,28)
3856:(31,29)
3857:(31,30)
3858:(31,31)
3859:(31,32)
3860:(31,33)
3861:(31,34)
3862:(31,35)
3863:(31,36)
3864:(31,37)
3865:(31,38)
3866:(31,39)
3867:(31,40)
3868:(31,41)
3869:(31,42)
3870:(31,43)
3871:(31,44)
3872:(31,45)
3873:(31,46)
3874:(31,47)
3875:(31,48)
3876:(31,49)
3877:(31,50)
3878:(31,51)
3879:(31,52)
3880:(31,53)
3881:(31,54)
3882:(31,55)
3883:(31,56)
3884:(31,57)
3885:(31,58)
3886:(31,59)
3887:(31,60)
3888:(31,61)
3889:(31,62)
3890:(31,63)
3891:(31,64)
3892:(31,65)
3893:(31,66)
3894:(31,67)
3895:(31,68)
3896:(31,69)
3897:(31,70)
3898:(31,71)
3899:(31,72)
3900:(31,73)
3901:(31,74)
3902:(31,75)
3903:(31,76)
3904:(31,77)
3905:(31,78)
3906:(31,79)
3907:(31,80)
3908:(31,81)
3909:(31,82)
3910:(31,83)
3911:(31,84)
3912:(31,85)
3913:(31,86)
3914:(31,87)
3915:(31,88)
3916:(31,89)
3917:(31,90)
3918:(31,91)
3919:(31,92)
3920:(31,93)
3921:(31,94)
3922:(31,95)
3923:(31,96)
3924:(31,97)
3925:(31,98)
3926:(31,99)
3927:(31,100)
3928:(31,101)
3929:(31,102)
3930:(31,103)
3931:(31,104)
3932:(31,105)
3933:(31,106)
3934:(31,107)
3935:(31,108)
3936:(31,109)
3937:(31,110)
3938:(31,111)
3939:(31,112)
3940:(31,113)
3941:(31,114)
3942:(31,115)
3943:(31,116)
3944:(31,117)
3945:(31,118)
3946:(31,119)
3947:(31,120)
3948:(31,121)
3949:(31,122)
3950:(31,123)
3951:(31,124)
3952:(31,125)
3953:(31,126)
3954:(31,127)
3955:(31,128)
3956:(31,129)
3957:(31,130)
3958:(31,131)
3959:(31,132)
3960:(31,133)
3961:(31,134)
3962:(31,135)
3963:(31,136)
3964:(31,137)
3965:(31,138)
3966:(31,139)
3967:(31,140)
3968:(31,141)
3969:(31,142)
3970:(31,143)
3971:(31,144)
3972:(31,145)
3973:(31,146)
3974:(31,147)
3975:(31,148)
3976:(31,149)
3977:(31,150)
3978:(31,151)
3979:(31,152)
3980:(31,153)
3981:(31,154)
3982:(31,155)
3983:(32,0)
3984:(32,1)
3985:(32,2)
3986:(32,3)
3987:(32,4)
3988:(32,5)
3989:(32,6)
3990:(32,7)
3991:(32,8)
3992:(32,9)
3993:(32,10)
3994:(32,11)
3995:(32,12)
3996:(32,13)
3997:(32,14)
3998:(32,15)
3999:(32,16)
4000:(32,17)
4001:(32,18)
4002:(32,20)
4003:(32,21)
4004:(32,22)
4005:(32,23)
4006:(32,24)
4007:(32,25)
4008:(32,26)
4009:(32,27)
4010:(32,28)
4011:(32,29)
4012:(32,30)
4013:(32,31)
4014:(32,32)
4015:(32,33)
4016:(32,34)
4017:(32,35)
4018:(32,36)
4019:(32,37)
4020:(32,38)
4021:(32,39)
4022:(32,40)
4023:(32,41)
4024:(32,42)
4025:(32,43)
4026:(32,44)
4027:(32,45)
4028:(32,46)
4029:(32,47)
4030:(32,48)
4031:(32,49)
4032:(32,50)
4033:(32,51)
4034:(32,52)
4035:(32,53)
4036:(32,54)
4037:(32,55)
4038:(32,56)
4039:(32,57)
4040:(32,58)
4041:(32,59)
4042:(32,60)
4043:(32,61)
4044:(32,62)
4045:(32,63)
4046:(32,64)
4047:(32,65)
4048:(32,66)
4049:(32,67)
4050:(32,68)
4051:(32,69)
4052:(32,70)
4053:(32,71)
4054:(32,72)
4055:(32,73)
4056:(32,74)
4057:(32,75)
4058:(32,76)
4059:(32,77)
4060:(32,78)
4061:(32,79)
4062:(32,80)
4063:(32,81)
4064:(32,82)
4065:(32,83)
4066:(32,84)
4067:(32,85)
4068:(32,86)
4069:(32,87)
4070:(32,88)
4071:(32,89)
4072:(32,90)
4073:(32,91)
4074:(32,92)
4075:(32,93)
4076:(32,94)
4077:(32,95)
4078:(32,96)
4079:(32,97)
4080:(32,98)
4081:(32,99)
4082:(32,100)
4083:(32,101)
4084:(32,102)
4085:(32,103)
4086:(32,104)
4087:(32,105)
4088:(32,106)
4089:(32,107)
4090:(32,108)
4091:(32,109)
4092:(32,110)
4093:(32,111)
4094:(32,112)
4095:(32,113)
4096:(32,114)
4097:(32,115)
4098:(32,116)
4099:(32,117)
4100:(32,118)
4101:(32,119)
4102:(32,120)
4103:(32,121)
4104:(32,122)
4105:(32,123)
4106:(32,124)
4107:(32,125)
4108:(32,126)
4109:(32,127)
4110:(32,128)
4111:(32,129)
4112:(32,130)
4113:(32,131)
4114:(32,132)
4115:(32,133)
4116:(32,134)
4117:(32,135)
4118:(32,136)
4119:(32,137)
4120:(32,138)
4121:(32,139)
4122:(32,140)
4123:(32,141)
4124:(32,142)
4125:(32,143)
4126:(32,144)
4127:(32,145)
4128:(32,146)
4129:(32,147)
4130:(32,148)
4131:(32,149)
4132:(32,150)
4133:(32,151)
4134:(32,152)
4135:(32,153)
4136:(32,154)
4137:(32,155)
4138:(33,0)
4139:(33,1)
4140:(33,2)
4141:(33,3)
4142:(33,4)
4143:(33,5)
4144:(33,6)
4145:(33,7)
4146:(33,8)
4147:(33,9)
4148:(33,10)
4149:(33,11)
4150:(33,12)
4151:(33,13)
4152:(33,14)
4153:(33,15)
4154:(33,16)
4155:(33,17)
4156:(33,18)
4157:(33,20)
4158:(33,21)
4159:(33,22)
4160:(33,23)
4161:(33,24)
4162:(33,25)
4163:(33,26)
4164:(33,27)
4165:(33,28)
4166:(33,29)
4167:(33,30)
4168:(33,31)
4169:(33,32)
4170:(33,33)
4171:(33,34)
4172:(33,35)
4173:(33,36)
4174:(33,37)
4175:(33,38)
4176:(33,39)
4177:(33,40)
4178:(33,41)
4179:(33,42)
4180:(33,43)
4181:(33,44)
4182:(33,45)
4183:(33,46)
4184:(33,47)
4185:(33,48)
4186:(33,49)
4187:(33,50)
4188:(33,51)
4189:(33,52)
4190:(33,53)
4191:(33,54)
4192:(33,55)
4193:(33,56)
4194:(33,57)
4195:(33,58)
4196:(33,59)
4197:(33,60)
4198:(33,61)
4199:(33,62)
4200:(33,63)
4201:(33,64)
4202:(33,65)
4203:(33,66)
4204:(33,67)
4205:(33,68)
4206:(33,69)
4207:(33,70)
4208:(33,71)
4209:(33,72)
4210:(33,73)
4211:(33,74)
4212:(33,75)
4213:(33,76)
4214:(33,77)
4215:(33,78)
4216:(33,79)
4217:(33,80)
4218:(33,81)
4219:(33,82)
4220:(33,83)
4221:(33,84)
4222:(33,85)
4223:(33,86)
4224:(33,87)
4225:(33,88)
4226:(33,89)
4227:(33,90)
4228:(33,91)
4229:(33,92)
4230:(33,93)
4231:(33,94)
4232:(33,95)
4233:(33,96)
4234:(33,97)
4235:(33,98)
4236:(33,99)
4237:(33,100)
4238:(33,101)
4239:(33,102)
4240:(33,103)
4241:(33,104)
4242:(33,105)
4243:(33,106)
4244:(33,107)
4245:(33,108)
4246:(33,109)
4247:(33,110)
4248:(33,111)
4249:(33,112)
4250:(33,113)
4251:(33,114)
4252:(33,115)
4253:(33,116)
4254:(33,117)
4255:(33,118)
4256:(33,119)
4257:(33,120)
4258:(33,121)
4259:(33,122)
4260:(33,123)
4261:(33,124)
4262:(33,125)
4263:(33,126)
4264:(33,127)
4265:(33,128)
4266:(33,129)
4267:(33,130)
4268:(33,131)
4269:(33,132)
4270:(33,133)
4271:(33,134)
4272:(33,135)
4273:(33,136)
4274:(33,137)
4275:(33,138)
4276:(33,139)
4277:(33,140)
4278:(33,141)
4279:(33,142)
4280:(33,143)
4281:(33,144)
4282:(33,145)
4283:(33,146)
4284:(33,147)
4285:(33,148)
4286:(33,149)
4287:(33,150)
4288:(33,151)
4289:(33,152)
4290:(33,153)
4291:(33,154)
4292:(33,155)
4293:(34,0)
4294:(34,1)
4295:(34,2)
4296:(34,3)
4297:(34,4)
4298:(34,5)
4299:(34,6)
4300:(34,7)
4301:(34,8)
4302:(34,9)
4303:(34,10)
4304:(34,11)
4305:(34,12)
4306:(34,13)
4307:(34,14)
4308:(34,15)
4309:(34,16)
4310:(34,17)
4311:(34,18)
4312:(34,20)
4313:(34,21)
4314:(34,22)
4315:(34,23)
4316:(34,24)
4317:(34,25)
4318:(34,26)
4319:(34,27)
4320:(34,28)
4321:(34,29)
4322:(34,30)
4323:(34,31)
4324:(34,32)
4325:(34,33)
4326:(34,34)
4327:(34,35)
4328:(34,36)
4329:(34,37)
4330:(34,38)
4331:(34,39)
4332:(34,40)
4333:(34,41)
4334:(34,42)
4335:(34,43)
4336:(34,44)
4337:(34,45)
4338:(34,46)
4339:(34,47)
4340:(34,48)
4341:(34,49)
4342:(34,50)
4343:(34,51)
4344:(34,52)
4345:(34,53)
4346:(34,54)
4347:(34,55)
4348:(34,56)
4349:(34,57)
4350:(34,58)
4351:(34,59)
4352:(34,60)
4353:(34,61)
4354:(34,62)
4355:(34,63)
4356:(34,64)
4357:(34,65)
4358:(34,66)
4359:(34,67)
4360:(34,68)
4361:(34,69)
4362:(34,70)
4363:(34,71)
4364:(34,72)
4365:(34,73)
4366:(34,74)
4367:(34,75)
4368:(34,76)
4369:(34,77)
4370:(34,78)
4371:(34,79)
4372:(34,80)
4373:(34,81)
4374:(34,82)
4375:(34,83)
4376:(34,84)
4377:(34,85)
4378:(34,86)
4379:(34,87)
4380:(34,88)
4381:(34,89)
4382:(34,90)
4383:(34,91)
4384:(34,92)
4385:(34,93)
4386:(34,94)
4387:(34,95)
4388:(34,96)
4389:(34,97)
4390:(34,98)
4391:(34,99)
4392:(34,100)
4393:(34,101)
4394:(34,102)
4395:(34,103)
4396:(34,104)
4397:(34,105)
4398:(34,106)
4399:(34,107)
4400:(34,108)
4401:(34,109)
4402:(34,110)
4403:(34,111)
4404:(34,112)
4405:(34,113)
4406:(34,114)
4407:(34,115)
4408:(34,116)
4409:(34,117)
4410:(34,118)
4411:(34,119)
4412:(34,120)
4413:(34,121)
4414:(34,122)
4415:(34,123)
4416:(34,124)
4417:(34,125)
4418:(34,126)
4419:(34,127)
4420:(34,128)
4421:(34,129)
4422:(34,130)
4423:(34,131)
4424:(34,132)
4425:(34,133)
4426:(34,134)
4427:(34,135)
4428:(34,136)
4429:(34,137)
4430:(34,138)
4431:(34,139)
4432:(34,140)
4433:(34,141)
4434:(34,142)
4435:(34,143)
4436:(34,144)
4437:(34,145)
4438:(34,146)
4439:(34,147)
4440:(34,148)
4441:(34,149)
4442:(34,150)
4443:(34,151)
4444:(34,152)
4445:(34,153)
4446:(34,154)
4447:(34,155)
4448:(35,0)
4449:(35,1)
4450:(35,2)
4451:(35,3)
4452:(35,4)
4453:(35,5)
4454:(35,6)
4455:(35,7)
4456:(35,8)
4457:(35,9)
4458:(35,10)
4459:(35,11)
4460:(35,12)
4461:(35,13)
4462:(35,14)
4463:(35,15)
4464:(35,16)
4465:(35,17)
4466:(35,18)
4467:(35,20)
4468:(35,21)
4469:(35,22)
4470:(35,23)
4471:(35,24)
4472:(35,25)
4473:(35,26)
4474:(35,27)
4475:(35,28)
4476:(35,29)
4477:(35,30)
4478:(35,31)
4479:(35,32)
4480:(35,33)
4481:(35,34)
4482:(35,35)
4483:(35,36)
4484:(35,37)
4485:(35,38)
4486:(35,39)
4487:(35,40)
4488:(35,41)
4489:(35,42)
4490:(35,43)
4491:(35,44)
4492:(35,45)
4493:(35,46)
4494:(35,47)
4495:(35,48)
4496:(35,49)
4497:(35,50)
4498:(35,51)
4499:(35,52)
4500:(35,53)
4501:(35,54)
4502:(35,55)
4503:(35,56)
4504:(35,57)
4505:(35,58)
4506:(35,59)
4507:(35,60)
4508:(35,61)
4509:(35,62)
4510:(35,63)
4511:(35,64)
4512:(35,65)
4513:(35,66)
4514:(35,67)
4515:(35,68)
4516:(35,69)
4517:(35,70)
4518:(35,71)
4519:(35,72)
4520:(35,73)
4521:(35,74)
4522:(35,75)
4523:(35,76)
4524:(35,77)
4525:(35,78)
4526:(35,79)
4527:(35,80)
4528:(35,81)
4529:(35,82)
4530:(35,83)
4531:(35,84)
4532:(35,85)
4533:(35,86)
4534:(35,87)
4535:(35,88)
4536:(35,89)
4537:(35,90)
4538:(35,91)
4539:(35,92)
4540:(35,93)
4541:(35,94)
4542:(35,95)
4543:(35,96)
4544:(35,97)
4545:(35,98)
4546:(35,99)
4547:(35,100)
4548:(35,101)
4549:(35,102)
4550:(35,103)
4551:(35,104)
4552:(35,105)
4553:(35,106)
4554:(35,107)
4555:(35,108)
4556:(35,109)
4557:(35,110)
4558:(35,111)
4559:(35,112)
4560:(35,113)
4561:(35,114)
4562:(35,115)
4563:(35,116)
4564:(35,117)
4565:(35,118)
4566:(35,119)
4567:(35,120)
4568:(35,121)
4569:(35,122)
4570:(35,123)
4571:(35,124)
4572:(35,125)
4573:(35,126)
4574:(35,127)
4575:(35,128)
4576:(35,129)
4577:(35,130)
4578:(35,131)
4579:(35,132)
4580:(35,133)
4581:(35,134)
4582:(35,135)
4583:(35,136)
4584:(35,137)
4585:(35,138)
4586:(35,139)
4587:(35,140)
4588:(35,141)
4589:(35,142)
4590:(35,143)
4591:(35,144)
4592:(35,145)
4593:(35,146)
4594:(35,147)
4595:(35,148)
4596:(35,149)
4597:(35,150)
4598:(35,151)
4599:(35,152)
4600:(35,153)
4601:(35,154)
4602:(35,155)
4603:(36,0)
4604:(36,1)
4605:(36,2)
4606:(36,3)
4607:(36,4)
4608:(36,5)
4609:(36,6)
4610:(36,7)
4611:(36,8)
4612:(36,9)
4613:(36,10)
4614:(36,11)
4615:(36,12)
4616:(36,13)
4617:(36,14)
4618:(36,15)
4619:(36,16)
4620:(36,17)
4621:(36,18)
4622:(36,20)
4623:(36,21)
4624:(36,22)
4625:(36,23)
4626:(36,24)
4627:(36,25)
4628:(36,26)
4629:(36,27)
4630:(36,28)
4631:(36,29)
4632:(36,30)
4633:(36,31)
4634:(36,32)
4635:(36,33)
4636:(36,34)
4637:(36,35)
4638:(36,36)
4639:(36,37)
4640:(36,38)
4641:(36,39)
4642:(36,40)
4643:(36,41)
4644:(36,42)
4645:(36,43)
4646:(36,44)
4647:(36,45)
4648:(36,46)
4649:(36,47)
4650:(36,48)
4651:(36,49)
4652:(36,50)
4653:(36,51)
4654:(36,52)
4655:(36,53)
4656:(36,54)
4657:(36,55)
4658:(36,56)
4659:(36,57)
4660:(36,58)
4661:(36,59)
4662:(36,60)
4663:(36,61)
4664:(36,62)
4665:(36,63)
4666:(36,64)
4667:(36,65)
4668:(36,66)
4669:(36,67)
4670:(36,68)
4671:(36,69)
4672:(36,70)
4673:(36,71)
4674:(36,72)
4675:(36,73)
4676:(36,74)
4677:(36,75)
4678:(36,76)
4679:(36,77)
4680:(36,78)
4681:(36,79)
4682:(36,80)
4683:(36,81)
4684:(36,82)
4685:(36,83)
4686:(36,84)
4687:(36,85)
4688:(36,86)
4689:(36,87)
4690:(36,88)
4691:(36,89)
4692:(36,90)
4693:(36,91)
4694:(36,92)
4695:(36,93)
4696:(36,94)
4697:(36,95)
4698:(36,96)
4699:(36,97)
4700:(36,98)
4701:(36,99)
4702:(36,100)
4703:(36,101)
4704:(36,102)
4705:(36,103)
4706:(36,104)
4707:(36,105)
4708:(36,106)
4709:(36,107)
4710:(36,108)
4711:(36,109)
4712:(36,110)
4713:(36,111)
4714:(36,112)
4715:(36,113)
4716:(36,114)
4717:(36,115)
4718:(36,116)
4719:(36,117)
4720:(36,118)
4721:(36,119)
4722:(36,120)
4723:(36,121)
4724:(36,122)
4725:(36,123)
4726:(36,124)
4727:(36,125)
4728:(36,126)
4729:(36,127)
4730:(36,128)
4731:(36,129)
4732:(36,130)
4733:(36,131)
4734:(36,132)
4735:(36,133)
4736:(36,134)
4737:(36,135)
4738:(36,136)
4739:(36,137)
4740:(36,138)
4741:(36,139)
4742:(36,140)
4743:(36,141)
4744:(36,142)
4745:(36,143)
4746:(36,144)
4747:(36,145)
4748:(36,146)
4749:(36,147)
4750:(36,148)
4751:(36,149)
4752:(36,150)
4753:(36,151)
4754:(36,152)
4755:(36,153)
4756:(36,154)
4757:(36,155)
4758:(37,0)
4759:(37,1)
4760:(37,2)
4761:(37,3)
4762:(37,4)
4763:(37,5)
4764:(37,6)
4765:(37,7)
4766:(37,8)
4767:(37,9)
4768:(37,10)
4769:(37,11)
4770:(37,12)
4771:(37,13)
4772:(37,14)
4773:(37,15)
4774:(37,16)
4775:(37,17)
4776:(37,18)
4777:(37,20)
4778:(37,21)
4779:(37,22)
4780:(37,23)
4781:(37,24)
4782:(37,25)
4783:(37,26)
4784:(37,27)
4785:(37,28)
4786:(37,29)
4787:(37,30)
4788:(37,31)
4789:(37,32)
4790:(37,33)
4791:(37,34)
4792:(37,35)
4793:(37,36)
4794:(37,37)
4795:(37,38)
4796:(37,39)
4797:(37,40)
4798:(37,41)
4799:(37,42)
4800:(37,43)
4801:(37,44)
4802:(37,45)
4803:(37,46)
4804:(37,47)
4805:(37,48)
4806:(37,49)
4807:(37,50)
4808:(37,51)
4809:(37,52)
4810:(37,53)
4811:(37,54)
4812:(37,55)
4813:(37,56)
4814:(37,57)
4815:(37,58)
4816:(37,59)
4817:(37,60)
4818:(37,61)
4819:(37,62)
4820:(37,63)
4821:(37,64)
4822:(37,65)
4823:(37,66)
4824:(37,67)
4825:(37,68)
4826:(37,69)
4827:(37,70)
4828:(37,71)
4829:(37,72)
4830:(37,73)
4831:(37,74)
4832:(37,75)
4833:(37,76)
4834:(37,77)
4835:(37,78)
4836:(37,79)
4837:(37,80)
4838:(37,81)
4839:(37,82)
4840:(37,83)
4841:(37,84)
4842:(37,85)
4843:(37,86)
4844:(37,87)
4845:(37,88)
4846:(37,89)
4847:(37,90)
4848:(37,91)
4849:(37,92)
4850:(37,93)
4851:(37,94)
4852:(37,95)
4853:(37,96)
4854:(37,97)
4855:(37,98)
4856:(37,99)
4857:(37,100)
4858:(37,101)
4859:(37,102)
4860:(37,103)
4861:(37,104)
4862:(37,105)
4863:(37,106)
4864:(37,107)
4865:(37,108)
4866:(37,109)
4867:(37,110)
4868:(37,111)
4869:(37,112)
4870:(37,113)
4871:(37,114)
4872:(37,115)
4873:(37,116)
4874:(37,117)
4875:(37,118)
4876:(37,119)
4877:(37,120)
4878:(37,121)
4879:(37,122)
4880:(37,123)
4881:(37,124)
4882:(37,125)
4883:(37,126)
4884:(37,127)
4885:(37,128)
4886:(37,129)
4887:(37,130)
4888:(37,131)
4889:(37,132)
4890:(37,133)
4891:(37,134)
4892:(37,135)
4893:(37,136)
4894:(37,137)
4895:(37,138)
4896:(37,139)
4897:(37,140)
4898:(37,141)
4899:(37,142)
4900:(37,143)
4901:(37,144)
4902:(37,145)
4903:(37,146)
4904:(37,147)
4905:(37,148)
4906:(37,149)
4907:(37,150)
4908:(37,151)
4909:(37,152)
4910:(37,153)
4911:(37,154)
4912:(37,155)
4913:(38,0)
4914:(38,1)
4915:(38,2)
4916:(38,3)
4917:(38,4)
4918:(38,5)
4919:(38,6)
4920:(38,7)
4921:(38,8)
4922:(38,9)
4923:(38,10)
4924:(38,11)
4925:(38,12)
4926:(38,13)
4927:(38,14)
4928:(38,15)
4929:(38,16)
4930:(38,17)
4931:(38,18)
4932:(38,20)
4933:(38,21)
4934:(38,22)
4935:(38,23)
4936:(38,24)
4937:(38,25)
4938:(38,26)
4939:(38,27)
4940:(38,28)
4941:(38,29)
4942:(38,30)
4943:(38,31)
4944:(38,32)
4945:(38,33)
4946:(38,34)
4947:(38,35)
4948:(38,36)
4949:(38,37)
4950:(38,38)
4951:(38,39)
4952:(38,40)
4953:(38,41)
4954:(38,42)
4955:(38,43)
4956:(38,44)
4957:(38,45)
4958:(38,46)
4959:(38,47)
4960:(38,48)
4961:(38,49)
4962:(38,50)
4963:(38,51)
4964:(38,52)
4965:(38,53)
4966:(38,54)
4967:(38,55)
4968:(38,56)
4969:(38,57)
4970:(38,58)
4971:(38,59)
4972:(38,60)
4973:(38,61)
4974:(38,62)
4975:(38,63)
4976:(38,64)
4977:(38,65)
4978:(38,66)
4979:(38,67)
4980:(38,68)
4981:(38,69)
4982:(38,70)
4983:(38,71)
4984:(38,72)
4985:(38,73)
4986:(38,74)
4987:(38,75)
4988:(38,76)
4989:(38,77)
4990:(38,78)
4991:(38,79)
4992:(38,80)
4993:(38,81)
4994:(38,82)
4995:(38,83)
4996:(38,84)
4997:(38,85)
4998:(38,86)
4999:(38,87)
5000:(38,88)
5001:(38,89)
5002:(38,90)
5003:(38,91)
5004:(38,92)
5005:(38,93)
5006:(38,94)
5007:(38,95)
5008:(38,96)
5009:(38,97)
5010:(38,98)
5011:(38,99)
5012:(38,100)
5013:(38,101)
5014:(38,102)
5015:(38,103)
5016:(38,104)
5017:(38,105)
5018:(38,106)
5019:(38,107)
5020:(38,108)
5021:(38,109)
5022:(38,110)
5023:(38,111)
5024:(38,112)
5025:(38,113)
5026:(38,114)
5027:(38,115)
5028:(38,116)
5029:(38,117)
5030:(38,118)
5031:(38,119)
5032:(38,120)
5033:(38,121)
5034:(38,122)
5035:(38,123)
5036:(38,124)
5037:(38,125)
5038:(38,126)
5039:(38,127)
5040:(38,128)
5041:(38,129)
5042:(38,130)
5043:(38,131)
5044:(38,132)
5045:(38,133)
5046:(38,134)
5047:(38,135)
5048:(38,136)
5049:(38,137)
5050:(38,138)
5051:(38,139)
5052:(38,140)
5053:(38,141)
5054:(38,142)
5055:(38,143)
5056:(38,144)
5057:(38,145)
5058:(38,146)
5059:(38,147)
5060:(38,148)
5061:(38,149)
5062:(38,150)
5063:(38,151)
5064:(38,152)
5065:(38,153)
5066:(38,154)
5067:(38,155)
5068:(39,0)
5069:(39,1)
5070:(39,2)
5071:(39,3)
5072:(39,4)
5073:(39,5)
5074:(39,6)
5075:(39,7)
5076:(39,8)
5077:(39,9)
5078:(39,10)
5079:(39,11)
5080:(39,12)
5081:(39,13)
5082:(39,14)
5083:(39,15)
5084:(39,16)
5085:(39,17)
5086:(39,18)
5087:(39,20)
5088:(39,21)
5089:(39,22)
5090:(39,23)
5091:(39,24)
5092:(39,25)
5093:(39,26)
5094:(39,27)
5095:(39,28)
5096:(39,29)
5097:(39,30)
5098:(39,31)
5099:(39,32)
5100:(39,33)
5101:(39,34)
5102:(39,35)
5103:(39,36)
5104:(39,37)
5105:(39,38)
5106:(39,39)
5107:(39,40)
5108:(39,41)
5109:(39,42)
5110:(39,43)
5111:(39,44)
5112:(39,45)
5113:(39,46)
5114:(39,47)
5115:(39,48)
5116:(39,49)
5117:(39,50)
5118:(39,51)
5119:(39,52)
5120:(39,53)
5121:(39,54)
5122:(39,55)
5123:(39,56)
5124:(39,57)
5125:(39,58)
5126:(39,59)
5127:(39,60)
5128:(39,61)
5129:(39,62)
5130:(39,63)
5131:(39,64)
5132:(39,65)
5133:(39,66)
5134:(39,67)
5135:(39,68)
5136:(39,69)
5137:(39,70)
5138:(39,71)
5139:(39,72)
5140:(39,73)
5141:(39,74)
5142:(39,75)
5143:(39,76)
5144:(39,77)
5145:(39,78)
5146:(39,79)
5147:(39,80)
5148:(39,81)
5149:(39,82)
5150:(39,83)
5151:(39,84)
5152:(39,85)
5153:(39,86)
5154:(39,87)
5155:(39,88)
5156:(39,89)
5157:(39,90)
5158:(39,91)
5159:(39,92)
5160:(39,93)
5161:(39,94)
5162:(39,95)
5163:(39,96)
5164:(39,97)
5165:(39,98)
5166:(39,99)
5167:(39,100)
5168:(39,101)
5169:(39,102)
5170:(39,103)
5171:(39,104)
5172:(39,105)
5173:(39,106)
5174:(39,107)
5175:(39,108)
5176:(39,109)
5177:(39,110)
5178:(39,111)
5179:(39,112)
5180:(39,113)
5181:(39,114)
5182:(39,115)
5183:(39,116)
5184:(39,117)
5185:(39,118)
5186:(39,119)
5187:(39,120)
5188:(39,121)
5189:(39,122)
5190:(39,123)
5191:(39,124)
5192:(39,125)
5193:(39,126)
5194:(39,127)
5195:(39,128)
5196:(39,129)
5197:(39,130)
5198:(39,131)
5199:(39,132)
5200:(39,133)
5201:(39,134)
5202:(39,135)
5203:(39,136)
5204:(39,137)
5205:(39,138)
5206:(39,139)
5207:(39,140)
5208:(39,141)
5209:(39,142)
5210:(39,143)
5211:(39,144)
5212:(39,145)
5213:(39,146)
5214:(39,147)
5215:(39,148)
5216:(39,149)
5217:(39,150)
5218:(39,151)
5219:(39,152)
5220:(39,153)
5221:(39,154)
5222:(39,155)
5223:(40,0)
5224:(40,1)
5225:(40,2)
5226:(40,3)
5227:(40,4)
5228:(40,5)
5229:(40,6)
5230:(40,7)
5231:(40,8)
5232:(40,9)
5233:(40,10)
5234:(40,11)
5235:(40,12)
5236:(40,13)
5237:(40,14)
5238:(40,15)
5239:(40,16)
5240:(40,17)
5241:(40,18)
5242:(40,20)
5243:(40,21)
5244:(40,22)
5245:(40,23)
5246:(40,24)
5247:(40,25)
5248:(40,26)
5249:(40,27)
5250:(40,28)
5251:(40,29)
5252:(40,30)
5253:(40,31)
5254:(40,32)
5255:(40,33)
5256:(40,34)
5257:(40,35)
5258:(40,36)
5259:(40,37)
5260:(40,38)
5261:(40,39)
5262:(40,40)
5263:(40,41)
5264:(40,42)
5265:(40,43)
5266:(40,44)
5267:(40,45)
5268:(40,46)
5269:(40,47)
5270:(40,48)
5271:(40,49)
5272:(40,50)
5273:(40,51)
5274:(40,52)
5275:(40,53)
5276:(40,54)
5277:(40,55)
5278:(40,56)
5279:(40,57)
5280:(40,58)
5281:(40,59)
5282:(40,60)
5283:(40,61)
5284:(40,62)
5285:(40,63)
5286:(40,64)
5287:(40,65)
5288:(40,66)
5289:(40,67)
5290:(40,68)
5291:(40,69)
5292:(40,70)
5293:(40,71)
5294:(40,72)
5295:(40,73)
5296:(40,74)
5297:(40,75)
5298:(40,76)
5299:(40,77)
5300:(40,78)
5301:(40,79)
5302:(40,80)
5303:(40,81)
5304:(40,82)
5305:(40,83)
5306:(40,84)
5307:(40,85)
5308:(40,86)
5309:(40,87)
5310:(40,88)
5311:(40,89)
5312:(40,90)
5313:(40,91)
5314:(40,92)
5315:(40,93)
5316:(40,94)
5317:(40,95)
5318:(40,96)
5319:(40,97)
5320:(40,98)
5321:(40,99)
5322:(40,100)
5323:(40,101)
5324:(40,102)
5325:(40,103)
5326:(40,104)
5327:(40,105)
5328:(40,106)
5329:(40,107)
5330:(40,108)
5331:(40,109)
5332:(40,110)
5333:(40,111)
5334:(40,112)
5335:(40,113)
5336:(40,114)
5337:(40,115)
5338:(40,116)
5339:(40,117)
5340:(40,118)
5341:(40,119)
5342:(40,120)
5343:(40,121)
5344:(40,122)
5345:(40,123)
5346:(40,124)
5347:(40,125)
5348:(40,126)
5349:(40,127)
5350:(40,128)
5351:(40,129)
5352:(40,130)
5353:(40,131)
5354:(40,132)
5355:(40,133)
5356:(40,134)
5357:(40,135)
5358:(40,136)
5359:(40,137)
5360:(40,138)
5361:(40,139)
5362:(40,140)
5363:(40,141)
5364:(40,142)
5365:(40,143)
5366:(40,144)
5367:(40,145)
5368:(40,146)
5369:(40,147)
5370:(40,148)
5371:(40,149)
5372:(40,150)
5373:(40,151)
5374:(40,152)
5375:(40,153)
5376:(40,154)
5377:(40,155)
