(counter,pc1,coin1,pc2,coin2,steps)
0:(1,2,0,2,0,13)
1:(1,2,0,2,0,19)
2:(1,2,0,2,0,20)
3:(1,2,0,3,0,14)
4:(1,2,0,3,0,15)
5:(1,2,0,3,0,16)
6:(1,2,0,3,0,17)
7:(1,2,0,3,0,18)
8:(1,2,0,3,0,19)
9:(1,2,0,3,0,20)
10:(1,3,0,2,0,14)
11:(1,3,0,2,0,15)
12:(1,3,0,2,0,16)
13:(1,3,0,2,0,17)
14:(1,3,0,2,0,18)
15:(1,3,0,2,0,19)
16:(1,3,0,2,0,20)
17:(1,3,0,3,0,15)
18:(1,3,0,3,0,16)
19:(1,3,0,3,0,17)
20:(1,3,0,3,0,18)
21:(1,3,0,3,0,19)
22:(1,3,0,3,0,20)
23:(2,0,0,2,0,11)
24:(2,0,0,2,0,17)
25:(2,0,0,2,0,20)
26:(2,0,0,3,0,12)
27:(2,0,0,3,0,13)
28:(2,0,0,3,0,14)
29:(2,0,0,3,0,15)
30:(2,0,0,3,0,16)
31:(2,0,0,3,0,17)
32:(2,0,0,3,0,18)
33:(2,0,0,3,0,19)
34:(2,0,0,3,0,20)
35:(2,0,1,2,0,17)
36:(2,0,1,2,0,20)
37:(2,0,1,3,0,18)
38:(2,0,1,3,0,19)
39:(2,0,1,3,0,20)
40:(2,1,0,2,0,12)
41:(2,1,0,2,0,18)
42:(2,1,0,2,0,20)
43:(2,1,0,3,0,13)
44:(2,1,0,3,0,14)
45:(2,1,0,3,0,15)
46:(2,1,0,3,0,16)
47:(2,1,0,3,0,17)
48:(2,1,0,3,0,18)
49:(2,1,0,3,0,19)
50:(2,1,0,3,0,20)
51:(2,1,1,2,0,12)
52:(2,1,1,2,0,18)
53:(2,1,1,2,0,20)
54:(2,1,1,3,0,13)
55:(2,1,1,3,0,14)
56:(2,1,1,3,0,15)
57:(2,1,1,3,0,16)
58:(2,1,1,3,0,17)
59:(2,1,1,3,0,18)
60:(2,1,1,3,0,19)
61:(2,1,1,3,0,20)
62:(2,2,0,0,0,11)
63:(2,2,0,0,0,17)
64:(2,2,0,0,0,20)
65:(2,2,0,0,1,17)
66:(2,2,0,0,1,20)
67:(2,2,0,1,0,12)
68:(2,2,0,1,0,18)
69:(2,2,0,1,0,20)
70:(2,2,0,1,1,12)
71:(2,2,0,1,1,18)
72:(2,2,0,1,1,20)
73:(2,2,0,2,0,10)
74:(2,2,0,2,0,16)
75:(2,2,0,2,0,20)
76:(2,2,0,2,1,16)
77:(2,2,0,2,1,20)
78:(2,2,0,3,0,11)
79:(2,2,0,3,0,12)
80:(2,2,0,3,0,13)
81:(2,2,0,3,0,14)
82:(2,2,0,3,0,15)
83:(2,2,0,3,0,16)
84:(2,2,0,3,0,17)
85:(2,2,0,3,0,18)
86:(2,2,0,3,0,19)
87:(2,2,0,3,0,20)
88:(2,2,0,3,1,20)
89:(2,2,1,2,0,16)
90:(2,2,1,2,0,20)
91:(2,2,1,3,0,17)
92:(2,2,1,3,0,18)
93:(2,2,1,3,0,19)
94:(2,2,1,3,0,20)
95:(2,3,0,0,0,12)
96:(2,3,0,0,0,13)
97:(2,3,0,0,0,14)
98:(2,3,0,0,0,15)
99:(2,3,0,0,0,16)
100:(2,3,0,0,0,17)
101:(2,3,0,0,0,18)
102:(2,3,0,0,0,19)
103:(2,3,0,0,0,20)
104:(2,3,0,0,1,18)
105:(2,3,0,0,1,19)
106:(2,3,0,0,1,20)
107:(2,3,0,1,0,13)
108:(2,3,0,1,0,14)
109:(2,3,0,1,0,15)
110:(2,3,0,1,0,16)
111:(2,3,0,1,0,17)
112:(2,3,0,1,0,18)
113:(2,3,0,1,0,19)
114:(2,3,0,1,0,20)
115:(2,3,0,1,1,13)
116:(2,3,0,1,1,14)
117:(2,3,0,1,1,15)
118:(2,3,0,1,1,16)
119:(2,3,0,1,1,17)
120:(2,3,0,1,1,18)
121:(2,3,0,1,1,19)
122:(2,3,0,1,1,20)
123:(2,3,0,2,0,11)
124:(2,3,0,2,0,12)
125:(2,3,0,2,0,13)
126:(2,3,0,2,0,14)
127:(2,3,0,2,0,15)
128:(2,3,0,2,0,16)
129:(2,3,0,2,0,17)
130:(2,3,0,2,0,18)
131:(2,3,0,2,0,19)
132:(2,3,0,2,0,20)
133:(2,3,0,2,1,17)
134:(2,3,0,2,1,18)
135:(2,3,0,2,1,19)
136:(2,3,0,2,1,20)
137:(2,3,0,3,0,12)
138:(2,3,0,3,0,13)
139:(2,3,0,3,0,14)
140:(2,3,0,3,0,15)
141:(2,3,0,3,0,16)
142:(2,3,0,3,0,17)
143:(2,3,0,3,0,18)
144:(2,3,0,3,0,19)
145:(2,3,0,3,0,20)
146:(2,3,0,3,1,20)
147:(2,3,1,2,0,20)
148:(2,3,1,3,0,20)
149:(3,0,0,0,0,9)
150:(3,0,0,0,0,15)
151:(3,0,0,0,0,20)
152:(3,0,0,0,1,15)
153:(3,0,0,0,1,20)
154:(3,0,0,1,0,10)
155:(3,0,0,1,0,16)
156:(3,0,0,1,0,20)
157:(3,0,0,1,1,10)
158:(3,0,0,1,1,16)
159:(3,0,0,1,1,20)
160:(3,0,0,2,0,8)
161:(3,0,0,2,0,14)
162:(3,0,0,2,0,20)
163:(3,0,0,2,1,14)
164:(3,0,0,2,1,20)
165:(3,0,0,3,0,20)
166:(3,0,0,3,1,20)
167:(3,0,1,0,0,15)
168:(3,0,1,0,0,20)
169:(3,0,1,1,0,16)
170:(3,0,1,1,0,20)
171:(3,0,1,1,1,16)
172:(3,0,1,1,1,20)
173:(3,0,1,2,0,14)
174:(3,0,1,2,0,20)
175:(3,0,1,3,0,15)
176:(3,0,1,3,0,16)
177:(3,0,1,3,0,17)
178:(3,0,1,3,0,18)
179:(3,0,1,3,0,19)
180:(3,0,1,3,0,20)
181:(3,1,0,0,0,10)
182:(3,1,0,0,0,16)
183:(3,1,0,0,0,20)
184:(3,1,0,0,1,16)
185:(3,1,0,0,1,20)
186:(3,1,0,1,0,11)
187:(3,1,0,1,0,17)
188:(3,1,0,1,0,20)
189:(3,1,0,1,1,11)
190:(3,1,0,1,1,17)
191:(3,1,0,1,1,20)
192:(3,1,0,2,0,9)
193:(3,1,0,2,0,15)
194:(3,1,0,2,0,20)
195:(3,1,0,2,1,15)
196:(3,1,0,2,1,20)
197:(3,1,0,3,0,16)
198:(3,1,0,3,0,17)
199:(3,1,0,3,0,18)
200:(3,1,0,3,0,19)
201:(3,1,0,3,0,20)
202:(3,1,0,3,1,20)
203:(3,1,1,0,0,10)
204:(3,1,1,0,0,16)
205:(3,1,1,0,0,20)
206:(3,1,1,0,1,16)
207:(3,1,1,0,1,20)
208:(3,1,1,1,0,11)
209:(3,1,1,1,0,17)
210:(3,1,1,1,0,20)
211:(3,1,1,1,1,11)
212:(3,1,1,1,1,17)
213:(3,1,1,1,1,20)
214:(3,1,1,2,0,9)
215:(3,1,1,2,0,15)
216:(3,1,1,2,0,20)
217:(3,1,1,2,1,15)
218:(3,1,1,2,1,20)
219:(3,1,1,3,0,16)
220:(3,1,1,3,0,17)
221:(3,1,1,3,0,18)
222:(3,1,1,3,0,19)
223:(3,1,1,3,0,20)
224:(3,1,1,3,1,20)
225:(3,2,0,0,0,8)
226:(3,2,0,0,0,14)
227:(3,2,0,0,0,20)
228:(3,2,0,0,1,14)
229:(3,2,0,0,1,20)
230:(3,2,0,1,0,9)
231:(3,2,0,1,0,15)
232:(3,2,0,1,0,20)
233:(3,2,0,1,1,9)
234:(3,2,0,1,1,15)
235:(3,2,0,1,1,20)
236:(3,2,0,2,0,7)
237:(3,2,0,2,0,13)
238:(3,2,0,2,0,19)
239:(3,2,0,2,0,20)
240:(3,2,0,2,1,13)
241:(3,2,0,2,1,19)
242:(3,2,0,2,1,20)
243:(3,2,0,3,0,20)
244:(3,2,0,3,1,20)
245:(3,2,1,0,0,14)
246:(3,2,1,0,0,20)
247:(3,2,1,1,0,15)
248:(3,2,1,1,0,20)
249:(3,2,1,1,1,15)
250:(3,2,1,1,1,20)
251:(3,2,1,2,0,13)
252:(3,2,1,2,0,19)
253:(3,2,1,2,0,20)
254:(3,2,1,3,0,14)
255:(3,2,1,3,0,15)
256:(3,2,1,3,0,16)
257:(3,2,1,3,0,17)
258:(3,2,1,3,0,18)
259:(3,2,1,3,0,19)
260:(3,2,1,3,0,20)
261:(3,3,0,0,0,20)
262:(3,3,0,0,1,15)
263:(3,3,0,0,1,16)
264:(3,3,0,0,1,17)
265:(3,3,0,0,1,18)
266:(3,3,0,0,1,19)
267:(3,3,0,0,1,20)
268:(3,3,0,1,0,16)
269:(3,3,0,1,0,17)
270:(3,3,0,1,0,18)
271:(3,3,0,1,0,19)
272:(3,3,0,1,0,20)
273:(3,3,0,1,1,16)
274:(3,3,0,1,1,17)
275:(3,3,0,1,1,18)
276:(3,3,0,1,1,19)
277:(3,3,0,1,1,20)
278:(3,3,0,2,0,20)
279:(3,3,0,2,1,14)
280:(3,3,0,2,1,15)
281:(3,3,0,2,1,16)
282:(3,3,0,2,1,17)
283:(3,3,0,2,1,18)
284:(3,3,0,2,1,19)
285:(3,3,0,2,1,20)
286:(3,3,1,0,0,20)
287:(3,3,1,1,0,20)
288:(3,3,1,1,1,20)
289:(3,3,1,2,0,20)
290:(4,0,0,0,0,6)
291:(4,0,0,0,0,12)
292:(4,0,0,0,0,18)
293:(4,0,0,0,0,20)
294:(4,0,0,0,1,12)
295:(4,0,0,0,1,18)
296:(4,0,0,0,1,20)
297:(4,0,0,1,0,7)
298:(4,0,0,1,0,13)
299:(4,0,0,1,0,19)
300:(4,0,0,1,0,20)
301:(4,0,0,1,1,7)
302:(4,0,0,1,1,13)
303:(4,0,0,1,1,19)
304:(4,0,0,1,1,20)
305:(4,0,0,2,0,5)
306:(4,0,0,2,0,11)
307:(4,0,0,2,0,17)
308:(4,0,0,2,0,20)
309:(4,0,0,2,1,11)
310:(4,0,0,2,1,17)
311:(4,0,0,2,1,20)
312:(4,0,0,3,0,20)
313:(4,0,0,3,1,20)
314:(4,0,1,0,0,12)
315:(4,0,1,0,0,18)
316:(4,0,1,0,0,20)
317:(4,0,1,0,1,18)
318:(4,0,1,0,1,20)
319:(4,0,1,1,0,13)
320:(4,0,1,1,0,19)
321:(4,0,1,1,0,20)
322:(4,0,1,1,1,13)
323:(4,0,1,1,1,19)
324:(4,0,1,1,1,20)
325:(4,0,1,2,0,11)
326:(4,0,1,2,0,17)
327:(4,0,1,2,0,20)
328:(4,0,1,2,1,17)
329:(4,0,1,2,1,20)
330:(4,0,1,3,0,18)
331:(4,0,1,3,0,19)
332:(4,0,1,3,0,20)
333:(4,0,1,3,1,20)
334:(4,1,0,0,0,7)
335:(4,1,0,0,0,13)
336:(4,1,0,0,0,19)
337:(4,1,0,0,0,20)
338:(4,1,0,0,1,13)
339:(4,1,0,0,1,19)
340:(4,1,0,0,1,20)
341:(4,1,0,1,0,8)
342:(4,1,0,1,0,14)
343:(4,1,0,1,0,20)
344:(4,1,0,1,1,8)
345:(4,1,0,1,1,14)
346:(4,1,0,1,1,20)
347:(4,1,0,2,0,6)
348:(4,1,0,2,0,12)
349:(4,1,0,2,0,18)
350:(4,1,0,2,0,20)
351:(4,1,0,2,1,12)
352:(4,1,0,2,1,18)
353:(4,1,0,2,1,20)
354:(4,1,0,3,0,19)
355:(4,1,0,3,0,20)
356:(4,1,0,3,1,20)
357:(4,1,1,0,0,7)
358:(4,1,1,0,0,13)
359:(4,1,1,0,0,19)
360:(4,1,1,0,0,20)
361:(4,1,1,0,1,13)
362:(4,1,1,0,1,19)
363:(4,1,1,0,1,20)
364:(4,1,1,1,0,8)
365:(4,1,1,1,0,14)
366:(4,1,1,1,0,20)
367:(4,1,1,1,1,8)
368:(4,1,1,1,1,14)
369:(4,1,1,1,1,20)
370:(4,1,1,2,0,6)
371:(4,1,1,2,0,12)
372:(4,1,1,2,0,18)
373:(4,1,1,2,0,20)
374:(4,1,1,2,1,12)
375:(4,1,1,2,1,18)
376:(4,1,1,2,1,20)
377:(4,1,1,3,0,19)
378:(4,1,1,3,0,20)
379:(4,1,1,3,1,20)
380:(4,2,0,0,0,5)
381:(4,2,0,0,0,11)
382:(4,2,0,0,0,17)
383:(4,2,0,0,0,20)
384:(4,2,0,0,1,11)
385:(4,2,0,0,1,17)
386:(4,2,0,0,1,20)
387:(4,2,0,1,0,6)
388:(4,2,0,1,0,12)
389:(4,2,0,1,0,18)
390:(4,2,0,1,0,20)
391:(4,2,0,1,1,6)
392:(4,2,0,1,1,12)
393:(4,2,0,1,1,18)
394:(4,2,0,1,1,20)
395:(4,2,0,2,0,4)
396:(4,2,0,2,0,10)
397:(4,2,0,2,0,16)
398:(4,2,0,2,0,20)
399:(4,2,0,2,1,10)
400:(4,2,0,2,1,16)
401:(4,2,0,2,1,20)
402:(4,2,0,3,0,20)
403:(4,2,0,3,1,20)
404:(4,2,1,0,0,11)
405:(4,2,1,0,0,17)
406:(4,2,1,0,0,20)
407:(4,2,1,0,1,17)
408:(4,2,1,0,1,20)
409:(4,2,1,1,0,12)
410:(4,2,1,1,0,18)
411:(4,2,1,1,0,20)
412:(4,2,1,1,1,12)
413:(4,2,1,1,1,18)
414:(4,2,1,1,1,20)
415:(4,2,1,2,0,10)
416:(4,2,1,2,0,16)
417:(4,2,1,2,0,20)
418:(4,2,1,2,1,16)
419:(4,2,1,2,1,20)
420:(4,2,1,3,0,17)
421:(4,2,1,3,0,18)
422:(4,2,1,3,0,19)
423:(4,2,1,3,0,20)
424:(4,2,1,3,1,20)
425:(4,3,0,0,0,20)
426:(4,3,0,0,1,18)
427:(4,3,0,0,1,19)
428:(4,3,0,0,1,20)
429:(4,3,0,1,0,19)
430:(4,3,0,1,0,20)
431:(4,3,0,1,1,19)
432:(4,3,0,1,1,20)
433:(4,3,0,2,0,20)
434:(4,3,0,2,1,17)
435:(4,3,0,2,1,18)
436:(4,3,0,2,1,19)
437:(4,3,0,2,1,20)
438:(4,3,1,0,0,20)
439:(4,3,1,0,1,20)
440:(4,3,1,1,0,20)
441:(4,3,1,1,1,20)
442:(4,3,1,2,0,20)
443:(4,3,1,2,1,20)
444:(5,0,0,0,0,3)
445:(5,0,0,0,0,9)
446:(5,0,0,0,0,15)
447:(5,0,0,0,0,20)
448:(5,0,0,0,1,9)
449:(5,0,0,0,1,15)
450:(5,0,0,0,1,20)
451:(5,0,0,1,0,4)
452:(5,0,0,1,0,10)
453:(5,0,0,1,0,16)
454:(5,0,0,1,0,20)
455:(5,0,0,1,1,4)
456:(5,0,0,1,1,10)
457:(5,0,0,1,1,16)
458:(5,0,0,1,1,20)
459:(5,0,0,2,0,2)
460:(5,0,0,2,0,8)
461:(5,0,0,2,0,14)
462:(5,0,0,2,0,20)
463:(5,0,0,2,1,8)
464:(5,0,0,2,1,14)
465:(5,0,0,2,1,20)
466:(5,0,0,3,0,20)
467:(5,0,0,3,1,20)
468:(5,0,1,0,0,9)
469:(5,0,1,0,0,15)
470:(5,0,1,0,0,20)
471:(5,0,1,0,1,15)
472:(5,0,1,0,1,20)
473:(5,0,1,1,0,10)
474:(5,0,1,1,0,16)
475:(5,0,1,1,0,20)
476:(5,0,1,1,1,10)
477:(5,0,1,1,1,16)
478:(5,0,1,1,1,20)
479:(5,0,1,2,0,8)
480:(5,0,1,2,0,14)
481:(5,0,1,2,0,20)
482:(5,0,1,2,1,14)
483:(5,0,1,2,1,20)
484:(5,0,1,3,0,20)
485:(5,0,1,3,1,20)
486:(5,1,0,0,0,4)
487:(5,1,0,0,0,10)
488:(5,1,0,0,0,16)
489:(5,1,0,0,0,20)
490:(5,1,0,0,1,10)
491:(5,1,0,0,1,16)
492:(5,1,0,0,1,20)
493:(5,1,0,1,0,5)
494:(5,1,0,1,0,11)
495:(5,1,0,1,0,17)
496:(5,1,0,1,0,20)
497:(5,1,0,1,1,5)
498:(5,1,0,1,1,11)
499:(5,1,0,1,1,17)
500:(5,1,0,1,1,20)
501:(5,1,0,2,0,3)
502:(5,1,0,2,0,9)
503:(5,1,0,2,0,15)
504:(5,1,0,2,0,20)
505:(5,1,0,2,1,9)
506:(5,1,0,2,1,15)
507:(5,1,0,2,1,20)
508:(5,1,0,3,0,20)
509:(5,1,0,3,1,20)
510:(5,1,1,0,0,4)
511:(5,1,1,0,0,10)
512:(5,1,1,0,0,16)
513:(5,1,1,0,0,20)
514:(5,1,1,0,1,10)
515:(5,1,1,0,1,16)
516:(5,1,1,0,1,20)
517:(5,1,1,1,0,5)
518:(5,1,1,1,0,11)
519:(5,1,1,1,0,17)
520:(5,1,1,1,0,20)
521:(5,1,1,1,1,5)
522:(5,1,1,1,1,11)
523:(5,1,1,1,1,17)
524:(5,1,1,1,1,20)
525:(5,1,1,2,0,3)
526:(5,1,1,2,0,9)
527:(5,1,1,2,0,15)
528:(5,1,1,2,0,20)
529:(5,1,1,2,1,9)
530:(5,1,1,2,1,15)
531:(5,1,1,2,1,20)
532:(5,1,1,3,0,20)
533:(5,1,1,3,1,20)
534:(5,2,0,0,0,2)
535:(5,2,0,0,0,8)
536:(5,2,0,0,0,14)
537:(5,2,0,0,0,20)
538:(5,2,0,0,1,8)
539:(5,2,0,0,1,14)
540:(5,2,0,0,1,20)
541:(5,2,0,1,0,3)
542:(5,2,0,1,0,9)
543:(5,2,0,1,0,15)
544:(5,2,0,1,0,20)
545:(5,2,0,1,1,3)
546:(5,2,0,1,1,9)
547:(5,2,0,1,1,15)
548:(5,2,0,1,1,20)
549:(5,2,0,2,0,7)
550:(5,2,0,2,0,13)
551:(5,2,0,2,0,19)
552:(5,2,0,2,0,20)
553:(5,2,0,2,1,7)
554:(5,2,0,2,1,13)
555:(5,2,0,2,1,19)
556:(5,2,0,2,1,20)
557:(5,2,0,3,0,20)
558:(5,2,0,3,1,20)
559:(5,2,1,0,0,8)
560:(5,2,1,0,0,14)
561:(5,2,1,0,0,20)
562:(5,2,1,0,1,14)
563:(5,2,1,0,1,20)
564:(5,2,1,1,0,9)
565:(5,2,1,1,0,15)
566:(5,2,1,1,0,20)
567:(5,2,1,1,1,9)
568:(5,2,1,1,1,15)
569:(5,2,1,1,1,20)
570:(5,2,1,2,0,7)
571:(5,2,1,2,0,13)
572:(5,2,1,2,0,19)
573:(5,2,1,2,0,20)
574:(5,2,1,2,1,13)
575:(5,2,1,2,1,19)
576:(5,2,1,2,1,20)
577:(5,2,1,3,0,20)
578:(5,2,1,3,1,20)
579:(5,3,0,0,0,20)
580:(5,3,0,0,1,20)
581:(5,3,0,1,0,20)
582:(5,3,0,1,1,20)
583:(5,3,0,2,0,20)
584:(5,3,0,2,1,20)
585:(5,3,1,0,0,20)
586:(5,3,1,0,1,20)
587:(5,3,1,1,0,20)
588:(5,3,1,1,1,20)
589:(5,3,1,2,0,20)
590:(5,3,1,2,1,20)
591:(6,0,0,0,0,0)
592:(6,0,0,0,0,6)
593:(6,0,0,0,0,12)
594:(6,0,0,0,0,18)
595:(6,0,0,0,0,20)
596:(6,0,0,0,1,6)
597:(6,0,0,0,1,12)
598:(6,0,0,0,1,18)
599:(6,0,0,0,1,20)
600:(6,0,0,1,0,1)
601:(6,0,0,1,0,7)
602:(6,0,0,1,0,13)
603:(6,0,0,1,0,19)
604:(6,0,0,1,0,20)
605:(6,0,0,1,1,1)
606:(6,0,0,1,1,7)
607:(6,0,0,1,1,13)
608:(6,0,0,1,1,19)
609:(6,0,0,1,1,20)
610:(6,0,0,2,0,5)
611:(6,0,0,2,0,11)
612:(6,0,0,2,0,17)
613:(6,0,0,2,0,20)
614:(6,0,0,2,1,5)
615:(6,0,0,2,1,11)
616:(6,0,0,2,1,17)
617:(6,0,0,2,1,20)
618:(6,0,0,3,0,20)
619:(6,0,0,3,1,20)
620:(6,0,1,0,0,6)
621:(6,0,1,0,0,12)
622:(6,0,1,0,0,18)
623:(6,0,1,0,0,20)
624:(6,0,1,0,1,12)
625:(6,0,1,0,1,18)
626:(6,0,1,0,1,20)
627:(6,0,1,1,0,7)
628:(6,0,1,1,0,13)
629:(6,0,1,1,0,19)
630:(6,0,1,1,0,20)
631:(6,0,1,1,1,7)
632:(6,0,1,1,1,13)
633:(6,0,1,1,1,19)
634:(6,0,1,1,1,20)
635:(6,0,1,2,0,5)
636:(6,0,1,2,0,11)
637:(6,0,1,2,0,17)
638:(6,0,1,2,0,20)
639:(6,0,1,2,1,11)
640:(6,0,1,2,1,17)
641:(6,0,1,2,1,20)
642:(6,0,1,3,0,20)
643:(6,0,1,3,1,20)
644:(6,1,0,0,0,1)
645:(6,1,0,0,0,7)
646:(6,1,0,0,0,13)
647:(6,1,0,0,0,19)
648:(6,1,0,0,0,20)
649:(6,1,0,0,1,7)
650:(6,1,0,0,1,13)
651:(6,1,0,0,1,19)
652:(6,1,0,0,1,20)
653:(6,1,0,1,0,2)
654:(6,1,0,1,0,8)
655:(6,1,0,1,0,14)
656:(6,1,0,1,0,20)
657:(6,1,0,1,1,2)
658:(6,1,0,1,1,8)
659:(6,1,0,1,1,14)
660:(6,1,0,1,1,20)
661:(6,1,0,2,0,6)
662:(6,1,0,2,0,12)
663:(6,1,0,2,0,18)
664:(6,1,0,2,0,20)
665:(6,1,0,2,1,6)
666:(6,1,0,2,1,12)
667:(6,1,0,2,1,18)
668:(6,1,0,2,1,20)
669:(6,1,0,3,0,20)
670:(6,1,0,3,1,20)
671:(6,1,1,0,0,1)
672:(6,1,1,0,0,7)
673:(6,1,1,0,0,13)
674:(6,1,1,0,0,19)
675:(6,1,1,0,0,20)
676:(6,1,1,0,1,7)
677:(6,1,1,0,1,13)
678:(6,1,1,0,1,19)
679:(6,1,1,0,1,20)
680:(6,1,1,1,0,2)
681:(6,1,1,1,0,8)
682:(6,1,1,1,0,14)
683:(6,1,1,1,0,20)
684:(6,1,1,1,1,2)
685:(6,1,1,1,1,8)
686:(6,1,1,1,1,14)
687:(6,1,1,1,1,20)
688:(6,1,1,2,0,6)
689:(6,1,1,2,0,12)
690:(6,1,1,2,0,18)
691:(6,1,1,2,0,20)
692:(6,1,1,2,1,6)
693:(6,1,1,2,1,12)
694:(6,1,1,2,1,18)
695:(6,1,1,2,1,20)
696:(6,1,1,3,0,20)
697:(6,1,1,3,1,20)
698:(6,2,0,0,0,5)
699:(6,2,0,0,0,11)
700:(6,2,0,0,0,17)
701:(6,2,0,0,0,20)
702:(6,2,0,0,1,5)
703:(6,2,0,0,1,11)
704:(6,2,0,0,1,17)
705:(6,2,0,0,1,20)
706:(6,2,0,1,0,6)
707:(6,2,0,1,0,12)
708:(6,2,0,1,0,18)
709:(6,2,0,1,0,20)
710:(6,2,0,1,1,6)
711:(6,2,0,1,1,12)
712:(6,2,0,1,1,18)
713:(6,2,0,1,1,20)
714:(6,2,0,2,0,10)
715:(6,2,0,2,0,16)
716:(6,2,0,2,0,20)
717:(6,2,0,2,1,4)
718:(6,2,0,2,1,10)
719:(6,2,0,2,1,16)
720:(6,2,0,2,1,20)
721:(6,2,0,3,0,20)
722:(6,2,0,3,1,20)
723:(6,2,1,0,0,5)
724:(6,2,1,0,0,11)
725:(6,2,1,0,0,17)
726:(6,2,1,0,0,20)
727:(6,2,1,0,1,11)
728:(6,2,1,0,1,17)
729:(6,2,1,0,1,20)
730:(6,2,1,1,0,6)
731:(6,2,1,1,0,12)
732:(6,2,1,1,0,18)
733:(6,2,1,1,0,20)
734:(6,2,1,1,1,6)
735:(6,2,1,1,1,12)
736:(6,2,1,1,1,18)
737:(6,2,1,1,1,20)
738:(6,2,1,2,0,4)
739:(6,2,1,2,0,10)
740:(6,2,1,2,0,16)
741:(6,2,1,2,0,20)
742:(6,2,1,2,1,10)
743:(6,2,1,2,1,16)
744:(6,2,1,2,1,20)
745:(6,2,1,3,0,20)
746:(6,2,1,3,1,20)
747:(6,3,0,0,0,20)
748:(6,3,0,0,1,20)
749:(6,3,0,1,0,20)
750:(6,3,0,1,1,20)
751:(6,3,0,2,0,20)
752:(6,3,0,2,1,20)
753:(6,3,1,0,0,20)
754:(6,3,1,0,1,20)
755:(6,3,1,1,0,20)
756:(6,3,1,1,1,20)
757:(6,3,1,2,0,20)
758:(6,3,1,2,1,20)
759:(7,0,0,0,0,9)
760:(7,0,0,0,0,15)
761:(7,0,0,0,0,20)
762:(7,0,0,0,1,3)
763:(7,0,0,0,1,9)
764:(7,0,0,0,1,15)
765:(7,0,0,0,1,20)
766:(7,0,0,1,0,4)
767:(7,0,0,1,0,10)
768:(7,0,0,1,0,16)
769:(7,0,0,1,0,20)
770:(7,0,0,1,1,4)
771:(7,0,0,1,1,10)
772:(7,0,0,1,1,16)
773:(7,0,0,1,1,20)
774:(7,0,0,2,0,8)
775:(7,0,0,2,0,14)
776:(7,0,0,2,0,20)
777:(7,0,0,2,1,2)
778:(7,0,0,2,1,8)
779:(7,0,0,2,1,14)
780:(7,0,0,2,1,20)
781:(7,0,0,3,0,20)
782:(7,0,0,3,1,20)
783:(7,0,1,0,0,3)
784:(7,0,1,0,0,9)
785:(7,0,1,0,0,15)
786:(7,0,1,0,0,20)
787:(7,0,1,0,1,9)
788:(7,0,1,0,1,15)
789:(7,0,1,0,1,20)
790:(7,0,1,1,0,4)
791:(7,0,1,1,0,10)
792:(7,0,1,1,0,16)
793:(7,0,1,1,0,20)
794:(7,0,1,1,1,4)
795:(7,0,1,1,1,10)
796:(7,0,1,1,1,16)
797:(7,0,1,1,1,20)
798:(7,0,1,2,0,8)
799:(7,0,1,2,0,14)
800:(7,0,1,2,0,20)
801:(7,0,1,2,1,8)
802:(7,0,1,2,1,14)
803:(7,0,1,2,1,20)
804:(7,0,1,3,0,20)
805:(7,0,1,3,1,20)
806:(7,1,0,0,0,4)
807:(7,1,0,0,0,10)
808:(7,1,0,0,0,16)
809:(7,1,0,0,0,20)
810:(7,1,0,0,1,4)
811:(7,1,0,0,1,10)
812:(7,1,0,0,1,16)
813:(7,1,0,0,1,20)
814:(7,1,0,1,0,5)
815:(7,1,0,1,0,11)
816:(7,1,0,1,0,17)
817:(7,1,0,1,0,20)
818:(7,1,0,1,1,5)
819:(7,1,0,1,1,11)
820:(7,1,0,1,1,17)
821:(7,1,0,1,1,20)
822:(7,1,0,2,0,9)
823:(7,1,0,2,0,15)
824:(7,1,0,2,0,20)
825:(7,1,0,2,1,3)
826:(7,1,0,2,1,9)
827:(7,1,0,2,1,15)
828:(7,1,0,2,1,20)
829:(7,1,0,3,0,20)
830:(7,1,0,3,1,20)
831:(7,1,1,0,0,4)
832:(7,1,1,0,0,10)
833:(7,1,1,0,0,16)
834:(7,1,1,0,0,20)
835:(7,1,1,0,1,4)
836:(7,1,1,0,1,10)
837:(7,1,1,0,1,16)
838:(7,1,1,0,1,20)
839:(7,1,1,1,0,5)
840:(7,1,1,1,0,11)
841:(7,1,1,1,0,17)
842:(7,1,1,1,0,20)
843:(7,1,1,1,1,5)
844:(7,1,1,1,1,11)
845:(7,1,1,1,1,17)
846:(7,1,1,1,1,20)
847:(7,1,1,2,0,9)
848:(7,1,1,2,0,15)
849:(7,1,1,2,0,20)
850:(7,1,1,2,1,3)
851:(7,1,1,2,1,9)
852:(7,1,1,2,1,15)
853:(7,1,1,2,1,20)
854:(7,1,1,3,0,20)
855:(7,1,1,3,1,20)
856:(7,2,0,0,0,8)
857:(7,2,0,0,0,14)
858:(7,2,0,0,0,20)
859:(7,2,0,0,1,8)
860:(7,2,0,0,1,14)
861:(7,2,0,0,1,20)
862:(7,2,0,1,0,9)
863:(7,2,0,1,0,15)
864:(7,2,0,1,0,20)
865:(7,2,0,1,1,9)
866:(7,2,0,1,1,15)
867:(7,2,0,1,1,20)
868:(7,2,0,2,0,13)
869:(7,2,0,2,0,19)
870:(7,2,0,2,0,20)
871:(7,2,0,2,1,7)
872:(7,2,0,2,1,13)
873:(7,2,0,2,1,19)
874:(7,2,0,2,1,20)
875:(7,2,0,3,0,20)
876:(7,2,0,3,1,20)
877:(7,2,1,0,0,2)
878:(7,2,1,0,0,8)
879:(7,2,1,0,0,14)
880:(7,2,1,0,0,20)
881:(7,2,1,0,1,8)
882:(7,2,1,0,1,14)
883:(7,2,1,0,1,20)
884:(7,2,1,1,0,3)
885:(7,2,1,1,0,9)
886:(7,2,1,1,0,15)
887:(7,2,1,1,0,20)
888:(7,2,1,1,1,3)
889:(7,2,1,1,1,9)
890:(7,2,1,1,1,15)
891:(7,2,1,1,1,20)
892:(7,2,1,2,0,7)
893:(7,2,1,2,0,13)
894:(7,2,1,2,0,19)
895:(7,2,1,2,0,20)
896:(7,2,1,2,1,7)
897:(7,2,1,2,1,13)
898:(7,2,1,2,1,19)
899:(7,2,1,2,1,20)
900:(7,2,1,3,0,20)
901:(7,2,1,3,1,20)
902:(7,3,0,0,0,20)
903:(7,3,0,0,1,20)
904:(7,3,0,1,0,20)
905:(7,3,0,1,1,20)
906:(7,3,0,2,0,20)
907:(7,3,0,2,1,20)
908:(7,3,1,0,0,20)
909:(7,3,1,0,1,20)
910:(7,3,1,1,0,20)
911:(7,3,1,1,1,20)
912:(7,3,1,2,0,20)
913:(7,3,1,2,1,20)
914:(8,0,0,0,0,12)
915:(8,0,0,0,0,18)
916:(8,0,0,0,0,20)
917:(8,0,0,0,1,6)
918:(8,0,0,0,1,12)
919:(8,0,0,0,1,18)
920:(8,0,0,0,1,20)
921:(8,0,0,1,0,7)
922:(8,0,0,1,0,13)
923:(8,0,0,1,0,19)
924:(8,0,0,1,0,20)
925:(8,0,0,1,1,7)
926:(8,0,0,1,1,13)
927:(8,0,0,1,1,19)
928:(8,0,0,1,1,20)
929:(8,0,0,2,0,11)
930:(8,0,0,2,0,17)
931:(8,0,0,2,0,20)
932:(8,0,0,2,1,5)
933:(8,0,0,2,1,11)
934:(8,0,0,2,1,17)
935:(8,0,0,2,1,20)
936:(8,0,0,3,0,20)
937:(8,0,0,3,1,18)
938:(8,0,0,3,1,19)
939:(8,0,0,3,1,20)
940:(8,0,1,0,0,6)
941:(8,0,1,0,0,12)
942:(8,0,1,0,0,18)
943:(8,0,1,0,0,20)
944:(8,0,1,0,1,6)
945:(8,0,1,0,1,12)
946:(8,0,1,0,1,18)
947:(8,0,1,0,1,20)
948:(8,0,1,1,0,7)
949:(8,0,1,1,0,13)
950:(8,0,1,1,0,19)
951:(8,0,1,1,0,20)
952:(8,0,1,1,1,7)
953:(8,0,1,1,1,13)
954:(8,0,1,1,1,19)
955:(8,0,1,1,1,20)
956:(8,0,1,2,0,11)
957:(8,0,1,2,0,17)
958:(8,0,1,2,0,20)
959:(8,0,1,2,1,5)
960:(8,0,1,2,1,11)
961:(8,0,1,2,1,17)
962:(8,0,1,2,1,20)
963:(8,0,1,3,0,20)
964:(8,0,1,3,1,20)
965:(8,1,0,0,0,7)
966:(8,1,0,0,0,13)
967:(8,1,0,0,0,19)
968:(8,1,0,0,0,20)
969:(8,1,0,0,1,7)
970:(8,1,0,0,1,13)
971:(8,1,0,0,1,19)
972:(8,1,0,0,1,20)
973:(8,1,0,1,0,8)
974:(8,1,0,1,0,14)
975:(8,1,0,1,0,20)
976:(8,1,0,1,1,8)
977:(8,1,0,1,1,14)
978:(8,1,0,1,1,20)
979:(8,1,0,2,0,12)
980:(8,1,0,2,0,18)
981:(8,1,0,2,0,20)
982:(8,1,0,2,1,6)
983:(8,1,0,2,1,12)
984:(8,1,0,2,1,18)
985:(8,1,0,2,1,20)
986:(8,1,0,3,0,20)
987:(8,1,0,3,1,19)
988:(8,1,0,3,1,20)
989:(8,1,1,0,0,7)
990:(8,1,1,0,0,13)
991:(8,1,1,0,0,19)
992:(8,1,1,0,0,20)
993:(8,1,1,0,1,7)
994:(8,1,1,0,1,13)
995:(8,1,1,0,1,19)
996:(8,1,1,0,1,20)
997:(8,1,1,1,0,8)
998:(8,1,1,1,0,14)
999:(8,1,1,1,0,20)
1000:(8,1,1,1,1,8)
1001:(8,1,1,1,1,14)
1002:(8,1,1,1,1,20)
1003:(8,1,1,2,0,12)
1004:(8,1,1,2,0,18)
1005:(8,1,1,2,0,20)
1006:(8,1,1,2,1,6)
1007:(8,1,1,2,1,12)
1008:(8,1,1,2,1,18)
1009:(8,1,1,2,1,20)
1010:(8,1,1,3,0,20)
1011:(8,1,1,3,1,19)
1012:(8,1,1,3,1,20)
1013:(8,2,0,0,0,11)
1014:(8,2,0,0,0,17)
1015:(8,2,0,0,0,20)
1016:(8,2,0,0,1,11)
1017:(8,2,0,0,1,17)
1018:(8,2,0,0,1,20)
1019:(8,2,0,1,0,12)
1020:(8,2,0,1,0,18)
1021:(8,2,0,1,0,20)
1022:(8,2,0,1,1,12)
1023:(8,2,0,1,1,18)
1024:(8,2,0,1,1,20)
1025:(8,2,0,2,0,16)
1026:(8,2,0,2,0,20)
1027:(8,2,0,2,1,10)
1028:(8,2,0,2,1,16)
1029:(8,2,0,2,1,20)
1030:(8,2,0,3,0,20)
1031:(8,2,0,3,1,17)
1032:(8,2,0,3,1,18)
1033:(8,2,0,3,1,19)
1034:(8,2,0,3,1,20)
1035:(8,2,1,0,0,5)
1036:(8,2,1,0,0,11)
1037:(8,2,1,0,0,17)
1038:(8,2,1,0,0,20)
1039:(8,2,1,0,1,5)
1040:(8,2,1,0,1,11)
1041:(8,2,1,0,1,17)
1042:(8,2,1,0,1,20)
1043:(8,2,1,1,0,6)
1044:(8,2,1,1,0,12)
1045:(8,2,1,1,0,18)
1046:(8,2,1,1,0,20)
1047:(8,2,1,1,1,6)
1048:(8,2,1,1,1,12)
1049:(8,2,1,1,1,18)
1050:(8,2,1,1,1,20)
1051:(8,2,1,2,0,10)
1052:(8,2,1,2,0,16)
1053:(8,2,1,2,0,20)
1054:(8,2,1,2,1,4)
1055:(8,2,1,2,1,10)
1056:(8,2,1,2,1,16)
1057:(8,2,1,2,1,20)
1058:(8,2,1,3,0,20)
1059:(8,2,1,3,1,20)
1060:(8,3,0,0,0,20)
1061:(8,3,0,0,1,20)
1062:(8,3,0,1,0,20)
1063:(8,3,0,1,1,20)
1064:(8,3,0,2,0,20)
1065:(8,3,0,2,1,20)
1066:(8,3,1,0,0,18)
1067:(8,3,1,0,0,19)
1068:(8,3,1,0,0,20)
1069:(8,3,1,0,1,20)
1070:(8,3,1,1,0,19)
1071:(8,3,1,1,0,20)
1072:(8,3,1,1,1,19)
1073:(8,3,1,1,1,20)
1074:(8,3,1,2,0,17)
1075:(8,3,1,2,0,18)
1076:(8,3,1,2,0,19)
1077:(8,3,1,2,0,20)
1078:(8,3,1,2,1,20)
1079:(9,0,0,0,1,9)
1080:(9,0,0,0,1,15)
1081:(9,0,0,0,1,20)
1082:(9,0,0,1,0,10)
1083:(9,0,0,1,0,16)
1084:(9,0,0,1,0,20)
1085:(9,0,0,1,1,10)
1086:(9,0,0,1,1,16)
1087:(9,0,0,1,1,20)
1088:(9,0,0,2,1,8)
1089:(9,0,0,2,1,14)
1090:(9,0,0,2,1,20)
1091:(9,0,0,3,1,15)
1092:(9,0,0,3,1,16)
1093:(9,0,0,3,1,17)
1094:(9,0,0,3,1,18)
1095:(9,0,0,3,1,19)
1096:(9,0,0,3,1,20)
1097:(9,0,1,0,0,9)
1098:(9,0,1,0,0,15)
1099:(9,0,1,0,0,20)
1100:(9,0,1,0,1,9)
1101:(9,0,1,0,1,15)
1102:(9,0,1,0,1,20)
1103:(9,0,1,1,0,10)
1104:(9,0,1,1,0,16)
1105:(9,0,1,1,0,20)
1106:(9,0,1,1,1,10)
1107:(9,0,1,1,1,16)
1108:(9,0,1,1,1,20)
1109:(9,0,1,2,0,14)
1110:(9,0,1,2,0,20)
1111:(9,0,1,2,1,8)
1112:(9,0,1,2,1,14)
1113:(9,0,1,2,1,20)
1114:(9,0,1,3,0,20)
1115:(9,0,1,3,1,20)
1116:(9,1,0,0,0,10)
1117:(9,1,0,0,0,16)
1118:(9,1,0,0,0,20)
1119:(9,1,0,0,1,10)
1120:(9,1,0,0,1,16)
1121:(9,1,0,0,1,20)
1122:(9,1,0,1,0,11)
1123:(9,1,0,1,0,17)
1124:(9,1,0,1,0,20)
1125:(9,1,0,1,1,11)
1126:(9,1,0,1,1,17)
1127:(9,1,0,1,1,20)
1128:(9,1,0,2,0,15)
1129:(9,1,0,2,0,20)
1130:(9,1,0,2,1,9)
1131:(9,1,0,2,1,15)
1132:(9,1,0,2,1,20)
1133:(9,1,0,3,0,20)
1134:(9,1,0,3,1,16)
1135:(9,1,0,3,1,17)
1136:(9,1,0,3,1,18)
1137:(9,1,0,3,1,19)
1138:(9,1,0,3,1,20)
1139:(9,1,1,0,0,10)
1140:(9,1,1,0,0,16)
1141:(9,1,1,0,0,20)
1142:(9,1,1,0,1,10)
1143:(9,1,1,0,1,16)
1144:(9,1,1,0,1,20)
1145:(9,1,1,1,0,11)
1146:(9,1,1,1,0,17)
1147:(9,1,1,1,0,20)
1148:(9,1,1,1,1,11)
1149:(9,1,1,1,1,17)
1150:(9,1,1,1,1,20)
1151:(9,1,1,2,0,15)
1152:(9,1,1,2,0,20)
1153:(9,1,1,2,1,9)
1154:(9,1,1,2,1,15)
1155:(9,1,1,2,1,20)
1156:(9,1,1,3,0,20)
1157:(9,1,1,3,1,16)
1158:(9,1,1,3,1,17)
1159:(9,1,1,3,1,18)
1160:(9,1,1,3,1,19)
1161:(9,1,1,3,1,20)
1162:(9,2,0,0,1,14)
1163:(9,2,0,0,1,20)
1164:(9,2,0,1,0,15)
1165:(9,2,0,1,0,20)
1166:(9,2,0,1,1,15)
1167:(9,2,0,1,1,20)
1168:(9,2,0,2,1,13)
1169:(9,2,0,2,1,19)
1170:(9,2,0,2,1,20)
1171:(9,2,0,3,1,14)
1172:(9,2,0,3,1,15)
1173:(9,2,0,3,1,16)
1174:(9,2,0,3,1,17)
1175:(9,2,0,3,1,18)
1176:(9,2,0,3,1,19)
1177:(9,2,0,3,1,20)
1178:(9,2,1,0,0,8)
1179:(9,2,1,0,0,14)
1180:(9,2,1,0,0,20)
1181:(9,2,1,0,1,8)
1182:(9,2,1,0,1,14)
1183:(9,2,1,0,1,20)
1184:(9,2,1,1,0,9)
1185:(9,2,1,1,0,15)
1186:(9,2,1,1,0,20)
1187:(9,2,1,1,1,9)
1188:(9,2,1,1,1,15)
1189:(9,2,1,1,1,20)
1190:(9,2,1,2,0,13)
1191:(9,2,1,2,0,19)
1192:(9,2,1,2,0,20)
1193:(9,2,1,2,1,7)
1194:(9,2,1,2,1,13)
1195:(9,2,1,2,1,19)
1196:(9,2,1,2,1,20)
1197:(9,2,1,3,0,20)
1198:(9,2,1,3,1,20)
1199:(9,3,0,0,1,20)
1200:(9,3,0,1,0,20)
1201:(9,3,0,1,1,20)
1202:(9,3,0,2,1,20)
1203:(9,3,1,0,0,15)
1204:(9,3,1,0,0,16)
1205:(9,3,1,0,0,17)
1206:(9,3,1,0,0,18)
1207:(9,3,1,0,0,19)
1208:(9,3,1,0,0,20)
1209:(9,3,1,0,1,20)
1210:(9,3,1,1,0,16)
1211:(9,3,1,1,0,17)
1212:(9,3,1,1,0,18)
1213:(9,3,1,1,0,19)
1214:(9,3,1,1,0,20)
1215:(9,3,1,1,1,16)
1216:(9,3,1,1,1,17)
1217:(9,3,1,1,1,18)
1218:(9,3,1,1,1,19)
1219:(9,3,1,1,1,20)
1220:(9,3,1,2,0,14)
1221:(9,3,1,2,0,15)
1222:(9,3,1,2,0,16)
1223:(9,3,1,2,0,17)
1224:(9,3,1,2,0,18)
1225:(9,3,1,2,0,19)
1226:(9,3,1,2,0,20)
1227:(9,3,1,2,1,20)
1228:(10,0,0,2,1,11)
1229:(10,0,0,2,1,17)
1230:(10,0,0,2,1,20)
1231:(10,0,0,3,1,12)
1232:(10,0,0,3,1,13)
1233:(10,0,0,3,1,14)
1234:(10,0,0,3,1,15)
1235:(10,0,0,3,1,16)
1236:(10,0,0,3,1,17)
1237:(10,0,0,3,1,18)
1238:(10,0,0,3,1,19)
1239:(10,0,0,3,1,20)
1240:(10,0,1,2,1,11)
1241:(10,0,1,2,1,17)
1242:(10,0,1,2,1,20)
1243:(10,0,1,3,1,12)
1244:(10,0,1,3,1,13)
1245:(10,0,1,3,1,14)
1246:(10,0,1,3,1,15)
1247:(10,0,1,3,1,16)
1248:(10,0,1,3,1,17)
1249:(10,0,1,3,1,18)
1250:(10,0,1,3,1,19)
1251:(10,0,1,3,1,20)
1252:(10,1,0,2,1,12)
1253:(10,1,0,2,1,18)
1254:(10,1,0,2,1,20)
1255:(10,1,0,3,1,13)
1256:(10,1,0,3,1,14)
1257:(10,1,0,3,1,15)
1258:(10,1,0,3,1,16)
1259:(10,1,0,3,1,17)
1260:(10,1,0,3,1,18)
1261:(10,1,0,3,1,19)
1262:(10,1,0,3,1,20)
1263:(10,1,1,2,1,12)
1264:(10,1,1,2,1,18)
1265:(10,1,1,2,1,20)
1266:(10,1,1,3,1,13)
1267:(10,1,1,3,1,14)
1268:(10,1,1,3,1,15)
1269:(10,1,1,3,1,16)
1270:(10,1,1,3,1,17)
1271:(10,1,1,3,1,18)
1272:(10,1,1,3,1,19)
1273:(10,1,1,3,1,20)
1274:(10,2,0,2,1,16)
1275:(10,2,0,2,1,20)
1276:(10,2,0,3,1,17)
1277:(10,2,0,3,1,18)
1278:(10,2,0,3,1,19)
1279:(10,2,0,3,1,20)
1280:(10,2,1,0,0,11)
1281:(10,2,1,0,0,17)
1282:(10,2,1,0,0,20)
1283:(10,2,1,0,1,11)
1284:(10,2,1,0,1,17)
1285:(10,2,1,0,1,20)
1286:(10,2,1,1,0,12)
1287:(10,2,1,1,0,18)
1288:(10,2,1,1,0,20)
1289:(10,2,1,1,1,12)
1290:(10,2,1,1,1,18)
1291:(10,2,1,1,1,20)
1292:(10,2,1,2,0,16)
1293:(10,2,1,2,0,20)
1294:(10,2,1,2,1,10)
1295:(10,2,1,2,1,16)
1296:(10,2,1,2,1,20)
1297:(10,2,1,3,0,20)
1298:(10,2,1,3,1,11)
1299:(10,2,1,3,1,12)
1300:(10,2,1,3,1,13)
1301:(10,2,1,3,1,14)
1302:(10,2,1,3,1,15)
1303:(10,2,1,3,1,16)
1304:(10,2,1,3,1,17)
1305:(10,2,1,3,1,18)
1306:(10,2,1,3,1,19)
1307:(10,2,1,3,1,20)
1308:(10,3,0,2,1,20)
1309:(10,3,0,3,1,20)
1310:(10,3,1,0,0,12)
1311:(10,3,1,0,0,13)
1312:(10,3,1,0,0,14)
1313:(10,3,1,0,0,15)
1314:(10,3,1,0,0,16)
1315:(10,3,1,0,0,17)
1316:(10,3,1,0,0,18)
1317:(10,3,1,0,0,19)
1318:(10,3,1,0,0,20)
1319:(10,3,1,0,1,12)
1320:(10,3,1,0,1,13)
1321:(10,3,1,0,1,14)
1322:(10,3,1,0,1,15)
1323:(10,3,1,0,1,16)
1324:(10,3,1,0,1,17)
1325:(10,3,1,0,1,18)
1326:(10,3,1,0,1,19)
1327:(10,3,1,0,1,20)
1328:(10,3,1,1,0,13)
1329:(10,3,1,1,0,14)
1330:(10,3,1,1,0,15)
1331:(10,3,1,1,0,16)
1332:(10,3,1,1,0,17)
1333:(10,3,1,1,0,18)
1334:(10,3,1,1,0,19)
1335:(10,3,1,1,0,20)
1336:(10,3,1,1,1,13)
1337:(10,3,1,1,1,14)
1338:(10,3,1,1,1,15)
1339:(10,3,1,1,1,16)
1340:(10,3,1,1,1,17)
1341:(10,3,1,1,1,18)
1342:(10,3,1,1,1,19)
1343:(10,3,1,1,1,20)
1344:(10,3,1,2,0,17)
1345:(10,3,1,2,0,18)
1346:(10,3,1,2,0,19)
1347:(10,3,1,2,0,20)
1348:(10,3,1,2,1,11)
1349:(10,3,1,2,1,12)
1350:(10,3,1,2,1,13)
1351:(10,3,1,2,1,14)
1352:(10,3,1,2,1,15)
1353:(10,3,1,2,1,16)
1354:(10,3,1,2,1,17)
1355:(10,3,1,2,1,18)
1356:(10,3,1,2,1,19)
1357:(10,3,1,2,1,20)
1358:(10,3,1,3,0,20)
1359:(10,3,1,3,1,12)
1360:(10,3,1,3,1,13)
1361:(10,3,1,3,1,14)
1362:(10,3,1,3,1,15)
1363:(10,3,1,3,1,16)
1364:(10,3,1,3,1,17)
1365:(10,3,1,3,1,18)
1366:(10,3,1,3,1,19)
1367:(10,3,1,3,1,20)
1368:(11,2,1,2,1,13)
1369:(11,2,1,2,1,19)
1370:(11,2,1,2,1,20)
1371:(11,2,1,3,1,14)
1372:(11,2,1,3,1,15)
1373:(11,2,1,3,1,16)
1374:(11,2,1,3,1,17)
1375:(11,2,1,3,1,18)
1376:(11,2,1,3,1,19)
1377:(11,2,1,3,1,20)
1378:(11,3,1,2,1,14)
1379:(11,3,1,2,1,15)
1380:(11,3,1,2,1,16)
1381:(11,3,1,2,1,17)
1382:(11,3,1,2,1,18)
1383:(11,3,1,2,1,19)
1384:(11,3,1,2,1,20)
1385:(11,3,1,3,1,15)
1386:(11,3,1,3,1,16)
1387:(11,3,1,3,1,17)
1388:(11,3,1,3,1,18)
1389:(11,3,1,3,1,19)
1390:(11,3,1,3,1,20)
